#
# There is insufficient memory for the Java Runtime Environment to continue.
# Native memory allocation (malloc) failed to allocate 1292208 bytes. Error detail: Chunk::new
# Possible reasons:
#   The system is out of physical RAM or swap space
#   This process is running with CompressedOops enabled, and the Java Heap may be blocking the growth of the native heap
# Possible solutions:
#   Reduce memory load on the system
#   Increase physical memory or swap space
#   Check if swap backing store is full
#   Decrease Java heap size (-Xmx/-Xms)
#   Decrease number of Java threads
#   Decrease Java thread stack sizes (-Xss)
#   Set larger code cache with -XX:ReservedCodeCacheSize=
#   JVM is running with Unscaled Compressed Oops mode in which the Java heap is
#     placed in the first 4GB address space. The Java Heap base address is the
#     maximum limit for the native heap growth. Please use -XX:HeapBaseMinAddress
#     to set the Java Heap base and to place the Java Heap above 4GB virtual address.
# This output file may be truncated or incomplete.
#
#  Out of Memory Error (arena.cpp:168), pid=14532, tid=19468
#
# JRE version: OpenJDK Runtime Environment Temurin-21.0.8+9 (21.0.8+9) (build 21.0.8+9-LTS)
# Java VM: OpenJDK 64-Bit Server VM Temurin-21.0.8+9 (21.0.8+9-LTS, mixed mode, sharing, tiered, compressed oops, compressed class ptrs, parallel gc, windows-amd64)
# No core dump will be written. Minidumps are not enabled by default on client versions of Windows
#

---------------  S U M M A R Y ------------

Command Line: --add-modules=ALL-SYSTEM --add-opens=java.base/java.util=ALL-UNNAMED --add-opens=java.base/java.lang=ALL-UNNAMED --add-opens=java.base/sun.nio.fs=ALL-UNNAMED -Declipse.application=org.eclipse.jdt.ls.core.id1 -Dosgi.bundles.defaultStartLevel=4 -Declipse.product=org.eclipse.jdt.ls.core.product -Djava.import.generatesMetadataFilesAtProjectRoot=false -DDetectVMInstallationsJob.disabled=true -Dfile.encoding=utf8 -XX:+UseParallelGC -XX:GCTimeRatio=4 -XX:AdaptiveSizePolicyWeight=90 -Dsun.zip.disableMemoryMapping=true -Xmx2G -Xms100m -Xlog:disable -javaagent:c:\Users\santi\.vscode\extensions\redhat.java-1.47.0-win32-x64\lombok\lombok-1.18.39-4050.jar -XX:+HeapDumpOnOutOfMemoryError -XX:HeapDumpPath=c:\Users\santi\AppData\Roaming\Code\User\workspaceStorage\63a95f487896fcbc9e657696d763136c\redhat.java -Daether.dependencyCollector.impl=bf c:\Users\santi\.vscode\extensions\redhat.java-1.47.0-win32-x64\server\plugins\org.eclipse.equinox.launcher_1.7.100.v20251014-1222.jar -configuration c:\Users\santi\AppData\Roaming\Code\User\globalStorage\redhat.java\1.47.0\config_win -data c:\Users\santi\AppData\Roaming\Code\User\workspaceStorage\63a95f487896fcbc9e657696d763136c\redhat.java\jdt_ws --pipe=\\.\pipe\lsp-2b14f5af79ed3e95d2cd5d5b50d8a308-sock

Host: AMD Athlon Silver 3050U with Radeon Graphics   , 2 cores, 3G,  Windows 11 , 64 bit Build 26100 (10.0.26100.7019)
Time: Sun Nov 16 10:11:54 2025 Hora est. Pacífico, Sudamérica elapsed time: 217.113379 seconds (0d 0h 3m 37s)

---------------  T H R E A D  ---------------

Current thread (0x00000175e450cdc0):  JavaThread "C2 CompilerThread0" daemon [_thread_in_native, id=19468, stack(0x0000004e89700000,0x0000004e89800000) (1024K)]


Current CompileTask:
C2:217113 17443       4       org.eclipse.jdt.internal.compiler.lookup.Scope::findTypeInOnDemandImports (304 bytes)

Stack: [0x0000004e89700000,0x0000004e89800000]
Native frames: (J=compiled Java code, j=interpreted, Vv=VM code, C=native code)
V  [jvm.dll+0x6d2449]
V  [jvm.dll+0x8ae341]
V  [jvm.dll+0x8b08be]
V  [jvm.dll+0x8b0fa3]
V  [jvm.dll+0x280c96]
V  [jvm.dll+0xc581d]
V  [jvm.dll+0xc5d53]
V  [jvm.dll+0x3b919c]
V  [jvm.dll+0x385315]
V  [jvm.dll+0x38477a]
V  [jvm.dll+0x248ed0]
V  [jvm.dll+0x2484af]
V  [jvm.dll+0x1c89ee]
V  [jvm.dll+0x257d4d]
V  [jvm.dll+0x2562ea]
V  [jvm.dll+0x3f2d16]
V  [jvm.dll+0x857e6b]
V  [jvm.dll+0x6d0b0d]
C  [ucrtbase.dll+0x37b0]
C  [KERNEL32.DLL+0x2e8d7]
C  [ntdll.dll+0x8c53c]


---------------  P R O C E S S  ---------------

Threads class SMR info:
_java_thread_list=0x00000175f5f108c0, length=38, elements={
0x00000175cd4dcd80, 0x00000175e44e8340, 0x00000175e44eb180, 0x00000175e44edb60,
0x00000175e45023f0, 0x00000175e45009b0, 0x00000175e44ff600, 0x00000175e450cdc0,
0x00000175e4572fe0, 0x00000175e44ffc90, 0x00000175e4501d60, 0x00000175e4500320,
0x00000175e44fef70, 0x00000175e4501040, 0x00000175e9055240, 0x00000175e90579a0,
0x00000175e9054bb0, 0x00000175e90558d0, 0x00000175e90565f0, 0x00000175e90586c0,
0x00000175e9056c80, 0x00000175e9058030, 0x00000175e9058d50, 0x00000175e9055f60,
0x00000175e905a100, 0x00000175e905a790, 0x00000175e905ae20, 0x00000175e905b4b0,
0x00000175e905bb40, 0x00000175e905c1d0, 0x00000175eaf72ea0, 0x00000175eaf776d0,
0x00000175eaf78a80, 0x00000175eaf748e0, 0x00000175eaf783f0, 0x00000175eaf79110,
0x00000175eaf77040, 0x00000175f568ed20
}

Java Threads: ( => current thread )
  0x00000175cd4dcd80 JavaThread "main"                              [_thread_blocked, id=19896, stack(0x0000004e88d00000,0x0000004e88e00000) (1024K)]
  0x00000175e44e8340 JavaThread "Reference Handler"          daemon [_thread_blocked, id=20104, stack(0x0000004e89100000,0x0000004e89200000) (1024K)]
  0x00000175e44eb180 JavaThread "Finalizer"                  daemon [_thread_blocked, id=18560, stack(0x0000004e89200000,0x0000004e89300000) (1024K)]
  0x00000175e44edb60 JavaThread "Signal Dispatcher"          daemon [_thread_blocked, id=2340, stack(0x0000004e89300000,0x0000004e89400000) (1024K)]
  0x00000175e45023f0 JavaThread "Attach Listener"            daemon [_thread_blocked, id=14428, stack(0x0000004e89400000,0x0000004e89500000) (1024K)]
  0x00000175e45009b0 JavaThread "Service Thread"             daemon [_thread_blocked, id=18096, stack(0x0000004e89500000,0x0000004e89600000) (1024K)]
  0x00000175e44ff600 JavaThread "Monitor Deflation Thread"   daemon [_thread_blocked, id=16468, stack(0x0000004e89600000,0x0000004e89700000) (1024K)]
=>0x00000175e450cdc0 JavaThread "C2 CompilerThread0"         daemon [_thread_in_native, id=19468, stack(0x0000004e89700000,0x0000004e89800000) (1024K)]
  0x00000175e4572fe0 JavaThread "C1 CompilerThread0"         daemon [_thread_blocked, id=19428, stack(0x0000004e89800000,0x0000004e89900000) (1024K)]
  0x00000175e44ffc90 JavaThread "Common-Cleaner"             daemon [_thread_blocked, id=16976, stack(0x0000004e89900000,0x0000004e89a00000) (1024K)]
  0x00000175e4501d60 JavaThread "Notification Thread"        daemon [_thread_blocked, id=16660, stack(0x0000004e89a00000,0x0000004e89b00000) (1024K)]
  0x00000175e4500320 JavaThread "Active Thread: Equinox Container: b42f4141-0dd4-45c8-b2a2-6fd8e227bf9d"        [_thread_blocked, id=18768, stack(0x0000004e89c00000,0x0000004e89d00000) (1024K)]
  0x00000175e44fef70 JavaThread "Refresh Thread: Equinox Container: b42f4141-0dd4-45c8-b2a2-6fd8e227bf9d" daemon [_thread_blocked, id=19240, stack(0x0000004e89d00000,0x0000004e89e00000) (1024K)]
  0x00000175e4501040 JavaThread "Framework Event Dispatcher: Equinox Container: b42f4141-0dd4-45c8-b2a2-6fd8e227bf9d" daemon [_thread_blocked, id=12952, stack(0x0000004e89e00000,0x0000004e89f00000) (1024K)]
  0x00000175e9055240 JavaThread "Start Level: Equinox Container: b42f4141-0dd4-45c8-b2a2-6fd8e227bf9d" daemon [_thread_blocked, id=6376, stack(0x0000004e89f00000,0x0000004e8a000000) (1024K)]
  0x00000175e90579a0 JavaThread "Bundle File Closer"         daemon [_thread_blocked, id=4212, stack(0x0000004e8a000000,0x0000004e8a100000) (1024K)]
  0x00000175e9054bb0 JavaThread "SCR Component Actor"        daemon [_thread_blocked, id=9468, stack(0x0000004e8a100000,0x0000004e8a200000) (1024K)]
  0x00000175e90558d0 JavaThread "Worker-JM"                         [_thread_blocked, id=8208, stack(0x0000004e8a200000,0x0000004e8a300000) (1024K)]
  0x00000175e90565f0 JavaThread "JNA Cleaner"                daemon [_thread_blocked, id=16172, stack(0x0000004e8a400000,0x0000004e8a500000) (1024K)]
  0x00000175e90586c0 JavaThread "Worker-0"                          [_thread_blocked, id=14988, stack(0x0000004e8a500000,0x0000004e8a600000) (1024K)]
  0x00000175e9056c80 JavaThread "Worker-1: Check JDK Index"         [_thread_blocked, id=8760, stack(0x0000004e8a600000,0x0000004e8a700000) (1024K)]
  0x00000175e9058030 JavaThread "Worker-2"                          [_thread_blocked, id=17480, stack(0x0000004e8a700000,0x0000004e8a800000) (1024K)]
  0x00000175e9058d50 JavaThread "Java indexing"              daemon [_thread_in_native, id=20472, stack(0x0000004e8a800000,0x0000004e8a900000) (1024K)]
  0x00000175e9055f60 JavaThread "Worker-3"                          [_thread_blocked, id=9608, stack(0x0000004e8aa00000,0x0000004e8ab00000) (1024K)]
  0x00000175e905a100 JavaThread "Worker-4: Java indexing... "        [_thread_blocked, id=12936, stack(0x0000004e8ab00000,0x0000004e8ac00000) (1024K)]
  0x00000175e905a790 JavaThread "Thread-1"                   daemon [_thread_in_native, id=17844, stack(0x0000004e8ac00000,0x0000004e8ad00000) (1024K)]
  0x00000175e905ae20 JavaThread "Thread-2"                   daemon [_thread_in_native, id=16820, stack(0x0000004e8ad00000,0x0000004e8ae00000) (1024K)]
  0x00000175e905b4b0 JavaThread "Thread-3"                   daemon [_thread_in_native, id=12092, stack(0x0000004e8ae00000,0x0000004e8af00000) (1024K)]
  0x00000175e905bb40 JavaThread "pool-2-thread-1"                   [_thread_blocked, id=20380, stack(0x0000004e8af00000,0x0000004e8b000000) (1024K)]
  0x00000175e905c1d0 JavaThread "WorkspaceEventsHandler"            [_thread_blocked, id=17132, stack(0x0000004e8b000000,0x0000004e8b100000) (1024K)]
  0x00000175eaf72ea0 JavaThread "pool-1-thread-1"                   [_thread_blocked, id=2736, stack(0x0000004e8b100000,0x0000004e8b200000) (1024K)]
  0x00000175eaf776d0 JavaThread "Worker-5"                          [_thread_blocked, id=14772, stack(0x0000004e88b00000,0x0000004e88c00000) (1024K)]
  0x00000175eaf78a80 JavaThread "Worker-6"                          [_thread_blocked, id=2572, stack(0x0000004e88c00000,0x0000004e88d00000) (1024K)]
  0x00000175eaf748e0 JavaThread "LocalFile Deleter"          daemon [_thread_blocked, id=13144, stack(0x0000004e8b200000,0x0000004e8b300000) (1024K)]
  0x00000175eaf783f0 JavaThread "LocalFile Deleter"          daemon [_thread_blocked, id=15888, stack(0x0000004e8b300000,0x0000004e8b400000) (1024K)]
  0x00000175eaf79110 JavaThread "Compiler Processing Task"   daemon [_thread_blocked, id=6768, stack(0x0000004e8a300000,0x0000004e8a400000) (1024K)]
  0x00000175eaf77040 JavaThread "Compiler Class File Writer" daemon [_thread_blocked, id=7780, stack(0x0000004e8b400000,0x0000004e8b500000) (1024K)]
  0x00000175f568ed20 JavaThread "ForkJoinPool.commonPool-worker-2" daemon [_thread_blocked, id=15400, stack(0x0000004e8a900000,0x0000004e8aa00000) (1024K)]
Total: 38

Other Threads:
  0x00000175cd59da80 VMThread "VM Thread"                           [id=11376, stack(0x0000004e89000000,0x0000004e89100000) (1024K)]
  0x00000175e44cca00 WatcherThread "VM Periodic Task Thread"        [id=13212, stack(0x0000004e88f00000,0x0000004e89000000) (1024K)]
  0x00000175cd4fb0b0 WorkerThread "GC Thread#0"                     [id=19956, stack(0x0000004e88e00000,0x0000004e88f00000) (1024K)]
  0x00000175e975d4d0 WorkerThread "GC Thread#1"                     [id=6232, stack(0x0000004e89b00000,0x0000004e89c00000) (1024K)]
Total: 4

Threads with active compile tasks:
C2 CompilerThread0  217176 17443       4       org.eclipse.jdt.internal.compiler.lookup.Scope::findTypeInOnDemandImports (304 bytes)
Total: 1

VM state: not at safepoint (normal execution)

VM Mutex/Monitor currently owned by a thread: None

Heap address: 0x0000000080000000, size: 2048 MB, Compressed Oops mode: 32-bit

CDS archive(s) mapped at: [0x0000017580000000-0x0000017580ba0000-0x0000017580ba0000), size 12189696, SharedBaseAddress: 0x0000017580000000, ArchiveRelocationMode: 1.
Compressed class space mapped at: 0x0000017581000000-0x00000175c1000000, reserved size: 1073741824
Narrow klass base: 0x0000017580000000, Narrow klass shift: 0, Narrow klass range: 0x100000000

GC Precious Log:
 CardTable entry size: 512
 CPUs: 2 total, 2 available
 Memory: 3526M
 Large Page Support: Disabled
 NUMA Support: Disabled
 Compressed Oops: Enabled (32-bit)
 Alignments: Space 512K, Generation 512K, Heap 2M
 Heap Min Capacity: 100M
 Heap Initial Capacity: 100M
 Heap Max Capacity: 2G
 Pre-touch: Disabled
 Parallel Workers: 2

Heap:
 PSYoungGen      total 2560K, used 1886K [0x00000000d5580000, 0x00000000d5a00000, 0x0000000100000000)
  eden space 1536K, 87% used [0x00000000d5580000,0x00000000d56cf958,0x00000000d5700000)
  from space 1024K, 53% used [0x00000000d5700000,0x00000000d5788000,0x00000000d5800000)
  to   space 1024K, 0% used [0x00000000d5900000,0x00000000d5900000,0x00000000d5a00000)
 ParOldGen       total 615424K, used 614961K [0x0000000080000000, 0x00000000a5900000, 0x00000000d5580000)
  object space 615424K, 99% used [0x0000000080000000,0x00000000a588c560,0x00000000a5900000)
 Metaspace       used 70515K, committed 72192K, reserved 1114112K
  class space    used 7065K, committed 7872K, reserved 1048576K

Card table byte_map: [0x00000175df930000,0x00000175dfd40000] _byte_map_base: 0x00000175df530000

Marking Bits: (ParMarkBitMap*) 0x00007ffdadcba340
 Begin Bits: [0x00000175dfff0000, 0x00000175e1ff0000)
 End Bits:   [0x00000175e1ff0000, 0x00000175e3ff0000)

Polling page: 0x00000175cbce0000

Metaspace:

Usage:
  Non-class:     61.96 MB used.
      Class:      6.90 MB used.
       Both:     68.86 MB used.

Virtual space:
  Non-class space:       64.00 MB reserved,      62.81 MB ( 98%) committed,  1 nodes.
      Class space:        1.00 GB reserved,       7.69 MB ( <1%) committed,  1 nodes.
             Both:        1.06 GB reserved,      70.50 MB (  6%) committed. 

Chunk freelists:
   Non-Class:  1.13 MB
       Class:  8.34 MB
        Both:  9.47 MB

MaxMetaspaceSize: unlimited
CompressedClassSpaceSize: 1.00 GB
Initial GC threshold: 21.00 MB
Current GC threshold: 97.31 MB
CDS: on
 - commit_granule_bytes: 65536.
 - commit_granule_words: 8192.
 - virtual_space_node_default_size: 8388608.
 - enlarge_chunks_in_place: 1.
 - use_allocation_guard: 0.


Internal statistics:

num_allocs_failed_limit: 9.
num_arena_births: 1410.
num_arena_deaths: 14.
num_vsnodes_births: 2.
num_vsnodes_deaths: 0.
num_space_committed: 1128.
num_space_uncommitted: 0.
num_chunks_returned_to_freelist: 23.
num_chunks_taken_from_freelist: 4781.
num_chunk_merges: 15.
num_chunk_splits: 2964.
num_chunks_enlarged: 1719.
num_inconsistent_stats: 0.

CodeHeap 'non-profiled nmethods': size=120064Kb used=16404Kb max_used=16404Kb free=103659Kb
 bounds [0x00000175d8210000, 0x00000175d9220000, 0x00000175df750000]
CodeHeap 'profiled nmethods': size=120000Kb used=43555Kb max_used=43555Kb free=76444Kb
 bounds [0x00000175d0750000, 0x00000175d31e0000, 0x00000175d7c80000]
CodeHeap 'non-nmethods': size=5696Kb used=1432Kb max_used=1499Kb free=4263Kb
 bounds [0x00000175d7c80000, 0x00000175d7ef0000, 0x00000175d8210000]
CodeCache: size=245760Kb, used=61391Kb, max_used=61458Kb, free=184366Kb
 total_blobs=17396, nmethods=16654, adapters=645, full_count=0
Compilation: enabled, stopped_count=0, restarted_count=0

Compilation events (20 events):
Event: 216.901 Thread 0x00000175e4572fe0 17444       3       org.eclipse.jdt.internal.compiler.problem.ProblemReporter::handle (41 bytes)
Event: 216.902 Thread 0x00000175e4572fe0 nmethod 17444 0x00000175d31d3910 code [0x00000175d31d3ae0, 0x00000175d31d3e40]
Event: 216.903 Thread 0x00000175e4572fe0 17445       3       org.eclipse.jdt.internal.compiler.ast.AllocationExpression::isPolyExpression (9 bytes)
Event: 216.903 Thread 0x00000175e4572fe0 nmethod 17445 0x00000175d31d3f90 code [0x00000175d31d4140, 0x00000175d31d4308]
Event: 216.910 Thread 0x00000175e4572fe0 17446       3       org.eclipse.jdt.core.compiler.CharOperation::concat (87 bytes)
Event: 216.910 Thread 0x00000175e4572fe0 nmethod 17446 0x00000175d31d4410 code [0x00000175d31d4620, 0x00000175d31d4b40]
Event: 216.912 Thread 0x00000175e4572fe0 17447       1       org.eclipse.jdt.internal.compiler.ast.AllocationExpression::getExpressionContext (5 bytes)
Event: 216.912 Thread 0x00000175e4572fe0 nmethod 17447 0x00000175d9214c90 code [0x00000175d9214e20, 0x00000175d9214ee8]
Event: 216.928 Thread 0x00000175e4572fe0 17449       3       org.eclipse.jdt.internal.core.search.indexing.IndexingParser::newImportReference (74 bytes)
Event: 216.928 Thread 0x00000175e4572fe0 nmethod 17449 0x00000175d31d4d90 code [0x00000175d31d4f40, 0x00000175d31d5130]
Event: 216.929 Thread 0x00000175e4572fe0 17450   !   3       org.eclipse.jdt.internal.compiler.SourceElementNotifier::visitIfNeeded (64 bytes)
Event: 216.930 Thread 0x00000175e4572fe0 nmethod 17450 0x00000175d31d5290 code [0x00000175d31d5500, 0x00000175d31d6248]
Event: 216.931 Thread 0x00000175e4572fe0 17451       1       org.eclipse.jdt.internal.compiler.ASTVisitor::visit (2 bytes)
Event: 216.931 Thread 0x00000175e4572fe0 nmethod 17451 0x00000175d9214f90 code [0x00000175d9215120, 0x00000175d92151e8]
Event: 216.969 Thread 0x00000175e4572fe0 17452       3       java.nio.charset.Charset::lookup2 (78 bytes)
Event: 216.970 Thread 0x00000175e4572fe0 nmethod 17452 0x00000175d31d6890 code [0x00000175d31d6ae0, 0x00000175d31d7510]
Event: 216.980 Thread 0x00000175e4572fe0 17454   !   3       org.eclipse.lsp4j.jsonrpc.RemoteEndpoint::notify (54 bytes)
Event: 216.981 Thread 0x00000175e4572fe0 nmethod 17454 0x00000175d31d7810 code [0x00000175d31d7a40, 0x00000175d31d8328]
Event: 216.981 Thread 0x00000175e4572fe0 17455       3       org.eclipse.lsp4j.jsonrpc.RemoteEndpoint::createNotificationMessage (34 bytes)
Event: 216.982 Thread 0x00000175e4572fe0 nmethod 17455 0x00000175d31d8610 code [0x00000175d31d87e0, 0x00000175d31d8c80]

GC Heap History (20 events):
Event: 215.862 GC heap before
{Heap before GC invocations=1401 (full 3):
 PSYoungGen      total 4608K, used 4176K [0x00000000d5580000, 0x00000000d5b00000, 0x0000000100000000)
  eden space 3584K, 100% used [0x00000000d5580000,0x00000000d5900000,0x00000000d5900000)
  from space 1024K, 57% used [0x00000000d5900000,0x00000000d5994010,0x00000000d5a00000)
  to   space 1024K, 0% used [0x00000000d5a00000,0x00000000d5a00000,0x00000000d5b00000)
 ParOldGen       total 608768K, used 608632K [0x0000000080000000, 0x00000000a5280000, 0x00000000d5580000)
  object space 608768K, 99% used [0x0000000080000000,0x00000000a525e268,0x00000000a5280000)
 Metaspace       used 70502K, committed 72192K, reserved 1114112K
  class space    used 7065K, committed 7872K, reserved 1048576K
}
Event: 215.867 GC heap after
{Heap after GC invocations=1401 (full 3):
 PSYoungGen      total 4096K, used 1008K [0x00000000d5580000, 0x00000000d5c00000, 0x0000000100000000)
  eden space 3072K, 0% used [0x00000000d5580000,0x00000000d5580000,0x00000000d5880000)
  from space 1024K, 98% used [0x00000000d5a00000,0x00000000d5afc010,0x00000000d5b00000)
  to   space 1536K, 0% used [0x00000000d5880000,0x00000000d5880000,0x00000000d5a00000)
 ParOldGen       total 609280K, used 609176K [0x0000000080000000, 0x00000000a5300000, 0x00000000d5580000)
  object space 609280K, 99% used [0x0000000080000000,0x00000000a52e6288,0x00000000a5300000)
 Metaspace       used 70502K, committed 72192K, reserved 1114112K
  class space    used 7065K, committed 7872K, reserved 1048576K
}
Event: 215.896 GC heap before
{Heap before GC invocations=1402 (full 3):
 PSYoungGen      total 4096K, used 4080K [0x00000000d5580000, 0x00000000d5c00000, 0x0000000100000000)
  eden space 3072K, 100% used [0x00000000d5580000,0x00000000d5880000,0x00000000d5880000)
  from space 1024K, 98% used [0x00000000d5a00000,0x00000000d5afc010,0x00000000d5b00000)
  to   space 1536K, 0% used [0x00000000d5880000,0x00000000d5880000,0x00000000d5a00000)
 ParOldGen       total 609280K, used 609176K [0x0000000080000000, 0x00000000a5300000, 0x00000000d5580000)
  object space 609280K, 99% used [0x0000000080000000,0x00000000a52e6288,0x00000000a5300000)
 Metaspace       used 70503K, committed 72192K, reserved 1114112K
  class space    used 7065K, committed 7872K, reserved 1048576K
}
Event: 215.901 GC heap after
{Heap after GC invocations=1402 (full 3):
 PSYoungGen      total 4608K, used 1376K [0x00000000d5580000, 0x00000000d5b80000, 0x0000000100000000)
  eden space 3072K, 0% used [0x00000000d5580000,0x00000000d5580000,0x00000000d5880000)
  from space 1536K, 89% used [0x00000000d5880000,0x00000000d59d8010,0x00000000d5a00000)
  to   space 1536K, 0% used [0x00000000d5a00000,0x00000000d5a00000,0x00000000d5b80000)
 ParOldGen       total 610304K, used 610141K [0x0000000080000000, 0x00000000a5400000, 0x00000000d5580000)
  object space 610304K, 99% used [0x0000000080000000,0x00000000a53d75d8,0x00000000a5400000)
 Metaspace       used 70503K, committed 72192K, reserved 1114112K
  class space    used 7065K, committed 7872K, reserved 1048576K
}
Event: 216.139 GC heap before
{Heap before GC invocations=1403 (full 3):
 PSYoungGen      total 4608K, used 4448K [0x00000000d5580000, 0x00000000d5b80000, 0x0000000100000000)
  eden space 3072K, 100% used [0x00000000d5580000,0x00000000d5880000,0x00000000d5880000)
  from space 1536K, 89% used [0x00000000d5880000,0x00000000d59d8010,0x00000000d5a00000)
  to   space 1536K, 0% used [0x00000000d5a00000,0x00000000d5a00000,0x00000000d5b80000)
 ParOldGen       total 610304K, used 610141K [0x0000000080000000, 0x00000000a5400000, 0x00000000d5580000)
  object space 610304K, 99% used [0x0000000080000000,0x00000000a53d75d8,0x00000000a5400000)
 Metaspace       used 70503K, committed 72192K, reserved 1114112K
  class space    used 7065K, committed 7872K, reserved 1048576K
}
Event: 216.143 GC heap after
{Heap after GC invocations=1403 (full 3):
 PSYoungGen      total 3584K, used 288K [0x00000000d5580000, 0x00000000d5a80000, 0x0000000100000000)
  eden space 3072K, 0% used [0x00000000d5580000,0x00000000d5580000,0x00000000d5880000)
  from space 512K, 56% used [0x00000000d5a00000,0x00000000d5a48000,0x00000000d5a80000)
  to   space 1024K, 0% used [0x00000000d5880000,0x00000000d5880000,0x00000000d5980000)
 ParOldGen       total 611840K, used 611501K [0x0000000080000000, 0x00000000a5580000, 0x00000000d5580000)
  object space 611840K, 99% used [0x0000000080000000,0x00000000a552b5e8,0x00000000a5580000)
 Metaspace       used 70503K, committed 72192K, reserved 1114112K
  class space    used 7065K, committed 7872K, reserved 1048576K
}
Event: 216.545 GC heap before
{Heap before GC invocations=1404 (full 3):
 PSYoungGen      total 3584K, used 3360K [0x00000000d5580000, 0x00000000d5a80000, 0x0000000100000000)
  eden space 3072K, 100% used [0x00000000d5580000,0x00000000d5880000,0x00000000d5880000)
  from space 512K, 56% used [0x00000000d5a00000,0x00000000d5a48000,0x00000000d5a80000)
  to   space 1024K, 0% used [0x00000000d5880000,0x00000000d5880000,0x00000000d5980000)
 ParOldGen       total 611840K, used 611501K [0x0000000080000000, 0x00000000a5580000, 0x00000000d5580000)
  object space 611840K, 99% used [0x0000000080000000,0x00000000a552b5e8,0x00000000a5580000)
 Metaspace       used 70505K, committed 72192K, reserved 1114112K
  class space    used 7065K, committed 7872K, reserved 1048576K
}
Event: 216.547 GC heap after
{Heap after GC invocations=1404 (full 3):
 PSYoungGen      total 4096K, used 224K [0x00000000d5580000, 0x00000000d5a80000, 0x0000000100000000)
  eden space 3072K, 0% used [0x00000000d5580000,0x00000000d5580000,0x00000000d5880000)
  from space 1024K, 21% used [0x00000000d5880000,0x00000000d58b8000,0x00000000d5980000)
  to   space 512K, 0% used [0x00000000d5a00000,0x00000000d5a00000,0x00000000d5a80000)
 ParOldGen       total 611840K, used 611773K [0x0000000080000000, 0x00000000a5580000, 0x00000000d5580000)
  object space 611840K, 99% used [0x0000000080000000,0x00000000a556f608,0x00000000a5580000)
 Metaspace       used 70505K, committed 72192K, reserved 1114112K
  class space    used 7065K, committed 7872K, reserved 1048576K
}
Event: 216.679 GC heap before
{Heap before GC invocations=1405 (full 3):
 PSYoungGen      total 4096K, used 3296K [0x00000000d5580000, 0x00000000d5a80000, 0x0000000100000000)
  eden space 3072K, 100% used [0x00000000d5580000,0x00000000d5880000,0x00000000d5880000)
  from space 1024K, 21% used [0x00000000d5880000,0x00000000d58b8000,0x00000000d5980000)
  to   space 512K, 0% used [0x00000000d5a00000,0x00000000d5a00000,0x00000000d5a80000)
 ParOldGen       total 611840K, used 611773K [0x0000000080000000, 0x00000000a5580000, 0x00000000d5580000)
  object space 611840K, 99% used [0x0000000080000000,0x00000000a556f608,0x00000000a5580000)
 Metaspace       used 70505K, committed 72192K, reserved 1114112K
  class space    used 7065K, committed 7872K, reserved 1048576K
}
Event: 216.682 GC heap after
{Heap after GC invocations=1405 (full 3):
 PSYoungGen      total 3584K, used 288K [0x00000000d5580000, 0x00000000d5a80000, 0x0000000100000000)
  eden space 3072K, 0% used [0x00000000d5580000,0x00000000d5580000,0x00000000d5880000)
  from space 512K, 56% used [0x00000000d5a00000,0x00000000d5a48000,0x00000000d5a80000)
  to   space 512K, 0% used [0x00000000d5980000,0x00000000d5980000,0x00000000d5a00000)
 ParOldGen       total 612352K, used 611989K [0x0000000080000000, 0x00000000a5600000, 0x00000000d5580000)
  object space 612352K, 99% used [0x0000000080000000,0x00000000a55a5648,0x00000000a5600000)
 Metaspace       used 70505K, committed 72192K, reserved 1114112K
  class space    used 7065K, committed 7872K, reserved 1048576K
}
Event: 216.818 GC heap before
{Heap before GC invocations=1406 (full 3):
 PSYoungGen      total 3584K, used 3360K [0x00000000d5580000, 0x00000000d5a80000, 0x0000000100000000)
  eden space 3072K, 100% used [0x00000000d5580000,0x00000000d5880000,0x00000000d5880000)
  from space 512K, 56% used [0x00000000d5a00000,0x00000000d5a48000,0x00000000d5a80000)
  to   space 512K, 0% used [0x00000000d5980000,0x00000000d5980000,0x00000000d5a00000)
 ParOldGen       total 612352K, used 611989K [0x0000000080000000, 0x00000000a5600000, 0x00000000d5580000)
  object space 612352K, 99% used [0x0000000080000000,0x00000000a55a5648,0x00000000a5600000)
 Metaspace       used 70507K, committed 72192K, reserved 1114112K
  class space    used 7065K, committed 7872K, reserved 1048576K
}
Event: 216.822 GC heap after
{Heap after GC invocations=1406 (full 3):
 PSYoungGen      total 3584K, used 304K [0x00000000d5580000, 0x00000000d5a80000, 0x0000000100000000)
  eden space 3072K, 0% used [0x00000000d5580000,0x00000000d5580000,0x00000000d5880000)
  from space 512K, 59% used [0x00000000d5980000,0x00000000d59cc010,0x00000000d5a00000)
  to   space 512K, 0% used [0x00000000d5a00000,0x00000000d5a00000,0x00000000d5a80000)
 ParOldGen       total 612352K, used 612237K [0x0000000080000000, 0x00000000a5600000, 0x00000000d5580000)
  object space 612352K, 99% used [0x0000000080000000,0x00000000a55e3688,0x00000000a5600000)
 Metaspace       used 70507K, committed 72192K, reserved 1114112K
  class space    used 7065K, committed 7872K, reserved 1048576K
}
Event: 216.892 GC heap before
{Heap before GC invocations=1407 (full 3):
 PSYoungGen      total 3584K, used 3376K [0x00000000d5580000, 0x00000000d5a80000, 0x0000000100000000)
  eden space 3072K, 100% used [0x00000000d5580000,0x00000000d5880000,0x00000000d5880000)
  from space 512K, 59% used [0x00000000d5980000,0x00000000d59cc010,0x00000000d5a00000)
  to   space 512K, 0% used [0x00000000d5a00000,0x00000000d5a00000,0x00000000d5a80000)
 ParOldGen       total 612352K, used 612237K [0x0000000080000000, 0x00000000a5600000, 0x00000000d5580000)
  object space 612352K, 99% used [0x0000000080000000,0x00000000a55e3688,0x00000000a5600000)
 Metaspace       used 70507K, committed 72192K, reserved 1114112K
  class space    used 7065K, committed 7872K, reserved 1048576K
}
Event: 216.895 GC heap after
{Heap after GC invocations=1407 (full 3):
 PSYoungGen      total 3584K, used 512K [0x00000000d5580000, 0x00000000d5a80000, 0x0000000100000000)
  eden space 3072K, 0% used [0x00000000d5580000,0x00000000d5580000,0x00000000d5880000)
  from space 512K, 100% used [0x00000000d5a00000,0x00000000d5a80000,0x00000000d5a80000)
  to   space 1024K, 0% used [0x00000000d5880000,0x00000000d5880000,0x00000000d5980000)
 ParOldGen       total 612864K, used 612565K [0x0000000080000000, 0x00000000a5680000, 0x00000000d5580000)
  object space 612864K, 99% used [0x0000000080000000,0x00000000a56356c8,0x00000000a5680000)
 Metaspace       used 70507K, committed 72192K, reserved 1114112K
  class space    used 7065K, committed 7872K, reserved 1048576K
}
Event: 216.936 GC heap before
{Heap before GC invocations=1408 (full 3):
 PSYoungGen      total 3584K, used 3584K [0x00000000d5580000, 0x00000000d5a80000, 0x0000000100000000)
  eden space 3072K, 100% used [0x00000000d5580000,0x00000000d5880000,0x00000000d5880000)
  from space 512K, 100% used [0x00000000d5a00000,0x00000000d5a80000,0x00000000d5a80000)
  to   space 1024K, 0% used [0x00000000d5880000,0x00000000d5880000,0x00000000d5980000)
 ParOldGen       total 612864K, used 612565K [0x0000000080000000, 0x00000000a5680000, 0x00000000d5580000)
  object space 612864K, 99% used [0x0000000080000000,0x00000000a56356c8,0x00000000a5680000)
 Metaspace       used 70510K, committed 72192K, reserved 1114112K
  class space    used 7065K, committed 7872K, reserved 1048576K
}
Event: 216.940 GC heap after
{Heap after GC invocations=1408 (full 3):
 PSYoungGen      total 4096K, used 672K [0x00000000d5580000, 0x00000000d5a80000, 0x0000000100000000)
  eden space 3072K, 0% used [0x00000000d5580000,0x00000000d5580000,0x00000000d5880000)
  from space 1024K, 65% used [0x00000000d5880000,0x00000000d5928000,0x00000000d5980000)
  to   space 1024K, 0% used [0x00000000d5980000,0x00000000d5980000,0x00000000d5a80000)
 ParOldGen       total 613376K, used 613085K [0x0000000080000000, 0x00000000a5700000, 0x00000000d5580000)
  object space 613376K, 99% used [0x0000000080000000,0x00000000a56b76d8,0x00000000a5700000)
 Metaspace       used 70510K, committed 72192K, reserved 1114112K
  class space    used 7065K, committed 7872K, reserved 1048576K
}
Event: 216.956 GC heap before
{Heap before GC invocations=1409 (full 3):
 PSYoungGen      total 4096K, used 3744K [0x00000000d5580000, 0x00000000d5a80000, 0x0000000100000000)
  eden space 3072K, 100% used [0x00000000d5580000,0x00000000d5880000,0x00000000d5880000)
  from space 1024K, 65% used [0x00000000d5880000,0x00000000d5928000,0x00000000d5980000)
  to   space 1024K, 0% used [0x00000000d5980000,0x00000000d5980000,0x00000000d5a80000)
 ParOldGen       total 613376K, used 613085K [0x0000000080000000, 0x00000000a5700000, 0x00000000d5580000)
  object space 613376K, 99% used [0x0000000080000000,0x00000000a56b76d8,0x00000000a5700000)
 Metaspace       used 70510K, committed 72192K, reserved 1114112K
  class space    used 7065K, committed 7872K, reserved 1048576K
}
Event: 216.960 GC heap after
{Heap after GC invocations=1409 (full 3):
 PSYoungGen      total 2560K, used 992K [0x00000000d5580000, 0x00000000d5d80000, 0x0000000100000000)
  eden space 1536K, 0% used [0x00000000d5580000,0x00000000d5580000,0x00000000d5700000)
  from space 1024K, 96% used [0x00000000d5980000,0x00000000d5a78010,0x00000000d5a80000)
  to   space 2560K, 0% used [0x00000000d5700000,0x00000000d5700000,0x00000000d5980000)
 ParOldGen       total 614400K, used 613961K [0x0000000080000000, 0x00000000a5800000, 0x00000000d5580000)
  object space 614400K, 99% used [0x0000000080000000,0x00000000a5792550,0x00000000a5800000)
 Metaspace       used 70510K, committed 72192K, reserved 1114112K
  class space    used 7065K, committed 7872K, reserved 1048576K
}
Event: 217.065 GC heap before
{Heap before GC invocations=1410 (full 3):
 PSYoungGen      total 2560K, used 2528K [0x00000000d5580000, 0x00000000d5d80000, 0x0000000100000000)
  eden space 1536K, 100% used [0x00000000d5580000,0x00000000d5700000,0x00000000d5700000)
  from space 1024K, 96% used [0x00000000d5980000,0x00000000d5a78010,0x00000000d5a80000)
  to   space 2560K, 0% used [0x00000000d5700000,0x00000000d5700000,0x00000000d5980000)
 ParOldGen       total 614400K, used 613961K [0x0000000080000000, 0x00000000a5800000, 0x00000000d5580000)
  object space 614400K, 99% used [0x0000000080000000,0x00000000a5792550,0x00000000a5800000)
 Metaspace       used 70515K, committed 72192K, reserved 1114112K
  class space    used 7065K, committed 7872K, reserved 1048576K
}
Event: 217.106 GC heap after
{Heap after GC invocations=1410 (full 3):
 PSYoungGen      total 2560K, used 544K [0x00000000d5580000, 0x00000000d5a00000, 0x0000000100000000)
  eden space 1536K, 0% used [0x00000000d5580000,0x00000000d5580000,0x00000000d5700000)
  from space 1024K, 53% used [0x00000000d5700000,0x00000000d5788000,0x00000000d5800000)
  to   space 1024K, 0% used [0x00000000d5900000,0x00000000d5900000,0x00000000d5a00000)
 ParOldGen       total 615424K, used 614961K [0x0000000080000000, 0x00000000a5900000, 0x00000000d5580000)
  object space 615424K, 99% used [0x0000000080000000,0x00000000a588c560,0x00000000a5900000)
 Metaspace       used 70515K, committed 72192K, reserved 1114112K
  class space    used 7065K, committed 7872K, reserved 1048576K
}

Dll operation events (10 events):
Event: 0.089 Loaded shared library c:\Users\santi\.vscode\extensions\redhat.java-1.47.0-win32-x64\jre\21.0.8-win32-x86_64\bin\java.dll
Event: 1.506 Loaded shared library c:\Users\santi\.vscode\extensions\redhat.java-1.47.0-win32-x64\jre\21.0.8-win32-x86_64\bin\zip.dll
Event: 1.669 Loaded shared library C:\Users\santi\.vscode\extensions\redhat.java-1.47.0-win32-x64\jre\21.0.8-win32-x86_64\bin\instrument.dll
Event: 2.079 Loaded shared library C:\Users\santi\.vscode\extensions\redhat.java-1.47.0-win32-x64\jre\21.0.8-win32-x86_64\bin\net.dll
Event: 2.084 Loaded shared library C:\Users\santi\.vscode\extensions\redhat.java-1.47.0-win32-x64\jre\21.0.8-win32-x86_64\bin\nio.dll
Event: 2.090 Loaded shared library C:\Users\santi\.vscode\extensions\redhat.java-1.47.0-win32-x64\jre\21.0.8-win32-x86_64\bin\zip.dll
Event: 3.161 Loaded shared library C:\Users\santi\.vscode\extensions\redhat.java-1.47.0-win32-x64\jre\21.0.8-win32-x86_64\bin\jimage.dll
Event: 6.043 Loaded shared library c:\Users\santi\.vscode\extensions\redhat.java-1.47.0-win32-x64\jre\21.0.8-win32-x86_64\bin\verify.dll
Event: 23.474 Loaded shared library C:\Users\santi\AppData\Roaming\Code\User\globalStorage\redhat.java\1.47.0\config_win\org.eclipse.equinox.launcher\org.eclipse.equinox.launcher.win32.win32.x86_64_1.2.1400.v20250801-0854\eclipse_11916.dll
Event: 37.143 Loaded shared library C:\Users\santi\AppData\Local\Temp\jna-109204053\jna7573730687639959728.dll

Deoptimization events (20 events):
Event: 212.756 Thread 0x00000175e9058d50 Uncommon trap: trap_request=0xffffffd6 fr.pc=0x00000175d91a7188 relative=0x0000000000001b68
Event: 212.756 Thread 0x00000175e9058d50 Uncommon trap: reason=array_check action=maybe_recompile pc=0x00000175d91a7188 method=org.eclipse.jdt.internal.compiler.lookup.UnresolvedReferenceBinding.addWrapper(Lorg/eclipse/jdt/internal/compiler/lookup/HotSwappable;Lorg/eclipse/jdt/internal/compiler/
Event: 212.756 Thread 0x00000175e9058d50 DEOPT PACKING pc=0x00000175d91a7188 sp=0x0000004e8a8fdd90
Event: 212.757 Thread 0x00000175e9058d50 DEOPT UNPACKING pc=0x00000175d7cd3aa2 sp=0x0000004e8a8fdbf0 mode 2
Event: 213.066 Thread 0x00000175e9058d50 Uncommon trap: trap_request=0xffffffd6 fr.pc=0x00000175d91a7188 relative=0x0000000000001b68
Event: 213.066 Thread 0x00000175e9058d50 Uncommon trap: reason=array_check action=maybe_recompile pc=0x00000175d91a7188 method=org.eclipse.jdt.internal.compiler.lookup.UnresolvedReferenceBinding.addWrapper(Lorg/eclipse/jdt/internal/compiler/lookup/HotSwappable;Lorg/eclipse/jdt/internal/compiler/
Event: 213.066 Thread 0x00000175e9058d50 DEOPT PACKING pc=0x00000175d91a7188 sp=0x0000004e8a8fd3e0
Event: 213.066 Thread 0x00000175e9058d50 DEOPT UNPACKING pc=0x00000175d7cd3aa2 sp=0x0000004e8a8fd240 mode 2
Event: 213.066 Thread 0x00000175e9058d50 Uncommon trap: trap_request=0xffffffd6 fr.pc=0x00000175d91a7188 relative=0x0000000000001b68
Event: 213.066 Thread 0x00000175e9058d50 Uncommon trap: reason=array_check action=maybe_recompile pc=0x00000175d91a7188 method=org.eclipse.jdt.internal.compiler.lookup.UnresolvedReferenceBinding.addWrapper(Lorg/eclipse/jdt/internal/compiler/lookup/HotSwappable;Lorg/eclipse/jdt/internal/compiler/
Event: 213.066 Thread 0x00000175e9058d50 DEOPT PACKING pc=0x00000175d91a7188 sp=0x0000004e8a8fd3e0
Event: 213.066 Thread 0x00000175e9058d50 DEOPT UNPACKING pc=0x00000175d7cd3aa2 sp=0x0000004e8a8fd240 mode 2
Event: 213.073 Thread 0x00000175e9058d50 Uncommon trap: trap_request=0xffffffd6 fr.pc=0x00000175d91a7188 relative=0x0000000000001b68
Event: 213.073 Thread 0x00000175e9058d50 Uncommon trap: reason=array_check action=maybe_recompile pc=0x00000175d91a7188 method=org.eclipse.jdt.internal.compiler.lookup.UnresolvedReferenceBinding.addWrapper(Lorg/eclipse/jdt/internal/compiler/lookup/HotSwappable;Lorg/eclipse/jdt/internal/compiler/
Event: 213.074 Thread 0x00000175e9058d50 DEOPT PACKING pc=0x00000175d91a7188 sp=0x0000004e8a8fdfe0
Event: 213.074 Thread 0x00000175e9058d50 DEOPT UNPACKING pc=0x00000175d7cd3aa2 sp=0x0000004e8a8fde40 mode 2
Event: 215.844 Thread 0x00000175e9058d50 DEOPT PACKING pc=0x00000175d30e1eda sp=0x0000004e8a8feb40
Event: 215.844 Thread 0x00000175e9058d50 DEOPT UNPACKING pc=0x00000175d7cd4242 sp=0x0000004e8a8fe058 mode 0
Event: 216.629 Thread 0x00000175e9058d50 DEOPT PACKING pc=0x00000175d30497d3 sp=0x0000004e8a8fe6b0
Event: 216.629 Thread 0x00000175e9058d50 DEOPT UNPACKING pc=0x00000175d7cd4242 sp=0x0000004e8a8fdc18 mode 0

Classes loaded (20 events):
Event: 153.298 Loading class java/util/stream/ReduceOps$1
Event: 153.305 Loading class java/util/stream/ReduceOps$1 done
Event: 153.306 Loading class java/util/stream/ReduceOps$1ReducingSink
Event: 153.306 Loading class java/util/stream/ReduceOps$1ReducingSink done
Event: 155.109 Loading class java/io/SequenceInputStream
Event: 155.109 Loading class java/io/SequenceInputStream done
Event: 155.162 Loading class org/xml/sax/SAXNotRecognizedException
Event: 155.162 Loading class org/xml/sax/SAXNotRecognizedException done
Event: 155.162 Loading class org/xml/sax/SAXNotSupportedException
Event: 155.163 Loading class org/xml/sax/SAXNotSupportedException done
Event: 155.172 Loading class com/sun/org/apache/xerces/internal/util/URI
Event: 155.173 Loading class com/sun/org/apache/xerces/internal/util/URI done
Event: 155.176 Loading class com/sun/org/apache/xerces/internal/xni/XNIException
Event: 155.176 Loading class com/sun/org/apache/xerces/internal/xni/XNIException done
Event: 155.704 Loading class com/sun/org/apache/xerces/internal/xni/parser/XMLParseException
Event: 155.724 Loading class com/sun/org/apache/xerces/internal/xni/parser/XMLParseException done
Event: 192.673 Loading class jdk/internal/module/IllegalAccessLogger
Event: 192.676 Loading class jdk/internal/module/IllegalAccessLogger done
Event: 199.178 Loading class jdk/internal/module/IllegalAccessLogger
Event: 199.178 Loading class jdk/internal/module/IllegalAccessLogger done

Classes unloaded (7 events):
Event: 40.368 Thread 0x00000175cd59da80 Unloading class 0x00000175811aec00 'java/lang/invoke/LambdaForm$MH+0x00000175811aec00'
Event: 40.368 Thread 0x00000175cd59da80 Unloading class 0x00000175811ae800 'java/lang/invoke/LambdaForm$MH+0x00000175811ae800'
Event: 40.368 Thread 0x00000175cd59da80 Unloading class 0x00000175811ae400 'java/lang/invoke/LambdaForm$MH+0x00000175811ae400'
Event: 40.368 Thread 0x00000175cd59da80 Unloading class 0x00000175811ae000 'java/lang/invoke/LambdaForm$MH+0x00000175811ae000'
Event: 40.368 Thread 0x00000175cd59da80 Unloading class 0x00000175811adc00 'java/lang/invoke/LambdaForm$BMH+0x00000175811adc00'
Event: 40.368 Thread 0x00000175cd59da80 Unloading class 0x00000175811ad800 'java/lang/invoke/LambdaForm$DMH+0x00000175811ad800'
Event: 40.368 Thread 0x00000175cd59da80 Unloading class 0x00000175811ac400 'java/lang/invoke/LambdaForm$DMH+0x00000175811ac400'

Classes redefined (0 events):
No events

Internal exceptions (20 events):
Event: 216.929 Thread 0x00000175e9058d50 Implicit null exception at 0x00000175d2d6469b to 0x00000175d2d64c55
Event: 216.929 Thread 0x00000175e9058d50 Exception <a 'java/lang/NullPointerException'{0x00000000d571df68}> (0x00000000d571df68) 
thrown [s\src\hotspot\share\runtime\sharedRuntime.cpp, line 625]
Event: 216.929 Thread 0x00000175e9058d50 Implicit null exception at 0x00000175d2d6469b to 0x00000175d2d64c55
Event: 216.929 Thread 0x00000175e9058d50 Exception <a 'java/lang/NullPointerException'{0x00000000d571f028}> (0x00000000d571f028) 
thrown [s\src\hotspot\share\runtime\sharedRuntime.cpp, line 625]
Event: 216.933 Thread 0x00000175e9058d50 Implicit null exception at 0x00000175d2d6469b to 0x00000175d2d64c55
Event: 216.933 Thread 0x00000175e9058d50 Exception <a 'java/lang/NullPointerException'{0x00000000d572f828}> (0x00000000d572f828) 
thrown [s\src\hotspot\share\runtime\sharedRuntime.cpp, line 625]
Event: 216.933 Thread 0x00000175e9058d50 Implicit null exception at 0x00000175d2d6469b to 0x00000175d2d64c55
Event: 216.933 Thread 0x00000175e9058d50 Exception <a 'java/lang/NullPointerException'{0x00000000d5731628}> (0x00000000d5731628) 
thrown [s\src\hotspot\share\runtime\sharedRuntime.cpp, line 625]
Event: 216.933 Thread 0x00000175e9058d50 Implicit null exception at 0x00000175d2d6469b to 0x00000175d2d64c55
Event: 216.933 Thread 0x00000175e9058d50 Exception <a 'java/lang/NullPointerException'{0x00000000d5732548}> (0x00000000d5732548) 
thrown [s\src\hotspot\share\runtime\sharedRuntime.cpp, line 625]
Event: 216.933 Thread 0x00000175e9058d50 Implicit null exception at 0x00000175d2d6469b to 0x00000175d2d64c55
Event: 216.933 Thread 0x00000175e9058d50 Exception <a 'java/lang/NullPointerException'{0x00000000d5734220}> (0x00000000d5734220) 
thrown [s\src\hotspot\share\runtime\sharedRuntime.cpp, line 625]
Event: 216.933 Thread 0x00000175e9058d50 Implicit null exception at 0x00000175d2d6469b to 0x00000175d2d64c55
Event: 216.933 Thread 0x00000175e9058d50 Exception <a 'java/lang/NullPointerException'{0x00000000d5734e90}> (0x00000000d5734e90) 
thrown [s\src\hotspot\share\runtime\sharedRuntime.cpp, line 625]
Event: 216.933 Thread 0x00000175e9058d50 Implicit null exception at 0x00000175d2d6469b to 0x00000175d2d64c55
Event: 216.933 Thread 0x00000175e9058d50 Exception <a 'java/lang/NullPointerException'{0x00000000d5735880}> (0x00000000d5735880) 
thrown [s\src\hotspot\share\runtime\sharedRuntime.cpp, line 625]
Event: 216.933 Thread 0x00000175e9058d50 Implicit null exception at 0x00000175d2d6469b to 0x00000175d2d64c55
Event: 216.933 Thread 0x00000175e9058d50 Exception <a 'java/lang/NullPointerException'{0x00000000d5736770}> (0x00000000d5736770) 
thrown [s\src\hotspot\share\runtime\sharedRuntime.cpp, line 625]
Event: 216.933 Thread 0x00000175e9058d50 Implicit null exception at 0x00000175d2d6469b to 0x00000175d2d64c55
Event: 216.933 Thread 0x00000175e9058d50 Exception <a 'java/lang/NullPointerException'{0x00000000d5737838}> (0x00000000d5737838) 
thrown [s\src\hotspot\share\runtime\sharedRuntime.cpp, line 625]

ZGC Phase Switch (0 events):
No events

VM Operations (20 events):
Event: 215.862 Executing VM operation: ParallelGCFailedAllocation (Allocation Failure)
Event: 215.867 Executing VM operation: ParallelGCFailedAllocation (Allocation Failure) done
Event: 215.896 Executing VM operation: ParallelGCFailedAllocation (Allocation Failure)
Event: 215.901 Executing VM operation: ParallelGCFailedAllocation (Allocation Failure) done
Event: 216.139 Executing VM operation: ParallelGCFailedAllocation (Allocation Failure)
Event: 216.143 Executing VM operation: ParallelGCFailedAllocation (Allocation Failure) done
Event: 216.545 Executing VM operation: ParallelGCFailedAllocation (Allocation Failure)
Event: 216.547 Executing VM operation: ParallelGCFailedAllocation (Allocation Failure) done
Event: 216.679 Executing VM operation: ParallelGCFailedAllocation (Allocation Failure)
Event: 216.682 Executing VM operation: ParallelGCFailedAllocation (Allocation Failure) done
Event: 216.818 Executing VM operation: ParallelGCFailedAllocation (Allocation Failure)
Event: 216.822 Executing VM operation: ParallelGCFailedAllocation (Allocation Failure) done
Event: 216.892 Executing VM operation: ParallelGCFailedAllocation (Allocation Failure)
Event: 216.895 Executing VM operation: ParallelGCFailedAllocation (Allocation Failure) done
Event: 216.936 Executing VM operation: ParallelGCFailedAllocation (Allocation Failure)
Event: 216.940 Executing VM operation: ParallelGCFailedAllocation (Allocation Failure) done
Event: 216.956 Executing VM operation: ParallelGCFailedAllocation (Allocation Failure)
Event: 216.960 Executing VM operation: ParallelGCFailedAllocation (Allocation Failure) done
Event: 217.065 Executing VM operation: ParallelGCFailedAllocation (Allocation Failure)
Event: 217.106 Executing VM operation: ParallelGCFailedAllocation (Allocation Failure) done

Memory protections (0 events):
No events

Nmethod flushes (20 events):
Event: 120.234 Thread 0x00000175cd59da80 flushing  nmethod 0x00000175d1036590
Event: 120.234 Thread 0x00000175cd59da80 flushing  nmethod 0x00000175d1038210
Event: 120.234 Thread 0x00000175cd59da80 flushing  nmethod 0x00000175d103e990
Event: 120.234 Thread 0x00000175cd59da80 flushing  nmethod 0x00000175d103f590
Event: 120.234 Thread 0x00000175cd59da80 flushing  nmethod 0x00000175d104e190
Event: 120.234 Thread 0x00000175cd59da80 flushing  nmethod 0x00000175d105cf10
Event: 120.235 Thread 0x00000175cd59da80 flushing  nmethod 0x00000175d1063410
Event: 120.235 Thread 0x00000175cd59da80 flushing osr nmethod 0x00000175d1065810
Event: 120.235 Thread 0x00000175cd59da80 flushing  nmethod 0x00000175d10b1d90
Event: 120.235 Thread 0x00000175cd59da80 flushing  nmethod 0x00000175d10b2e90
Event: 120.235 Thread 0x00000175cd59da80 flushing  nmethod 0x00000175d10b8a10
Event: 120.235 Thread 0x00000175cd59da80 flushing  nmethod 0x00000175d10b9b10
Event: 120.235 Thread 0x00000175cd59da80 flushing  nmethod 0x00000175d10c2790
Event: 120.235 Thread 0x00000175cd59da80 flushing  nmethod 0x00000175d10cb490
Event: 120.235 Thread 0x00000175cd59da80 flushing osr nmethod 0x00000175d10d5790
Event: 120.235 Thread 0x00000175cd59da80 flushing  nmethod 0x00000175d10d9510
Event: 120.235 Thread 0x00000175cd59da80 flushing  nmethod 0x00000175d10dc210
Event: 120.235 Thread 0x00000175cd59da80 flushing  nmethod 0x00000175d10f1590
Event: 120.235 Thread 0x00000175cd59da80 flushing  nmethod 0x00000175d110b110
Event: 120.235 Thread 0x00000175cd59da80 flushing  nmethod 0x00000175d1128010

Events (20 events):
Event: 157.826 Thread 0x00000175ebd6e320 Thread exited: 0x00000175ebd6e320
Event: 157.826 Thread 0x00000175ebd6dc90 Thread exited: 0x00000175ebd6dc90
Event: 157.826 Thread 0x00000175ebd6cf70 Thread exited: 0x00000175ebd6cf70
Event: 157.826 Thread 0x00000175ebd6aea0 Thread exited: 0x00000175ebd6aea0
Event: 157.826 Thread 0x00000175ebd6c8e0 Thread exited: 0x00000175ebd6c8e0
Event: 161.357 Thread 0x00000175e90586c0 Thread added: 0x00000175ebd6b530
Event: 161.805 Thread 0x00000175ebd6b530 Thread exited: 0x00000175ebd6b530
Event: 170.887 Thread 0x00000175e90586c0 Thread added: 0x00000175ebe3cad0
Event: 170.925 Thread 0x00000175ebe3cad0 Thread exited: 0x00000175ebe3cad0
Event: 200.533 Thread 0x00000175eaf78a80 Thread added: 0x00000175f568d970
Event: 200.546 Thread 0x00000175eaf78a80 Thread added: 0x00000175f568ed20
Event: 200.547 Thread 0x00000175eaf78a80 Thread added: 0x00000175f568f3b0
Event: 200.547 Thread 0x00000175eaf78a80 Thread added: 0x00000175f568fa40
Event: 200.547 Thread 0x00000175eaf78a80 Thread added: 0x00000175f568e000
Event: 201.476 Thread 0x00000175f568ed20 Thread exited: 0x00000175f568ed20
Event: 201.478 Thread 0x00000175f568e000 Thread exited: 0x00000175f568e000
Event: 201.478 Thread 0x00000175f568f3b0 Thread exited: 0x00000175f568f3b0
Event: 201.478 Thread 0x00000175f568d970 Thread exited: 0x00000175f568d970
Event: 201.478 Thread 0x00000175f568fa40 Thread exited: 0x00000175f568fa40
Event: 207.577 Thread 0x00000175e9058d50 Thread added: 0x00000175f568ed20


Dynamic libraries:
0x00007ff6dcfc0000 - 0x00007ff6dcfce000 	c:\Users\santi\.vscode\extensions\redhat.java-1.47.0-win32-x64\jre\21.0.8-win32-x86_64\bin\java.exe
0x00007ffe4bb00000 - 0x00007ffe4bd68000 	C:\WINDOWS\SYSTEM32\ntdll.dll
0x00007ffe49950000 - 0x00007ffe49a19000 	C:\WINDOWS\System32\KERNEL32.DLL
0x00007ffe490b0000 - 0x00007ffe494a8000 	C:\WINDOWS\System32\KERNELBASE.dll
0x00007ffe495e0000 - 0x00007ffe4972b000 	C:\WINDOWS\System32\ucrtbase.dll
0x00007ffe058e0000 - 0x00007ffe058f8000 	c:\Users\santi\.vscode\extensions\redhat.java-1.47.0-win32-x64\jre\21.0.8-win32-x86_64\bin\jli.dll
0x00007ffe4b0a0000 - 0x00007ffe4b267000 	C:\WINDOWS\System32\USER32.dll
0x00007ffe48dd0000 - 0x00007ffe48df7000 	C:\WINDOWS\System32\win32u.dll
0x00007ffe4a120000 - 0x00007ffe4a14b000 	C:\WINDOWS\System32\GDI32.dll
0x00007ffe494b0000 - 0x00007ffe495dc000 	C:\WINDOWS\System32\gdi32full.dll
0x00007ffe48ec0000 - 0x00007ffe48f63000 	C:\WINDOWS\System32\msvcp_win.dll
0x00007ffe00cd0000 - 0x00007ffe00cee000 	c:\Users\santi\.vscode\extensions\redhat.java-1.47.0-win32-x64\jre\21.0.8-win32-x86_64\bin\VCRUNTIME140.dll
0x00007ffe2e7f0000 - 0x00007ffe2ea84000 	C:\WINDOWS\WinSxS\amd64_microsoft.windows.common-controls_6595b64144ccf1df_6.0.26100.7019_none_3e06ffa0e335b8a8\COMCTL32.dll
0x00007ffe4a950000 - 0x00007ffe4a9f9000 	C:\WINDOWS\System32\msvcrt.dll
0x00007ffe4a060000 - 0x00007ffe4a091000 	C:\WINDOWS\System32\IMM32.DLL
0x00007ffe09da0000 - 0x00007ffe09dac000 	c:\Users\santi\.vscode\extensions\redhat.java-1.47.0-win32-x64\jre\21.0.8-win32-x86_64\bin\vcruntime140_1.dll
0x00007ffdf8b40000 - 0x00007ffdf8bcd000 	c:\Users\santi\.vscode\extensions\redhat.java-1.47.0-win32-x64\jre\21.0.8-win32-x86_64\bin\msvcp140.dll
0x00007ffdad000000 - 0x00007ffdadd97000 	c:\Users\santi\.vscode\extensions\redhat.java-1.47.0-win32-x64\jre\21.0.8-win32-x86_64\bin\server\jvm.dll
0x00007ffe4a1d0000 - 0x00007ffe4a284000 	C:\WINDOWS\System32\ADVAPI32.dll
0x00007ffe498a0000 - 0x00007ffe49946000 	C:\WINDOWS\System32\sechost.dll
0x00007ffe49a30000 - 0x00007ffe49b48000 	C:\WINDOWS\System32\RPCRT4.dll
0x00007ffe4a0a0000 - 0x00007ffe4a114000 	C:\WINDOWS\System32\WS2_32.dll
0x00007ffe48ab0000 - 0x00007ffe48b0e000 	C:\WINDOWS\SYSTEM32\POWRPROF.dll
0x00007ffe41f50000 - 0x00007ffe41f85000 	C:\WINDOWS\SYSTEM32\WINMM.dll
0x00007ffe41f90000 - 0x00007ffe41f9b000 	C:\WINDOWS\SYSTEM32\VERSION.dll
0x00007ffe48a90000 - 0x00007ffe48aa4000 	C:\WINDOWS\SYSTEM32\UMPDC.dll
0x00007ffe47970000 - 0x00007ffe4798b000 	C:\WINDOWS\SYSTEM32\kernel.appcore.dll
0x00007ffe08040000 - 0x00007ffe0804a000 	c:\Users\santi\.vscode\extensions\redhat.java-1.47.0-win32-x64\jre\21.0.8-win32-x86_64\bin\jimage.dll
0x00007ffe3bff0000 - 0x00007ffe3c232000 	C:\WINDOWS\SYSTEM32\DBGHELP.DLL
0x00007ffe4a5c0000 - 0x00007ffe4a94b000 	C:\WINDOWS\System32\combase.dll
0x00007ffe4a4d0000 - 0x00007ffe4a5a7000 	C:\WINDOWS\System32\OLEAUT32.dll
0x00007ffe2d4a0000 - 0x00007ffe2d4dc000 	C:\WINDOWS\SYSTEM32\dbgcore.DLL
0x00007ffe48f70000 - 0x00007ffe49015000 	C:\WINDOWS\System32\bcryptPrimitives.dll
0x00007ffe08000000 - 0x00007ffe0800f000 	c:\Users\santi\.vscode\extensions\redhat.java-1.47.0-win32-x64\jre\21.0.8-win32-x86_64\bin\instrument.dll
0x00007ffe00ba0000 - 0x00007ffe00bbf000 	c:\Users\santi\.vscode\extensions\redhat.java-1.47.0-win32-x64\jre\21.0.8-win32-x86_64\bin\java.dll
0x00007ffe4b2d0000 - 0x00007ffe4ba1f000 	C:\WINDOWS\System32\SHELL32.dll
0x00007ffe49730000 - 0x00007ffe4989b000 	C:\WINDOWS\System32\wintypes.dll
0x00007ffe468b0000 - 0x00007ffe4710d000 	C:\WINDOWS\SYSTEM32\windows.storage.dll
0x00007ffe4a3d0000 - 0x00007ffe4a4c2000 	C:\WINDOWS\System32\SHCORE.dll
0x00007ffe4aa10000 - 0x00007ffe4aa77000 	C:\WINDOWS\System32\shlwapi.dll
0x00007ffe48b70000 - 0x00007ffe48b99000 	C:\WINDOWS\SYSTEM32\profapi.dll
0x00007ffdffed0000 - 0x00007ffdffee8000 	c:\Users\santi\.vscode\extensions\redhat.java-1.47.0-win32-x64\jre\21.0.8-win32-x86_64\bin\zip.dll
0x00007ffe01b30000 - 0x00007ffe01b40000 	C:\Users\santi\.vscode\extensions\redhat.java-1.47.0-win32-x64\jre\21.0.8-win32-x86_64\bin\net.dll
0x00007ffe3dfe0000 - 0x00007ffe3e108000 	C:\WINDOWS\SYSTEM32\WINHTTP.dll
0x00007ffe47f80000 - 0x00007ffe47feb000 	C:\WINDOWS\system32\mswsock.dll
0x00007ffdff5d0000 - 0x00007ffdff5e6000 	C:\Users\santi\.vscode\extensions\redhat.java-1.47.0-win32-x64\jre\21.0.8-win32-x86_64\bin\nio.dll
0x00007ffe01220000 - 0x00007ffe01230000 	c:\Users\santi\.vscode\extensions\redhat.java-1.47.0-win32-x64\jre\21.0.8-win32-x86_64\bin\verify.dll
0x00007ffe00c80000 - 0x00007ffe00cc4000 	C:\Users\santi\AppData\Roaming\Code\User\globalStorage\redhat.java\1.47.0\config_win\org.eclipse.equinox.launcher\org.eclipse.equinox.launcher.win32.win32.x86_64_1.2.1400.v20250801-0854\eclipse_11916.dll
0x00007ffe4ac60000 - 0x00007ffe4adf7000 	C:\WINDOWS\System32\ole32.dll
0x00007ffe48240000 - 0x00007ffe4825b000 	C:\WINDOWS\SYSTEM32\CRYPTSP.dll
0x00007ffe47990000 - 0x00007ffe479ca000 	C:\WINDOWS\system32\rsaenh.dll
0x00007ffe48030000 - 0x00007ffe4805b000 	C:\WINDOWS\SYSTEM32\USERENV.dll
0x00007ffe48b40000 - 0x00007ffe48b6a000 	C:\WINDOWS\SYSTEM32\bcrypt.dll
0x00007ffe48260000 - 0x00007ffe4826c000 	C:\WINDOWS\SYSTEM32\CRYPTBASE.dll
0x00007ffe47570000 - 0x00007ffe475a4000 	C:\WINDOWS\SYSTEM32\IPHLPAPI.DLL
0x00007ffe4a3c0000 - 0x00007ffe4a3ca000 	C:\WINDOWS\System32\NSI.dll
0x00007ffdfb460000 - 0x00007ffdfb4a9000 	C:\Users\santi\AppData\Local\Temp\jna-109204053\jna7573730687639959728.dll
0x00007ffe4aa00000 - 0x00007ffe4aa08000 	C:\WINDOWS\System32\PSAPI.DLL
0x00007ffe3dfb0000 - 0x00007ffe3dfce000 	C:\WINDOWS\SYSTEM32\dhcpcsvc6.DLL
0x00007ffe3df80000 - 0x00007ffe3dfa3000 	C:\WINDOWS\SYSTEM32\dhcpcsvc.DLL

JVMTI agents:
c:\Users\santi\.vscode\extensions\redhat.java-1.47.0-win32-x64\lombok\lombok-1.18.39-4050.jar path:c:\Users\santi\.vscode\extensions\redhat.java-1.47.0-win32-x64\jre\21.0.8-win32-x86_64\bin\instrument.dll, loaded, initialized, instrumentlib options:none

dbghelp: loaded successfully - version: 4.0.5 - missing functions: none
symbol engine: initialized successfully - sym options: 0x614 - pdb path: .;c:\Users\santi\.vscode\extensions\redhat.java-1.47.0-win32-x64\jre\21.0.8-win32-x86_64\bin;C:\WINDOWS\SYSTEM32;C:\WINDOWS\WinSxS\amd64_microsoft.windows.common-controls_6595b64144ccf1df_6.0.26100.7019_none_3e06ffa0e335b8a8;c:\Users\santi\.vscode\extensions\redhat.java-1.47.0-win32-x64\jre\21.0.8-win32-x86_64\bin\server;C:\Users\santi\AppData\Roaming\Code\User\globalStorage\redhat.java\1.47.0\config_win\org.eclipse.equinox.launcher\org.eclipse.equinox.launcher.win32.win32.x86_64_1.2.1400.v20250801-0854;C:\Users\santi\AppData\Local\Temp\jna-109204053

VM Arguments:
jvm_args: --add-modules=ALL-SYSTEM --add-opens=java.base/java.util=ALL-UNNAMED --add-opens=java.base/java.lang=ALL-UNNAMED --add-opens=java.base/sun.nio.fs=ALL-UNNAMED -Declipse.application=org.eclipse.jdt.ls.core.id1 -Dosgi.bundles.defaultStartLevel=4 -Declipse.product=org.eclipse.jdt.ls.core.product -Djava.import.generatesMetadataFilesAtProjectRoot=false -DDetectVMInstallationsJob.disabled=true -Dfile.encoding=utf8 -XX:+UseParallelGC -XX:GCTimeRatio=4 -XX:AdaptiveSizePolicyWeight=90 -Dsun.zip.disableMemoryMapping=true -Xmx2G -Xms100m -Xlog:disable -javaagent:c:\Users\santi\.vscode\extensions\redhat.java-1.47.0-win32-x64\lombok\lombok-1.18.39-4050.jar -XX:+HeapDumpOnOutOfMemoryError -XX:HeapDumpPath=c:\Users\santi\AppData\Roaming\Code\User\workspaceStorage\63a95f487896fcbc9e657696d763136c\redhat.java -Daether.dependencyCollector.impl=bf 
java_command: c:\Users\santi\.vscode\extensions\redhat.java-1.47.0-win32-x64\server\plugins\org.eclipse.equinox.launcher_1.7.100.v20251014-1222.jar -configuration c:\Users\santi\AppData\Roaming\Code\User\globalStorage\redhat.java\1.47.0\config_win -data c:\Users\santi\AppData\Roaming\Code\User\workspaceStorage\63a95f487896fcbc9e657696d763136c\redhat.java\jdt_ws --pipe=\\.\pipe\lsp-2b14f5af79ed3e95d2cd5d5b50d8a308-sock
java_class_path (initial): c:\Users\santi\.vscode\extensions\redhat.java-1.47.0-win32-x64\server\plugins\org.eclipse.equinox.launcher_1.7.100.v20251014-1222.jar
Launcher Type: SUN_STANDARD

[Global flags]
    uintx AdaptiveSizePolicyWeight                 = 90                                        {product} {command line}
     intx CICompilerCount                          = 2                                         {product} {ergonomic}
    uintx GCTimeRatio                              = 4                                         {product} {command line}
     bool HeapDumpOnOutOfMemoryError               = true                                   {manageable} {command line}
    ccstr HeapDumpPath                             = c:\Users\santi\AppData\Roaming\Code\User\workspaceStorage\63a95f487896fcbc9e657696d763136c\redhat.java         {manageable} {command line}
   size_t InitialHeapSize                          = 104857600                                 {product} {command line}
   size_t MaxHeapSize                              = 2147483648                                {product} {command line}
   size_t MaxNewSize                               = 715653120                                 {product} {ergonomic}
   size_t MinHeapDeltaBytes                        = 524288                                    {product} {ergonomic}
   size_t MinHeapSize                              = 104857600                                 {product} {command line}
   size_t NewSize                                  = 34603008                                  {product} {ergonomic}
    uintx NonNMethodCodeHeapSize                   = 5826188                                {pd product} {ergonomic}
    uintx NonProfiledCodeHeapSize                  = 122916026                              {pd product} {ergonomic}
   size_t OldSize                                  = 70254592                                  {product} {ergonomic}
    uintx ProfiledCodeHeapSize                     = 122916026                              {pd product} {ergonomic}
    uintx ReservedCodeCacheSize                    = 251658240                              {pd product} {ergonomic}
     bool SegmentedCodeCache                       = true                                      {product} {ergonomic}
   size_t SoftMaxHeapSize                          = 2147483648                             {manageable} {ergonomic}
     bool UseCompressedOops                        = true                           {product lp64_product} {ergonomic}
     bool UseLargePagesIndividualAllocation        = false                                  {pd product} {ergonomic}
     bool UseParallelGC                            = true                                      {product} {command line}

Logging:
Log output configuration:
 #0: stdout all=off uptime,level,tags foldmultilines=false
 #1: stderr all=off uptime,level,tags foldmultilines=false

Environment Variables:
JAVA_HOME=C:\Program Files\Eclipse Adoptium\jdk-17.0.16.8-hotspot
PATH=C:\Program Files\Eclipse Adoptium\jdk-17.0.16.8-hotspot\bin;C:\WINDOWS\system32;C:\WINDOWS;C:\WINDOWS\System32\Wbem;C:\WINDOWS\System32\WindowsPowerShell\v1.0\;C:\WINDOWS\System32\OpenSSH\;C:\Windows\system32;C:\Windows;C:\Windows\System32\Wbem;C:\Program Files\HP\HP One Agent;C:\Program Files\Git\cmd;C:\WINDOWS\system32;C:\WINDOWS;C:\WINDOWS\System32\Wbem;C:\WINDOWS\System32\WindowsPowerShell\v1.0\;C:\WINDOWS\System32\OpenSSH\;C:\xampp\php;C:\composer;C:\Program Files\nodejs\;C:\Users\santi\OneDrive\Desktop\RR\apache-maven-3.9.11\bin;C:\flutter\bin;\bin;C:\Program Files\Eclipse Adoptium\jdk-17.0.16.8-hotspot\bin;C:\WINDOWS\system32;C:\WINDOWS;C:\WINDOWS\System32\Wbem;C:\WINDOWS\System32\WindowsPowerShell\v1.0\;C:\WINDOWS\System32\OpenSSH\;C:\Windows\system32;C:\Windows;C:\Windows\System32\Wbem;C:\Program Files\HP\HP One Agent;C:\Program Files\Git\cmd;C:\WINDOWS\system32;C:\WINDOWS;C:\WINDOWS\System32\Wbem;C:\WINDOWS\System32\WindowsPowerShell\v1.0\;C:\WINDOWS\System32\OpenSSH\;C:\xampp\php;C:\composer;C:\Program Files\nodejs\;C:\Users\santi\OneDrive\Desktop\RR\apache-maven-3.9.11\bin;C:\flutter\bin;C:\Users\santi\AppData\Local\Programs\Python\Python39\Scripts\;C:\Users\santi\AppData\Local\Programs\Python\Python39\;C:\Users\santi\AppData\Local\Microsoft\WindowsApps;C:\Users\santi\AppData\Local\GitHubDesktop\bin;C:\Users\santi\AppData\Local\Programs\Microsoft VS Code\bin;C:\Program Files\MongoDB\Server\8.0\bin;C:\Program Files\MongoDB\mongosh-2.5.6-win32-x64\bin;C:\Users\santi\AppData\Roaming\Composer\vendor\bin;C:\Users\santi\AppData\Roaming\npm;C:\flutt
USERNAME=santi
OS=Windows_NT
PROCESSOR_IDENTIFIER=AMD64 Family 23 Model 24 Stepping 1, AuthenticAMD
TMP=C:\Users\santi\AppData\Local\Temp
TEMP=C:\Users\santi\AppData\Local\Temp




Periodic native trim disabled

---------------  S Y S T E M  ---------------

OS:
 Windows 11 , 64 bit Build 26100 (10.0.26100.7019)
OS uptime: 0 days 7:06 hours

CPU: total 2 (initial active 2) (2 cores per cpu, 1 threads per core) family 23 model 24 stepping 1 microcode 0x8108109, cx8, cmov, fxsr, mmx, 3dnowpref, sse, sse2, sse3, ssse3, sse4a, sse4.1, sse4.2, popcnt, lzcnt, tsc, tscinvbit, avx, avx2, aes, clmul, bmi1, bmi2, adx, sha, fma, vzeroupper, clflush, clflushopt, rdtscp, f16c
Processor Information for the first 2 processors :
  Max Mhz: 2300, Current Mhz: 2300, Mhz Limit: 2300

Memory: 4k page, system-wide physical 3526M (163M free)
TotalPageFile size 14278M (AvailPageFile size 4M)
current process WorkingSet (physical memory assigned to process): 288M, peak: 364M
current process commit charge ("private bytes"): 909M, peak: 913M

vm_info: OpenJDK 64-Bit Server VM (21.0.8+9-LTS) for windows-amd64 JRE (21.0.8+9-LTS), built on 2025-07-15T00:00:00Z by "admin" with MS VC++ 17.7 (VS2022)

END.
