#
# There is insufficient memory for the Java Runtime Environment to continue.
# Native memory allocation (malloc) failed to allocate 32744 bytes. Error detail: Chunk::new
# Possible reasons:
#   The system is out of physical RAM or swap space
#   This process is running with CompressedOops enabled, and the Java Heap may be blocking the growth of the native heap
# Possible solutions:
#   Reduce memory load on the system
#   Increase physical memory or swap space
#   Check if swap backing store is full
#   Decrease Java heap size (-Xmx/-Xms)
#   Decrease number of Java threads
#   Decrease Java thread stack sizes (-Xss)
#   Set larger code cache with -XX:ReservedCodeCacheSize=
#   JVM is running with Unscaled Compressed Oops mode in which the Java heap is
#     placed in the first 4GB address space. The Java Heap base address is the
#     maximum limit for the native heap growth. Please use -XX:HeapBaseMinAddress
#     to set the Java Heap base and to place the Java Heap above 4GB virtual address.
# This output file may be truncated or incomplete.
#
#  Out of Memory Error (arena.cpp:168), pid=12680, tid=8544
#
# JRE version: OpenJDK Runtime Environment Temurin-21.0.9+10 (21.0.9+10) (build 21.0.9+10-LTS)
# Java VM: OpenJDK 64-Bit Server VM Temurin-21.0.9+10 (21.0.9+10-LTS, mixed mode, sharing, tiered, compressed oops, compressed class ptrs, parallel gc, windows-amd64)
# No core dump will be written. Minidumps are not enabled by default on client versions of Windows
#

---------------  S U M M A R Y ------------

Command Line: --add-modules=ALL-SYSTEM --add-opens=java.base/java.util=ALL-UNNAMED --add-opens=java.base/java.lang=ALL-UNNAMED --add-opens=java.base/sun.nio.fs=ALL-UNNAMED -Declipse.application=org.eclipse.jdt.ls.core.id1 -Dosgi.bundles.defaultStartLevel=4 -Declipse.product=org.eclipse.jdt.ls.core.product -Djava.import.generatesMetadataFilesAtProjectRoot=false -DDetectVMInstallationsJob.disabled=true -Dfile.encoding=utf8 -XX:+UseParallelGC -XX:GCTimeRatio=4 -XX:AdaptiveSizePolicyWeight=90 -Dsun.zip.disableMemoryMapping=true -Xmx2G -Xms100m -Xlog:disable -javaagent:c:\Users\santi\.vscode\extensions\redhat.java-1.49.0-win32-x64\lombok\lombok-1.18.39-4050.jar -XX:+HeapDumpOnOutOfMemoryError -XX:HeapDumpPath=c:\Users\santi\AppData\Roaming\Code\User\workspaceStorage\23eb613e480090b85b8628add337e000\redhat.java -Daether.dependencyCollector.impl=bf c:\Users\santi\.vscode\extensions\redhat.java-1.49.0-win32-x64\server\plugins\org.eclipse.equinox.launcher_1.7.100.v20251111-0406.jar -configuration c:\Users\santi\AppData\Roaming\Code\User\globalStorage\redhat.java\1.49.0\config_win -data c:\Users\santi\AppData\Roaming\Code\User\workspaceStorage\23eb613e480090b85b8628add337e000\redhat.java\jdt_ws --pipe=\\.\pipe\lsp-fd50229059360f9d05dea1a4d6a4a07f-sock

Host: AMD Athlon Silver 3050U with Radeon Graphics   , 2 cores, 3G,  Windows 11 , 64 bit Build 26100 (10.0.26100.7019)
Time: Sun Nov 23 00:28:50 2025 Hora est. Pacífico, Sudamérica elapsed time: 240.067820 seconds (0d 0h 4m 0s)

---------------  T H R E A D  ---------------

Current thread (0x000002fbf62ff2f0):  JavaThread "C1 CompilerThread0" daemon [_thread_in_native, id=8544, stack(0x000000fdbd100000,0x000000fdbd200000) (1024K)]


Current CompileTask:
C1:240067 8336       3       org.eclipse.jdt.internal.compiler.parser.Scanner::internalScanIdentifierOrKeyword (5041 bytes)

Stack: [0x000000fdbd100000,0x000000fdbd200000]
Native frames: (J=compiled Java code, j=interpreted, Vv=VM code, C=native code)
V  [jvm.dll+0x6d6e29]
V  [jvm.dll+0x8b4b76]
V  [jvm.dll+0x8b712e]
V  [jvm.dll+0x8b7813]
V  [jvm.dll+0x283d86]
V  [jvm.dll+0xc66ed]
V  [jvm.dll+0xc6c31]
V  [jvm.dll+0x1417ae]
V  [jvm.dll+0x140a67]
V  [jvm.dll+0x19bc1d]
V  [jvm.dll+0x19c676]
V  [jvm.dll+0x157375]
V  [jvm.dll+0x156c17]
V  [jvm.dll+0x156e44]
V  [jvm.dll+0x15625c]
V  [jvm.dll+0x157fed]
V  [jvm.dll+0x25b29d]
V  [jvm.dll+0x25982a]
V  [jvm.dll+0x3f7ea6]
V  [jvm.dll+0x85e9ad]
V  [jvm.dll+0x6d565d]
C  [ucrtbase.dll+0x37b0]
C  [KERNEL32.DLL+0x2e8d7]
C  [ntdll.dll+0x8c53c]


---------------  P R O C E S S  ---------------

Threads class SMR info:
_java_thread_list=0x000002fbfd930260, length=30, elements={
0x000002fbdfb7cd00, 0x000002fbf6279610, 0x000002fbf627d8b0, 0x000002fbf6280070,
0x000002fbf6280cc0, 0x000002fbf6283720, 0x000002fbf6284170, 0x000002fbf6286fb0,
0x000002fbf62ff2f0, 0x000002fbf6a64440, 0x000002fbf6c5eac0, 0x000002fbfb0e1090,
0x000002fbfb13e740, 0x000002fbfb07b580, 0x000002fbfb04e450, 0x000002fbf6be0030,
0x000002fbfb369150, 0x000002fbfb0021a0, 0x000002fbfb002830, 0x000002fbfb001480,
0x000002fbfb002ec0, 0x000002fbfb0000d0, 0x000002fbfb000760, 0x000002fbfdc020f0,
0x000002fbfdc00020, 0x000002fbfdc02780, 0x000002fbfdc006b0, 0x000002fbfdc013d0,
0x000002fbfdc02e10, 0x000002fbfdbff990
}

Java Threads: ( => current thread )
  0x000002fbdfb7cd00 JavaThread "main"                              [_thread_blocked, id=16240, stack(0x000000fdbc600000,0x000000fdbc700000) (1024K)]
  0x000002fbf6279610 JavaThread "Reference Handler"          daemon [_thread_blocked, id=15504, stack(0x000000fdbca00000,0x000000fdbcb00000) (1024K)]
  0x000002fbf627d8b0 JavaThread "Finalizer"                  daemon [_thread_blocked, id=15712, stack(0x000000fdbcb00000,0x000000fdbcc00000) (1024K)]
  0x000002fbf6280070 JavaThread "Signal Dispatcher"          daemon [_thread_blocked, id=10696, stack(0x000000fdbcc00000,0x000000fdbcd00000) (1024K)]
  0x000002fbf6280cc0 JavaThread "Attach Listener"            daemon [_thread_blocked, id=14244, stack(0x000000fdbcd00000,0x000000fdbce00000) (1024K)]
  0x000002fbf6283720 JavaThread "Service Thread"             daemon [_thread_blocked, id=14356, stack(0x000000fdbce00000,0x000000fdbcf00000) (1024K)]
  0x000002fbf6284170 JavaThread "Monitor Deflation Thread"   daemon [_thread_blocked, id=15948, stack(0x000000fdbcf00000,0x000000fdbd000000) (1024K)]
  0x000002fbf6286fb0 JavaThread "C2 CompilerThread0"         daemon [_thread_blocked, id=13796, stack(0x000000fdbd000000,0x000000fdbd100000) (1024K)]
=>0x000002fbf62ff2f0 JavaThread "C1 CompilerThread0"         daemon [_thread_in_native, id=8544, stack(0x000000fdbd100000,0x000000fdbd200000) (1024K)]
  0x000002fbf6a64440 JavaThread "Common-Cleaner"             daemon [_thread_blocked, id=13980, stack(0x000000fdbd200000,0x000000fdbd300000) (1024K)]
  0x000002fbf6c5eac0 JavaThread "Notification Thread"        daemon [_thread_blocked, id=10600, stack(0x000000fdbd300000,0x000000fdbd400000) (1024K)]
  0x000002fbfb0e1090 JavaThread "Active Thread: Equinox Container: 42738948-2c3d-4b2b-97ae-c77a89b5f753"        [_thread_blocked, id=9192, stack(0x000000fdbd500000,0x000000fdbd600000) (1024K)]
  0x000002fbfb13e740 JavaThread "Refresh Thread: Equinox Container: 42738948-2c3d-4b2b-97ae-c77a89b5f753" daemon [_thread_blocked, id=7616, stack(0x000000fdbd600000,0x000000fdbd700000) (1024K)]
  0x000002fbfb07b580 JavaThread "Framework Event Dispatcher: Equinox Container: 42738948-2c3d-4b2b-97ae-c77a89b5f753" daemon [_thread_blocked, id=15276, stack(0x000000fdbd700000,0x000000fdbd800000) (1024K)]
  0x000002fbfb04e450 JavaThread "Start Level: Equinox Container: 42738948-2c3d-4b2b-97ae-c77a89b5f753" daemon [_thread_blocked, id=4668, stack(0x000000fdbd800000,0x000000fdbd900000) (1024K)]
  0x000002fbf6be0030 JavaThread "Bundle File Closer"         daemon [_thread_blocked, id=12120, stack(0x000000fdbd900000,0x000000fdbda00000) (1024K)]
  0x000002fbfb369150 JavaThread "SCR Component Actor"        daemon [_thread_blocked, id=9552, stack(0x000000fdbda00000,0x000000fdbdb00000) (1024K)]
  0x000002fbfb0021a0 JavaThread "Worker-JM"                         [_thread_blocked, id=14404, stack(0x000000fdbdb00000,0x000000fdbdc00000) (1024K)]
  0x000002fbfb002830 JavaThread "JNA Cleaner"                daemon [_thread_blocked, id=14688, stack(0x000000fdbc400000,0x000000fdbc500000) (1024K)]
  0x000002fbfb001480 JavaThread "Worker-0: Initialize workspace"        [_thread_blocked, id=13624, stack(0x000000fdbdc00000,0x000000fdbdd00000) (1024K)]
  0x000002fbfb002ec0 JavaThread "Java indexing"              daemon [_thread_blocked, id=104, stack(0x000000fdbde00000,0x000000fdbdf00000) (1024K)]
  0x000002fbfb0000d0 JavaThread "Worker-3"                          [_thread_blocked, id=2108, stack(0x000000fdbe200000,0x000000fdbe300000) (1024K)]
  0x000002fbfb000760 JavaThread "Worker-4"                          [_thread_blocked, id=2052, stack(0x000000fdbe300000,0x000000fdbe400000) (1024K)]
  0x000002fbfdc020f0 JavaThread "Thread-1"                   daemon [_thread_in_native, id=14384, stack(0x000000fdbe400000,0x000000fdbe500000) (1024K)]
  0x000002fbfdc00020 JavaThread "Thread-2"                   daemon [_thread_in_native, id=10672, stack(0x000000fdbe500000,0x000000fdbe600000) (1024K)]
  0x000002fbfdc02780 JavaThread "Thread-3"                   daemon [_thread_in_native, id=4704, stack(0x000000fdbe600000,0x000000fdbe700000) (1024K)]
  0x000002fbfdc006b0 JavaThread "pool-2-thread-1"                   [_thread_blocked, id=11932, stack(0x000000fdbe700000,0x000000fdbe800000) (1024K)]
  0x000002fbfdc013d0 JavaThread "WorkspaceEventsHandler"            [_thread_blocked, id=15640, stack(0x000000fdbea00000,0x000000fdbeb00000) (1024K)]
  0x000002fbfdc02e10 JavaThread "pool-1-thread-1"                   [_thread_in_vm, id=4692, stack(0x000000fdbeb00000,0x000000fdbec00000) (1024K)]
  0x000002fbfdbff990 JavaThread "Worker-6"                          [_thread_blocked, id=8340, stack(0x000000fdbc300000,0x000000fdbc400000) (1024K)]
Total: 30

Other Threads:
  0x000002fbdfc3c600 VMThread "VM Thread"                           [id=7568, stack(0x000000fdbc900000,0x000000fdbca00000) (1024K)]
  0x000002fbf625bb20 WatcherThread "VM Periodic Task Thread"        [id=2792, stack(0x000000fdbc800000,0x000000fdbc900000) (1024K)]
  0x000002fbdfb9b190 WorkerThread "GC Thread#0"                     [id=8772, stack(0x000000fdbc700000,0x000000fdbc800000) (1024K)]
  0x000002fbfb5032c0 WorkerThread "GC Thread#1"                     [id=3528, stack(0x000000fdbd400000,0x000000fdbd500000) (1024K)]
Total: 4

Threads with active compile tasks:
C1 CompilerThread0  240129 8336       3       org.eclipse.jdt.internal.compiler.parser.Scanner::internalScanIdentifierOrKeyword (5041 bytes)
Total: 1

VM state: not at safepoint (normal execution)

VM Mutex/Monitor currently owned by a thread: None

Heap address: 0x0000000080000000, size: 2048 MB, Compressed Oops mode: 32-bit

CDS archive(s) mapped at: [0x000002fb80000000-0x000002fb80ba0000-0x000002fb80ba0000), size 12189696, SharedBaseAddress: 0x000002fb80000000, ArchiveRelocationMode: 1.
Compressed class space mapped at: 0x000002fb81000000-0x000002fbc1000000, reserved size: 1073741824
Narrow klass base: 0x000002fb80000000, Narrow klass shift: 0, Narrow klass range: 0x100000000

GC Precious Log:
 CardTable entry size: 512
 CPUs: 2 total, 2 available
 Memory: 3526M
 Large Page Support: Disabled
 NUMA Support: Disabled
 Compressed Oops: Enabled (32-bit)
 Alignments: Space 512K, Generation 512K, Heap 2M
 Heap Min Capacity: 100M
 Heap Initial Capacity: 100M
 Heap Max Capacity: 2G
 Pre-touch: Disabled
 Parallel Workers: 2

Heap:
 PSYoungGen      total 16384K, used 8886K [0x00000000d5580000, 0x00000000d6880000, 0x0000000100000000)
  eden space 14848K, 55% used [0x00000000d5580000,0x00000000d5d959b0,0x00000000d6400000)
  from space 1536K, 39% used [0x00000000d6580000,0x00000000d6618010,0x00000000d6700000)
  to   space 1024K, 0% used [0x00000000d6780000,0x00000000d6780000,0x00000000d6880000)
 ParOldGen       total 141824K, used 141615K [0x0000000080000000, 0x0000000088a80000, 0x00000000d5580000)
  object space 141824K, 99% used [0x0000000080000000,0x0000000088a4be88,0x0000000088a80000)
 Metaspace       used 57991K, committed 59264K, reserved 1114112K
  class space    used 6347K, committed 6912K, reserved 1048576K

Card table byte_map: [0x000002fbdf430000,0x000002fbdf840000] _byte_map_base: 0x000002fbdf030000

Marking Bits: (ParMarkBitMap*) 0x00007ffce7b82460
 Begin Bits: [0x000002fbf1d80000, 0x000002fbf3d80000)
 End Bits:   [0x000002fbf3d80000, 0x000002fbf5d80000)

Polling page: 0x000002fbdd6a0000

Metaspace:

Usage:
  Non-class:     50.43 MB used.
      Class:      6.20 MB used.
       Both:     56.63 MB used.

Virtual space:
  Non-class space:       64.00 MB reserved,      51.12 MB ( 80%) committed,  1 nodes.
      Class space:        1.00 GB reserved,       6.75 MB ( <1%) committed,  1 nodes.
             Both:        1.06 GB reserved,      57.88 MB (  5%) committed. 

Chunk freelists:
   Non-Class:  12.44 MB
       Class:  9.14 MB
        Both:  21.58 MB

MaxMetaspaceSize: unlimited
CompressedClassSpaceSize: 1.00 GB
Initial GC threshold: 21.00 MB
Current GC threshold: 89.31 MB
CDS: on
 - commit_granule_bytes: 65536.
 - commit_granule_words: 8192.
 - virtual_space_node_default_size: 8388608.
 - enlarge_chunks_in_place: 1.
 - use_allocation_guard: 0.


Internal statistics:

num_allocs_failed_limit: 6.
num_arena_births: 1014.
num_arena_deaths: 14.
num_vsnodes_births: 2.
num_vsnodes_deaths: 0.
num_space_committed: 926.
num_space_uncommitted: 0.
num_chunks_returned_to_freelist: 20.
num_chunks_taken_from_freelist: 3464.
num_chunk_merges: 9.
num_chunk_splits: 2152.
num_chunks_enlarged: 1242.
num_inconsistent_stats: 0.

CodeHeap 'non-profiled nmethods': size=120064Kb used=6278Kb max_used=6278Kb free=113785Kb
 bounds [0x000002fbea840000, 0x000002fbeae70000, 0x000002fbf1d80000]
CodeHeap 'profiled nmethods': size=120000Kb used=17249Kb max_used=17249Kb free=102751Kb
 bounds [0x000002fbe2d80000, 0x000002fbe3e60000, 0x000002fbea2b0000]
CodeHeap 'non-nmethods': size=5696Kb used=1435Kb max_used=1483Kb free=4260Kb
 bounds [0x000002fbea2b0000, 0x000002fbea520000, 0x000002fbea840000]
CodeCache: size=245760Kb, used=24962Kb, max_used=25010Kb, free=220796Kb
 total_blobs=8266, nmethods=7519, adapters=653, full_count=0
Compilation: enabled, stopped_count=0, restarted_count=0

Compilation events (20 events):
Event: 239.114 Thread 0x000002fbf62ff2f0 nmethod 8326 0x000002fbe3e54110 code [0x000002fbe3e542c0, 0x000002fbe3e54508]
Event: 239.176 Thread 0x000002fbf6286fb0 8327       4       java.util.Hashtable$Enumerator::hasNext (5 bytes)
Event: 239.241 Thread 0x000002fbf6286fb0 nmethod 8327 0x000002fbeae5ee10 code [0x000002fbeae5efa0, 0x000002fbeae5f148]
Event: 239.241 Thread 0x000002fbf6286fb0 8328       4       java.util.Hashtable$Enumerator::next (27 bytes)
Event: 239.242 Thread 0x000002fbf6286fb0 nmethod 8328 0x000002fbeae5f210 code [0x000002fbeae5f3a0, 0x000002fbeae5f4e0]
Event: 239.879 Thread 0x000002fbf62ff2f0 8329       3       org.eclipse.osgi.internal.loader.sources.MultiSourcePackage::loadClass (48 bytes)
Event: 239.879 Thread 0x000002fbf62ff2f0 nmethod 8329 0x000002fbe3e54590 code [0x000002fbe3e54760, 0x000002fbe3e54ba0]
Event: 239.913 Thread 0x000002fbf62ff2f0 8330       3       org.eclipse.core.internal.resources.ProjectPreferences::getLoadLevel (59 bytes)
Event: 239.914 Thread 0x000002fbf62ff2f0 nmethod 8330 0x000002fbe3e54d90 code [0x000002fbe3e54fa0, 0x000002fbe3e55628]
Event: 239.914 Thread 0x000002fbf62ff2f0 8331   !   3       org.eclipse.core.internal.resources.ProjectPreferences::silentLoad (65 bytes)
Event: 239.914 Thread 0x000002fbf62ff2f0 nmethod 8331 0x000002fbe3e55890 code [0x000002fbe3e55ac0, 0x000002fbe3e565b0]
Event: 239.917 Thread 0x000002fbf6286fb0 8332       4       java.io.DataOutputStream::writeUTF (389 bytes)
Event: 239.940 Thread 0x000002fbf62ff2f0 8333       3       org.eclipse.core.internal.resources.ProjectPreferences::nodeExists (124 bytes)
Event: 239.942 Thread 0x000002fbf62ff2f0 nmethod 8333 0x000002fbe3e56890 code [0x000002fbe3e56c60, 0x000002fbe3e58410]
Event: 239.944 Thread 0x000002fbf6286fb0 nmethod 8332 0x000002fbeae5f610 code [0x000002fbeae5f8c0, 0x000002fbeae60a80]
Event: 239.988 Thread 0x000002fbf62ff2f0 8334       1       com.sun.jna.internal.Cleaner$CleanerRef::getNext (5 bytes)
Event: 239.988 Thread 0x000002fbf62ff2f0 nmethod 8334 0x000002fbeae61810 code [0x000002fbeae619a0, 0x000002fbeae61a68]
Event: 239.998 Thread 0x000002fbf62ff2f0 8335       3       org.eclipse.jdt.internal.compiler.impl.IrritantSet::clear (22 bytes)
Event: 239.998 Thread 0x000002fbf62ff2f0 nmethod 8335 0x000002fbe3e58c10 code [0x000002fbe3e58dc0, 0x000002fbe3e58f10]
Event: 239.998 Thread 0x000002fbf62ff2f0 8336       3       org.eclipse.jdt.internal.compiler.parser.Scanner::internalScanIdentifierOrKeyword (5041 bytes)

GC Heap History (20 events):
Event: 221.771 GC heap before
{Heap before GC invocations=169 (full 3):
 PSYoungGen      total 20992K, used 20972K [0x00000000d5580000, 0x00000000d7080000, 0x0000000100000000)
  eden space 19456K, 100% used [0x00000000d5580000,0x00000000d6880000,0x00000000d6880000)
  from space 1536K, 98% used [0x00000000d6880000,0x00000000d69fb008,0x00000000d6a00000)
  to   space 4096K, 0% used [0x00000000d6c80000,0x00000000d6c80000,0x00000000d7080000)
 ParOldGen       total 117760K, used 117589K [0x0000000080000000, 0x0000000087300000, 0x00000000d5580000)
  object space 117760K, 99% used [0x0000000080000000,0x00000000872d5778,0x0000000087300000)
 Metaspace       used 54380K, committed 55680K, reserved 1114112K
  class space    used 5944K, committed 6528K, reserved 1048576K
}
Event: 221.779 GC heap after
{Heap after GC invocations=169 (full 3):
 PSYoungGen      total 21504K, used 1984K [0x00000000d5580000, 0x00000000d6e80000, 0x0000000100000000)
  eden space 19456K, 0% used [0x00000000d5580000,0x00000000d5580000,0x00000000d6880000)
  from space 2048K, 96% used [0x00000000d6c80000,0x00000000d6e70000,0x00000000d6e80000)
  to   space 2560K, 0% used [0x00000000d6980000,0x00000000d6980000,0x00000000d6c00000)
 ParOldGen       total 119296K, used 118985K [0x0000000080000000, 0x0000000087480000, 0x00000000d5580000)
  object space 119296K, 99% used [0x0000000080000000,0x0000000087432780,0x0000000087480000)
 Metaspace       used 54380K, committed 55680K, reserved 1114112K
  class space    used 5944K, committed 6528K, reserved 1048576K
}
Event: 222.253 GC heap before
{Heap before GC invocations=170 (full 3):
 PSYoungGen      total 21504K, used 21440K [0x00000000d5580000, 0x00000000d6e80000, 0x0000000100000000)
  eden space 19456K, 100% used [0x00000000d5580000,0x00000000d6880000,0x00000000d6880000)
  from space 2048K, 96% used [0x00000000d6c80000,0x00000000d6e70000,0x00000000d6e80000)
  to   space 2560K, 0% used [0x00000000d6980000,0x00000000d6980000,0x00000000d6c00000)
 ParOldGen       total 119296K, used 118985K [0x0000000080000000, 0x0000000087480000, 0x00000000d5580000)
  object space 119296K, 99% used [0x0000000080000000,0x0000000087432780,0x0000000087480000)
 Metaspace       used 54381K, committed 55680K, reserved 1114112K
  class space    used 5944K, committed 6528K, reserved 1048576K
}
Event: 222.267 GC heap after
{Heap after GC invocations=170 (full 3):
 PSYoungGen      total 22016K, used 2136K [0x00000000d5580000, 0x00000000d6d80000, 0x0000000100000000)
  eden space 19456K, 0% used [0x00000000d5580000,0x00000000d5580000,0x00000000d6880000)
  from space 2560K, 83% used [0x00000000d6980000,0x00000000d6b96008,0x00000000d6c00000)
  to   space 1536K, 0% used [0x00000000d6c00000,0x00000000d6c00000,0x00000000d6d80000)
 ParOldGen       total 121344K, used 120841K [0x0000000080000000, 0x0000000087680000, 0x00000000d5580000)
  object space 121344K, 99% used [0x0000000080000000,0x0000000087602780,0x0000000087680000)
 Metaspace       used 54381K, committed 55680K, reserved 1114112K
  class space    used 5944K, committed 6528K, reserved 1048576K
}
Event: 227.455 GC heap before
{Heap before GC invocations=171 (full 3):
 PSYoungGen      total 22016K, used 21592K [0x00000000d5580000, 0x00000000d6d80000, 0x0000000100000000)
  eden space 19456K, 100% used [0x00000000d5580000,0x00000000d6880000,0x00000000d6880000)
  from space 2560K, 83% used [0x00000000d6980000,0x00000000d6b96008,0x00000000d6c00000)
  to   space 1536K, 0% used [0x00000000d6c00000,0x00000000d6c00000,0x00000000d6d80000)
 ParOldGen       total 121344K, used 120841K [0x0000000080000000, 0x0000000087680000, 0x00000000d5580000)
  object space 121344K, 99% used [0x0000000080000000,0x0000000087602780,0x0000000087680000)
 Metaspace       used 54382K, committed 55680K, reserved 1114112K
  class space    used 5944K, committed 6528K, reserved 1048576K
}
Event: 227.469 GC heap after
{Heap after GC invocations=171 (full 3):
 PSYoungGen      total 19968K, used 1536K [0x00000000d5580000, 0x00000000d7180000, 0x0000000100000000)
  eden space 18432K, 0% used [0x00000000d5580000,0x00000000d5580000,0x00000000d6780000)
  from space 1536K, 100% used [0x00000000d6c00000,0x00000000d6d80000,0x00000000d6d80000)
  to   space 4608K, 0% used [0x00000000d6780000,0x00000000d6780000,0x00000000d6c00000)
 ParOldGen       total 123392K, used 123212K [0x0000000080000000, 0x0000000087880000, 0x00000000d5580000)
  object space 123392K, 99% used [0x0000000080000000,0x00000000878531b8,0x0000000087880000)
 Metaspace       used 54382K, committed 55680K, reserved 1114112K
  class space    used 5944K, committed 6528K, reserved 1048576K
}
Event: 227.543 GC heap before
{Heap before GC invocations=172 (full 3):
 PSYoungGen      total 19968K, used 19968K [0x00000000d5580000, 0x00000000d7180000, 0x0000000100000000)
  eden space 18432K, 100% used [0x00000000d5580000,0x00000000d6780000,0x00000000d6780000)
  from space 1536K, 100% used [0x00000000d6c00000,0x00000000d6d80000,0x00000000d6d80000)
  to   space 4608K, 0% used [0x00000000d6780000,0x00000000d6780000,0x00000000d6c00000)
 ParOldGen       total 123392K, used 123212K [0x0000000080000000, 0x0000000087880000, 0x00000000d5580000)
  object space 123392K, 99% used [0x0000000080000000,0x00000000878531b8,0x0000000087880000)
 Metaspace       used 54382K, committed 55680K, reserved 1114112K
  class space    used 5944K, committed 6528K, reserved 1048576K
}
Event: 227.565 GC heap after
{Heap after GC invocations=172 (full 3):
 PSYoungGen      total 20992K, used 2380K [0x00000000d5580000, 0x00000000d6d80000, 0x0000000100000000)
  eden space 18432K, 0% used [0x00000000d5580000,0x00000000d5580000,0x00000000d6780000)
  from space 2560K, 92% used [0x00000000d6780000,0x00000000d69d3008,0x00000000d6a00000)
  to   space 3072K, 0% used [0x00000000d6a80000,0x00000000d6a80000,0x00000000d6d80000)
 ParOldGen       total 124928K, used 124684K [0x0000000080000000, 0x0000000087a00000, 0x00000000d5580000)
  object space 124928K, 99% used [0x0000000080000000,0x00000000879c31b8,0x0000000087a00000)
 Metaspace       used 54382K, committed 55680K, reserved 1114112K
  class space    used 5944K, committed 6528K, reserved 1048576K
}
Event: 229.879 GC heap before
{Heap before GC invocations=173 (full 3):
 PSYoungGen      total 20992K, used 20812K [0x00000000d5580000, 0x00000000d6d80000, 0x0000000100000000)
  eden space 18432K, 100% used [0x00000000d5580000,0x00000000d6780000,0x00000000d6780000)
  from space 2560K, 92% used [0x00000000d6780000,0x00000000d69d3008,0x00000000d6a00000)
  to   space 3072K, 0% used [0x00000000d6a80000,0x00000000d6a80000,0x00000000d6d80000)
 ParOldGen       total 124928K, used 124684K [0x0000000080000000, 0x0000000087a00000, 0x00000000d5580000)
  object space 124928K, 99% used [0x0000000080000000,0x00000000879c31b8,0x0000000087a00000)
 Metaspace       used 54417K, committed 55744K, reserved 1114112K
  class space    used 5948K, committed 6528K, reserved 1048576K
}
Event: 229.888 GC heap after
{Heap after GC invocations=173 (full 3):
 PSYoungGen      total 17920K, used 3071K [0x00000000d5580000, 0x00000000d7480000, 0x0000000100000000)
  eden space 14848K, 0% used [0x00000000d5580000,0x00000000d5580000,0x00000000d6400000)
  from space 3072K, 99% used [0x00000000d6a80000,0x00000000d6d7fee8,0x00000000d6d80000)
  to   space 6656K, 0% used [0x00000000d6400000,0x00000000d6400000,0x00000000d6a80000)
 ParOldGen       total 128000K, used 127527K [0x0000000080000000, 0x0000000087d00000, 0x00000000d5580000)
  object space 128000K, 99% used [0x0000000080000000,0x0000000087c89f40,0x0000000087d00000)
 Metaspace       used 54417K, committed 55744K, reserved 1114112K
  class space    used 5948K, committed 6528K, reserved 1048576K
}
Event: 230.438 GC heap before
{Heap before GC invocations=174 (full 3):
 PSYoungGen      total 17920K, used 17919K [0x00000000d5580000, 0x00000000d7480000, 0x0000000100000000)
  eden space 14848K, 100% used [0x00000000d5580000,0x00000000d6400000,0x00000000d6400000)
  from space 3072K, 99% used [0x00000000d6a80000,0x00000000d6d7fee8,0x00000000d6d80000)
  to   space 6656K, 0% used [0x00000000d6400000,0x00000000d6400000,0x00000000d6a80000)
 ParOldGen       total 128000K, used 127527K [0x0000000080000000, 0x0000000087d00000, 0x00000000d5580000)
  object space 128000K, 99% used [0x0000000080000000,0x0000000087c89f40,0x0000000087d00000)
 Metaspace       used 54435K, committed 55744K, reserved 1114112K
  class space    used 5948K, committed 6528K, reserved 1048576K
}
Event: 230.445 GC heap after
{Heap after GC invocations=174 (full 3):
 PSYoungGen      total 20992K, used 5731K [0x00000000d5580000, 0x00000000d7000000, 0x0000000100000000)
  eden space 14848K, 0% used [0x00000000d5580000,0x00000000d5580000,0x00000000d6400000)
  from space 6144K, 93% used [0x00000000d6400000,0x00000000d6998c20,0x00000000d6a00000)
  to   space 6144K, 0% used [0x00000000d6a00000,0x00000000d6a00000,0x00000000d7000000)
 ParOldGen       total 129536K, used 129039K [0x0000000080000000, 0x0000000087e80000, 0x00000000d5580000)
  object space 129536K, 99% used [0x0000000080000000,0x0000000087e03f40,0x0000000087e80000)
 Metaspace       used 54435K, committed 55744K, reserved 1114112K
  class space    used 5948K, committed 6528K, reserved 1048576K
}
Event: 231.061 GC heap before
{Heap before GC invocations=175 (full 3):
 PSYoungGen      total 20992K, used 20579K [0x00000000d5580000, 0x00000000d7000000, 0x0000000100000000)
  eden space 14848K, 100% used [0x00000000d5580000,0x00000000d6400000,0x00000000d6400000)
  from space 6144K, 93% used [0x00000000d6400000,0x00000000d6998c20,0x00000000d6a00000)
  to   space 6144K, 0% used [0x00000000d6a00000,0x00000000d6a00000,0x00000000d7000000)
 ParOldGen       total 129536K, used 129039K [0x0000000080000000, 0x0000000087e80000, 0x00000000d5580000)
  object space 129536K, 99% used [0x0000000080000000,0x0000000087e03f40,0x0000000087e80000)
 Metaspace       used 54445K, committed 55744K, reserved 1114112K
  class space    used 5948K, committed 6528K, reserved 1048576K
}
Event: 231.071 GC heap after
{Heap after GC invocations=175 (full 3):
 PSYoungGen      total 20992K, used 5740K [0x00000000d5580000, 0x00000000d7000000, 0x0000000100000000)
  eden space 14848K, 0% used [0x00000000d5580000,0x00000000d5580000,0x00000000d6400000)
  from space 6144K, 93% used [0x00000000d6a00000,0x00000000d6f9b188,0x00000000d7000000)
  to   space 6144K, 0% used [0x00000000d6400000,0x00000000d6400000,0x00000000d6a00000)
 ParOldGen       total 134656K, used 134284K [0x0000000080000000, 0x0000000088380000, 0x00000000d5580000)
  object space 134656K, 99% used [0x0000000080000000,0x0000000088323008,0x0000000088380000)
 Metaspace       used 54445K, committed 55744K, reserved 1114112K
  class space    used 5948K, committed 6528K, reserved 1048576K
}
Event: 234.433 GC heap before
{Heap before GC invocations=176 (full 3):
 PSYoungGen      total 20992K, used 20569K [0x00000000d5580000, 0x00000000d7000000, 0x0000000100000000)
  eden space 14848K, 99% used [0x00000000d5580000,0x00000000d63fb2c8,0x00000000d6400000)
  from space 6144K, 93% used [0x00000000d6a00000,0x00000000d6f9b188,0x00000000d7000000)
  to   space 6144K, 0% used [0x00000000d6400000,0x00000000d6400000,0x00000000d6a00000)
 ParOldGen       total 134656K, used 134284K [0x0000000080000000, 0x0000000088380000, 0x00000000d5580000)
  object space 134656K, 99% used [0x0000000080000000,0x0000000088323008,0x0000000088380000)
 Metaspace       used 55338K, committed 56576K, reserved 1114112K
  class space    used 6071K, committed 6592K, reserved 1048576K
}
Event: 234.446 GC heap after
{Heap after GC invocations=176 (full 3):
 PSYoungGen      total 17408K, used 2315K [0x00000000d5580000, 0x00000000d6c00000, 0x0000000100000000)
  eden space 14848K, 0% used [0x00000000d5580000,0x00000000d5580000,0x00000000d6400000)
  from space 2560K, 90% used [0x00000000d6400000,0x00000000d6642f48,0x00000000d6680000)
  to   space 4096K, 0% used [0x00000000d6800000,0x00000000d6800000,0x00000000d6c00000)
 ParOldGen       total 139776K, used 139721K [0x0000000080000000, 0x0000000088880000, 0x00000000d5580000)
  object space 139776K, 99% used [0x0000000080000000,0x00000000888726c0,0x0000000088880000)
 Metaspace       used 55338K, committed 56576K, reserved 1114112K
  class space    used 6071K, committed 6592K, reserved 1048576K
}
Event: 236.238 GC heap before
{Heap before GC invocations=177 (full 3):
 PSYoungGen      total 17408K, used 17163K [0x00000000d5580000, 0x00000000d6c00000, 0x0000000100000000)
  eden space 14848K, 100% used [0x00000000d5580000,0x00000000d6400000,0x00000000d6400000)
  from space 2560K, 90% used [0x00000000d6400000,0x00000000d6642f48,0x00000000d6680000)
  to   space 4096K, 0% used [0x00000000d6800000,0x00000000d6800000,0x00000000d6c00000)
 ParOldGen       total 139776K, used 139721K [0x0000000080000000, 0x0000000088880000, 0x00000000d5580000)
  object space 139776K, 99% used [0x0000000080000000,0x00000000888726c0,0x0000000088880000)
 Metaspace       used 55967K, committed 57152K, reserved 1114112K
  class space    used 6159K, committed 6656K, reserved 1048576K
}
Event: 236.242 GC heap after
{Heap after GC invocations=177 (full 3):
 PSYoungGen      total 15360K, used 379K [0x00000000d5580000, 0x00000000d6880000, 0x0000000100000000)
  eden space 14848K, 0% used [0x00000000d5580000,0x00000000d5580000,0x00000000d6400000)
  from space 512K, 74% used [0x00000000d6800000,0x00000000d685eee8,0x00000000d6880000)
  to   space 1536K, 0% used [0x00000000d6580000,0x00000000d6580000,0x00000000d6700000)
 ParOldGen       total 141824K, used 141607K [0x0000000080000000, 0x0000000088a80000, 0x00000000d5580000)
  object space 141824K, 99% used [0x0000000080000000,0x0000000088a49e88,0x0000000088a80000)
 Metaspace       used 55967K, committed 57152K, reserved 1114112K
  class space    used 6159K, committed 6656K, reserved 1048576K
}
Event: 238.425 GC heap before
{Heap before GC invocations=178 (full 3):
 PSYoungGen      total 15360K, used 15227K [0x00000000d5580000, 0x00000000d6880000, 0x0000000100000000)
  eden space 14848K, 100% used [0x00000000d5580000,0x00000000d6400000,0x00000000d6400000)
  from space 512K, 74% used [0x00000000d6800000,0x00000000d685eee8,0x00000000d6880000)
  to   space 1536K, 0% used [0x00000000d6580000,0x00000000d6580000,0x00000000d6700000)
 ParOldGen       total 141824K, used 141607K [0x0000000080000000, 0x0000000088a80000, 0x00000000d5580000)
  object space 141824K, 99% used [0x0000000080000000,0x0000000088a49e88,0x0000000088a80000)
 Metaspace       used 56718K, committed 57984K, reserved 1114112K
  class space    used 6238K, committed 6784K, reserved 1048576K
}
Event: 238.432 GC heap after
{Heap after GC invocations=178 (full 3):
 PSYoungGen      total 16384K, used 608K [0x00000000d5580000, 0x00000000d6880000, 0x0000000100000000)
  eden space 14848K, 0% used [0x00000000d5580000,0x00000000d5580000,0x00000000d6400000)
  from space 1536K, 39% used [0x00000000d6580000,0x00000000d6618010,0x00000000d6700000)
  to   space 1024K, 0% used [0x00000000d6780000,0x00000000d6780000,0x00000000d6880000)
 ParOldGen       total 141824K, used 141615K [0x0000000080000000, 0x0000000088a80000, 0x00000000d5580000)
  object space 141824K, 99% used [0x0000000080000000,0x0000000088a4be88,0x0000000088a80000)
 Metaspace       used 56718K, committed 57984K, reserved 1114112K
  class space    used 6238K, committed 6784K, reserved 1048576K
}

Dll operation events (12 events):
Event: 0.041 Loaded shared library c:\Users\santi\.vscode\extensions\redhat.java-1.49.0-win32-x64\jre\21.0.9-win32-x86_64\bin\java.dll
Event: 1.042 Loaded shared library c:\Users\santi\.vscode\extensions\redhat.java-1.49.0-win32-x64\jre\21.0.9-win32-x86_64\bin\zip.dll
Event: 1.201 Loaded shared library C:\Users\santi\.vscode\extensions\redhat.java-1.49.0-win32-x64\jre\21.0.9-win32-x86_64\bin\instrument.dll
Event: 1.240 Loaded shared library C:\Users\santi\.vscode\extensions\redhat.java-1.49.0-win32-x64\jre\21.0.9-win32-x86_64\bin\net.dll
Event: 1.301 Loaded shared library C:\Users\santi\.vscode\extensions\redhat.java-1.49.0-win32-x64\jre\21.0.9-win32-x86_64\bin\nio.dll
Event: 1.321 Loaded shared library C:\Users\santi\.vscode\extensions\redhat.java-1.49.0-win32-x64\jre\21.0.9-win32-x86_64\bin\zip.dll
Event: 1.765 Loaded shared library C:\Users\santi\.vscode\extensions\redhat.java-1.49.0-win32-x64\jre\21.0.9-win32-x86_64\bin\jimage.dll
Event: 2.314 Loaded shared library c:\Users\santi\.vscode\extensions\redhat.java-1.49.0-win32-x64\jre\21.0.9-win32-x86_64\bin\verify.dll
Event: 13.837 Loaded shared library C:\Users\santi\AppData\Roaming\Code\User\globalStorage\redhat.java\1.49.0\config_win\org.eclipse.equinox.launcher\org.eclipse.equinox.launcher.win32.win32.x86_64_1.2.1400.v20250801-0854\eclipse_11916.dll
Event: 30.573 Loaded shared library C:\Users\santi\AppData\Local\Temp\jna-109204053\jna8638426014531732299.dll
Event: 43.384 Loaded shared library C:\Users\santi\.vscode\extensions\redhat.java-1.49.0-win32-x64\jre\21.0.9-win32-x86_64\bin\sunmscapi.dll
Event: 44.569 Loaded shared library C:\Users\santi\.vscode\extensions\redhat.java-1.49.0-win32-x64\jre\21.0.9-win32-x86_64\bin\extnet.dll

Deoptimization events (20 events):
Event: 234.467 Thread 0x000002fbfdc02e10 DEOPT PACKING pc=0x000002fbeabd4d1c sp=0x000000fdbebfe240
Event: 234.467 Thread 0x000002fbfdc02e10 DEOPT UNPACKING pc=0x000002fbea303aa2 sp=0x000000fdbebfe198 mode 2
Event: 234.468 Thread 0x000002fbfdc02e10 Uncommon trap: trap_request=0xffffff45 fr.pc=0x000002fbeadf578c relative=0x0000000000000a2c
Event: 234.468 Thread 0x000002fbfdc02e10 Uncommon trap: reason=unstable_if action=reinterpret pc=0x000002fbeadf578c method=org.eclipse.jdt.internal.compiler.parser.Scanner.internalScanIdentifierOrKeyword(II[C)Lorg/eclipse/jdt/internal/compiler/parser/TerminalToken; @ 1761 c2
Event: 234.468 Thread 0x000002fbfdc02e10 DEOPT PACKING pc=0x000002fbeadf578c sp=0x000000fdbebfe1c0
Event: 234.468 Thread 0x000002fbfdc02e10 DEOPT UNPACKING pc=0x000002fbea303aa2 sp=0x000000fdbebfe160 mode 2
Event: 234.971 Thread 0x000002fbfdc02e10 DEOPT PACKING pc=0x000002fbe3699e9d sp=0x000000fdbebfc950
Event: 234.971 Thread 0x000002fbfdc02e10 DEOPT UNPACKING pc=0x000002fbea304242 sp=0x000000fdbebfbe00 mode 0
Event: 234.995 Thread 0x000002fbfdc02e10 DEOPT PACKING pc=0x000002fbe3699e9d sp=0x000000fdbebf9370
Event: 234.995 Thread 0x000002fbfdc02e10 DEOPT UNPACKING pc=0x000002fbea304242 sp=0x000000fdbebf8820 mode 0
Event: 235.048 Thread 0x000002fbfdc02e10 DEOPT PACKING pc=0x000002fbe2e36cb9 sp=0x000000fdbebf8ee0
Event: 235.048 Thread 0x000002fbfdc02e10 DEOPT UNPACKING pc=0x000002fbea304242 sp=0x000000fdbebf83e0 mode 0
Event: 235.376 Thread 0x000002fbfdc02e10 DEOPT PACKING pc=0x000002fbe34aa91c sp=0x000000fdbebf9010
Event: 235.376 Thread 0x000002fbfdc02e10 DEOPT UNPACKING pc=0x000002fbea304242 sp=0x000000fdbebf8480 mode 0
Event: 235.571 Thread 0x000002fbfdc02e10 DEOPT PACKING pc=0x000002fbe2e36cb9 sp=0x000000fdbebfbae0
Event: 235.571 Thread 0x000002fbfdc02e10 DEOPT UNPACKING pc=0x000002fbea304242 sp=0x000000fdbebfafe0 mode 0
Event: 236.853 Thread 0x000002fbfdc02e10 DEOPT PACKING pc=0x000002fbe2e36cb9 sp=0x000000fdbebf8ef0
Event: 236.853 Thread 0x000002fbfdc02e10 DEOPT UNPACKING pc=0x000002fbea304242 sp=0x000000fdbebf83f0 mode 0
Event: 239.917 Thread 0x000002fbfdc02e10 DEOPT PACKING pc=0x000002fbe3588f2e sp=0x000000fdbebfdae0
Event: 239.917 Thread 0x000002fbfdc02e10 DEOPT UNPACKING pc=0x000002fbea304242 sp=0x000000fdbebfd038 mode 0

Classes loaded (20 events):
Event: 169.536 Loading class java/util/concurrent/CompletableFuture$Signaller
Event: 169.540 Loading class java/util/concurrent/CompletableFuture$Signaller done
Event: 232.503 Loading class java/util/concurrent/CompletableFuture$UniApply
Event: 232.507 Loading class java/util/concurrent/CompletableFuture$UniCompletion
Event: 232.509 Loading class java/util/concurrent/CompletableFuture$UniCompletion done
Event: 232.509 Loading class java/util/concurrent/CompletableFuture$UniApply done
Event: 232.520 Loading class java/util/concurrent/CompletableFuture$UniAccept
Event: 232.520 Loading class java/util/concurrent/CompletableFuture$UniAccept done
Event: 232.520 Loading class java/util/concurrent/CompletableFuture$UniExceptionally
Event: 232.521 Loading class java/util/concurrent/CompletableFuture$UniExceptionally done
Event: 232.900 Loading class java/nio/file/InvalidPathException
Event: 232.902 Loading class java/nio/file/InvalidPathException done
Event: 238.134 Loading class java/util/regex/Pattern$Caret
Event: 238.135 Loading class java/util/regex/Pattern$Caret done
Event: 238.686 Loading class java/util/Hashtable$ValueCollection
Event: 238.686 Loading class java/util/Hashtable$ValueCollection done
Event: 239.899 Loading class java/nio/charset/CharacterCodingException
Event: 239.899 Loading class java/nio/charset/CharacterCodingException done
Event: 239.900 Loading class java/io/SequenceInputStream
Event: 239.902 Loading class java/io/SequenceInputStream done

Classes unloaded (7 events):
Event: 34.335 Thread 0x000002fbdfc3c600 Unloading class 0x000002fb811a8c00 'java/lang/invoke/LambdaForm$MH+0x000002fb811a8c00'
Event: 34.335 Thread 0x000002fbdfc3c600 Unloading class 0x000002fb811a8800 'java/lang/invoke/LambdaForm$MH+0x000002fb811a8800'
Event: 34.335 Thread 0x000002fbdfc3c600 Unloading class 0x000002fb811a8400 'java/lang/invoke/LambdaForm$MH+0x000002fb811a8400'
Event: 34.335 Thread 0x000002fbdfc3c600 Unloading class 0x000002fb811a8000 'java/lang/invoke/LambdaForm$MH+0x000002fb811a8000'
Event: 34.335 Thread 0x000002fbdfc3c600 Unloading class 0x000002fb811a7c00 'java/lang/invoke/LambdaForm$BMH+0x000002fb811a7c00'
Event: 34.335 Thread 0x000002fbdfc3c600 Unloading class 0x000002fb811a7800 'java/lang/invoke/LambdaForm$DMH+0x000002fb811a7800'
Event: 34.335 Thread 0x000002fbdfc3c600 Unloading class 0x000002fb811a6400 'java/lang/invoke/LambdaForm$DMH+0x000002fb811a6400'

Classes redefined (0 events):
No events

Internal exceptions (20 events):
Event: 214.662 Thread 0x000002fbfb002ec0 Exception <a 'sun/nio/fs/WindowsException'{0x00000000d5f9cfe8}> (0x00000000d5f9cfe8) 
thrown [s\src\hotspot\share\prims\jni.cpp, line 520]
Event: 214.853 Thread 0x000002fbfb002ec0 Exception <a 'sun/nio/fs/WindowsException'{0x00000000d60203a8}> (0x00000000d60203a8) 
thrown [s\src\hotspot\share\prims\jni.cpp, line 520]
Event: 214.979 Thread 0x000002fbfb002ec0 Exception <a 'sun/nio/fs/WindowsException'{0x00000000d5581450}> (0x00000000d5581450) 
thrown [s\src\hotspot\share\prims\jni.cpp, line 520]
Event: 215.171 Thread 0x000002fbfb002ec0 Exception <a 'sun/nio/fs/WindowsException'{0x00000000d5e6c458}> (0x00000000d5e6c458) 
thrown [s\src\hotspot\share\prims\jni.cpp, line 520]
Event: 215.397 Thread 0x000002fbfb002ec0 Exception <a 'sun/nio/fs/WindowsException'{0x00000000d68c43f8}> (0x00000000d68c43f8) 
thrown [s\src\hotspot\share\prims\jni.cpp, line 520]
Event: 215.612 Thread 0x000002fbfb002ec0 Exception <a 'sun/nio/fs/WindowsException'{0x00000000d58d91d8}> (0x00000000d58d91d8) 
thrown [s\src\hotspot\share\prims\jni.cpp, line 520]
Event: 215.678 Thread 0x000002fbfb002ec0 Exception <a 'sun/nio/fs/WindowsException'{0x00000000d59a9068}> (0x00000000d59a9068) 
thrown [s\src\hotspot\share\prims\jni.cpp, line 520]
Event: 216.139 Thread 0x000002fbfb002ec0 Exception <a 'sun/nio/fs/WindowsException'{0x00000000d5b067b8}> (0x00000000d5b067b8) 
thrown [s\src\hotspot\share\prims\jni.cpp, line 520]
Event: 216.237 Thread 0x000002fbfb002ec0 Exception <a 'sun/nio/fs/WindowsException'{0x00000000d5ed9318}> (0x00000000d5ed9318) 
thrown [s\src\hotspot\share\prims\jni.cpp, line 520]
Event: 216.299 Thread 0x000002fbfb002ec0 Exception <a 'sun/nio/fs/WindowsException'{0x00000000d641f4c8}> (0x00000000d641f4c8) 
thrown [s\src\hotspot\share\prims\jni.cpp, line 520]
Event: 219.638 Thread 0x000002fbfb002ec0 Exception <a 'sun/nio/fs/WindowsException'{0x00000000d5e059e8}> (0x00000000d5e059e8) 
thrown [s\src\hotspot\share\prims\jni.cpp, line 520]
Event: 220.067 Thread 0x000002fbfb002ec0 Exception <a 'sun/nio/fs/WindowsException'{0x00000000d5fd7530}> (0x00000000d5fd7530) 
thrown [s\src\hotspot\share\prims\jni.cpp, line 520]
Event: 220.160 Thread 0x000002fbfb002ec0 Exception <a 'sun/nio/fs/WindowsException'{0x00000000d611e530}> (0x00000000d611e530) 
thrown [s\src\hotspot\share\prims\jni.cpp, line 520]
Event: 220.243 Thread 0x000002fbfb002ec0 Exception <a 'sun/nio/fs/WindowsException'{0x00000000d61c8810}> (0x00000000d61c8810) 
thrown [s\src\hotspot\share\prims\jni.cpp, line 520]
Event: 222.580 Thread 0x000002fbfb002ec0 Exception <a 'sun/nio/fs/WindowsException'{0x00000000d588c2c8}> (0x00000000d588c2c8) 
thrown [s\src\hotspot\share\prims\jni.cpp, line 520]
Event: 226.868 Thread 0x000002fbfb002ec0 Exception <a 'sun/nio/fs/WindowsException'{0x00000000d5971980}> (0x00000000d5971980) 
thrown [s\src\hotspot\share\prims\jni.cpp, line 520]
Event: 227.795 Thread 0x000002fbfb002ec0 Exception <a 'sun/nio/fs/WindowsException'{0x00000000d5a25498}> (0x00000000d5a25498) 
thrown [s\src\hotspot\share\prims\jni.cpp, line 520]
Event: 229.607 Thread 0x000002fbfb002ec0 Exception <a 'sun/nio/fs/WindowsException'{0x00000000d6187cc0}> (0x00000000d6187cc0) 
thrown [s\src\hotspot\share\prims\jni.cpp, line 520]
Event: 239.978 Thread 0x000002fbfdc02e10 Exception <a 'java/io/FileNotFoundException'{0x00000000d5d259f0}> (0x00000000d5d259f0) 
thrown [s\src\hotspot\share\prims\jni.cpp, line 520]
Event: 239.978 Thread 0x000002fbfdc02e10 Exception <a 'java/io/FileNotFoundException'{0x00000000d5d26a40}> (0x00000000d5d26a40) 
thrown [s\src\hotspot\share\prims\jni.cpp, line 520]

ZGC Phase Switch (0 events):
No events

VM Operations (20 events):
Event: 231.061 Executing VM operation: ParallelGCFailedAllocation (Allocation Failure)
Event: 231.071 Executing VM operation: ParallelGCFailedAllocation (Allocation Failure) done
Event: 233.084 Executing VM operation: Cleanup
Event: 233.084 Executing VM operation: Cleanup done
Event: 234.092 Executing VM operation: Cleanup
Event: 234.099 Executing VM operation: Cleanup done
Event: 234.433 Executing VM operation: ParallelGCFailedAllocation (Allocation Failure)
Event: 234.446 Executing VM operation: ParallelGCFailedAllocation (Allocation Failure) done
Event: 235.449 Executing VM operation: Cleanup
Event: 235.450 Executing VM operation: Cleanup done
Event: 236.238 Executing VM operation: ParallelGCFailedAllocation (Allocation Failure)
Event: 236.242 Executing VM operation: ParallelGCFailedAllocation (Allocation Failure) done
Event: 237.252 Executing VM operation: Cleanup
Event: 237.332 Executing VM operation: Cleanup done
Event: 238.332 Executing VM operation: Cleanup
Event: 238.333 Executing VM operation: Cleanup done
Event: 238.425 Executing VM operation: ParallelGCFailedAllocation (Allocation Failure)
Event: 238.432 Executing VM operation: ParallelGCFailedAllocation (Allocation Failure) done
Event: 239.446 Executing VM operation: Cleanup
Event: 239.477 Executing VM operation: Cleanup done

Memory protections (0 events):
No events

Nmethod flushes (20 events):
Event: 185.060 Thread 0x000002fbdfc3c600 flushing osr nmethod 0x000002fbe36adb10
Event: 185.060 Thread 0x000002fbdfc3c600 flushing  nmethod 0x000002fbe36e6490
Event: 185.060 Thread 0x000002fbdfc3c600 flushing  nmethod 0x000002fbe36e7590
Event: 185.060 Thread 0x000002fbdfc3c600 flushing  nmethod 0x000002fbe36e8510
Event: 185.060 Thread 0x000002fbdfc3c600 flushing  nmethod 0x000002fbe36e9610
Event: 185.060 Thread 0x000002fbdfc3c600 flushing  nmethod 0x000002fbe3708290
Event: 185.060 Thread 0x000002fbdfc3c600 flushing  nmethod 0x000002fbe371ad10
Event: 185.061 Thread 0x000002fbdfc3c600 flushing  nmethod 0x000002fbe372a210
Event: 185.061 Thread 0x000002fbdfc3c600 flushing  nmethod 0x000002fbe3745690
Event: 185.061 Thread 0x000002fbdfc3c600 flushing  nmethod 0x000002fbe3748e90
Event: 185.062 Thread 0x000002fbdfc3c600 flushing  nmethod 0x000002fbe3763190
Event: 185.063 Thread 0x000002fbdfc3c600 flushing  nmethod 0x000002fbe377e490
Event: 185.063 Thread 0x000002fbdfc3c600 flushing  nmethod 0x000002fbe377f110
Event: 185.064 Thread 0x000002fbdfc3c600 flushing  nmethod 0x000002fbe3780710
Event: 185.064 Thread 0x000002fbdfc3c600 flushing  nmethod 0x000002fbe3785610
Event: 185.064 Thread 0x000002fbdfc3c600 flushing  nmethod 0x000002fbe3785990
Event: 185.064 Thread 0x000002fbdfc3c600 flushing  nmethod 0x000002fbe37c2710
Event: 185.065 Thread 0x000002fbdfc3c600 flushing  nmethod 0x000002fbe37c2d10
Event: 185.065 Thread 0x000002fbdfc3c600 flushing  nmethod 0x000002fbe37c6a90
Event: 185.065 Thread 0x000002fbdfc3c600 flushing  nmethod 0x000002fbe37c8f10

Events (20 events):
Event: 47.980 Thread 0x000002fbfb003550 Thread added: 0x000002fbfdc01a60
Event: 48.306 Thread 0x000002fbfdc01a60 Thread exited: 0x000002fbfdc01a60
Event: 48.462 Thread 0x000002fbfb003550 Thread added: 0x000002fbfdbff990
Event: 65.019 Thread 0x000002fbfdbff990 Thread exited: 0x000002fbfdbff990
Event: 154.815 Thread 0x000002fbfdc00d40 Thread exited: 0x000002fbfdc00d40
Event: 160.453 Thread 0x000002fbfb001b10 Thread exited: 0x000002fbfb001b10
Event: 160.459 Thread 0x000002fbfb003550 Thread exited: 0x000002fbfb003550
Event: 168.981 Thread 0x000002fbfb0000d0 Thread added: 0x000002fbfdbff990
Event: 232.518 Thread 0x000002fbfdc02e10 Thread added: 0x000002fbfdc03b30
Event: 232.547 Thread 0x000002fbfdc02e10 Thread added: 0x000002fbfdc01a60
Event: 232.547 Thread 0x000002fbfdc02e10 Thread added: 0x000002fbfdc041c0
Event: 232.548 Thread 0x000002fbfdc02e10 Thread added: 0x000002fbfdc034a0
Event: 232.562 Thread 0x000002fbfdc02e10 Thread added: 0x000002fbfdc00d40
Event: 232.564 Thread 0x000002fbfdc02e10 Thread added: 0x000002fbfdc04850
Event: 233.022 Thread 0x000002fbfdc03b30 Thread exited: 0x000002fbfdc03b30
Event: 233.022 Thread 0x000002fbfdc01a60 Thread exited: 0x000002fbfdc01a60
Event: 233.022 Thread 0x000002fbfdc00d40 Thread exited: 0x000002fbfdc00d40
Event: 233.022 Thread 0x000002fbfdc04850 Thread exited: 0x000002fbfdc04850
Event: 233.022 Thread 0x000002fbfdc034a0 Thread exited: 0x000002fbfdc034a0
Event: 233.023 Thread 0x000002fbfdc041c0 Thread exited: 0x000002fbfdc041c0


Dynamic libraries:
0x00007ff6696d0000 - 0x00007ff6696de000 	c:\Users\santi\.vscode\extensions\redhat.java-1.49.0-win32-x64\jre\21.0.9-win32-x86_64\bin\java.exe
0x00007ffd74bc0000 - 0x00007ffd74e28000 	C:\WINDOWS\SYSTEM32\ntdll.dll
0x00007ffd73dd0000 - 0x00007ffd73e99000 	C:\WINDOWS\System32\KERNEL32.DLL
0x00007ffd72360000 - 0x00007ffd72758000 	C:\WINDOWS\System32\KERNELBASE.dll
0x00007ffd72810000 - 0x00007ffd7295b000 	C:\WINDOWS\System32\ucrtbase.dll
0x00007ffd323b0000 - 0x00007ffd323c8000 	c:\Users\santi\.vscode\extensions\redhat.java-1.49.0-win32-x64\jre\21.0.9-win32-x86_64\bin\jli.dll
0x00007ffd32390000 - 0x00007ffd323ae000 	c:\Users\santi\.vscode\extensions\redhat.java-1.49.0-win32-x64\jre\21.0.9-win32-x86_64\bin\VCRUNTIME140.dll
0x00007ffd73ea0000 - 0x00007ffd74067000 	C:\WINDOWS\System32\USER32.dll
0x00007ffd72330000 - 0x00007ffd72357000 	C:\WINDOWS\System32\win32u.dll
0x00007ffd74a40000 - 0x00007ffd74a6b000 	C:\WINDOWS\System32\GDI32.dll
0x00007ffd571e0000 - 0x00007ffd57474000 	C:\WINDOWS\WinSxS\amd64_microsoft.windows.common-controls_6595b64144ccf1df_6.0.26100.7019_none_3e06ffa0e335b8a8\COMCTL32.dll
0x00007ffd74070000 - 0x00007ffd74119000 	C:\WINDOWS\System32\msvcrt.dll
0x00007ffd71da0000 - 0x00007ffd71ecc000 	C:\WINDOWS\System32\gdi32full.dll
0x00007ffd72280000 - 0x00007ffd72323000 	C:\WINDOWS\System32\msvcp_win.dll
0x00007ffd729d0000 - 0x00007ffd72a01000 	C:\WINDOWS\System32\IMM32.DLL
0x00007ffd32380000 - 0x00007ffd3238c000 	c:\Users\santi\.vscode\extensions\redhat.java-1.49.0-win32-x64\jre\21.0.9-win32-x86_64\bin\vcruntime140_1.dll
0x00007ffd2b1c0000 - 0x00007ffd2b24d000 	c:\Users\santi\.vscode\extensions\redhat.java-1.49.0-win32-x64\jre\21.0.9-win32-x86_64\bin\msvcp140.dll
0x00007ffce6ec0000 - 0x00007ffce7c60000 	c:\Users\santi\.vscode\extensions\redhat.java-1.49.0-win32-x64\jre\21.0.9-win32-x86_64\bin\server\jvm.dll
0x00007ffd74600000 - 0x00007ffd746b4000 	C:\WINDOWS\System32\ADVAPI32.dll
0x00007ffd746c0000 - 0x00007ffd74766000 	C:\WINDOWS\System32\sechost.dll
0x00007ffd72a10000 - 0x00007ffd72b28000 	C:\WINDOWS\System32\RPCRT4.dll
0x00007ffd72b30000 - 0x00007ffd72ba4000 	C:\WINDOWS\System32\WS2_32.dll
0x00007ffd71b70000 - 0x00007ffd71bce000 	C:\WINDOWS\SYSTEM32\POWRPROF.dll
0x00007ffd6bc60000 - 0x00007ffd6bc95000 	C:\WINDOWS\SYSTEM32\WINMM.dll
0x00007ffd6bca0000 - 0x00007ffd6bcab000 	C:\WINDOWS\SYSTEM32\VERSION.dll
0x00007ffd71b40000 - 0x00007ffd71b54000 	C:\WINDOWS\SYSTEM32\UMPDC.dll
0x00007ffd70ad0000 - 0x00007ffd70aeb000 	C:\WINDOWS\SYSTEM32\kernel.appcore.dll
0x00007ffd32370000 - 0x00007ffd3237a000 	c:\Users\santi\.vscode\extensions\redhat.java-1.49.0-win32-x64\jre\21.0.9-win32-x86_64\bin\jimage.dll
0x00007ffd653e0000 - 0x00007ffd65622000 	C:\WINDOWS\SYSTEM32\DBGHELP.DLL
0x00007ffd731c0000 - 0x00007ffd7354b000 	C:\WINDOWS\System32\combase.dll
0x00007ffd72bb0000 - 0x00007ffd72c87000 	C:\WINDOWS\System32\OLEAUT32.dll
0x00007ffd569b0000 - 0x00007ffd569ec000 	C:\WINDOWS\SYSTEM32\dbgcore.DLL
0x00007ffd72760000 - 0x00007ffd72805000 	C:\WINDOWS\System32\bcryptPrimitives.dll
0x00007ffd2b370000 - 0x00007ffd2b37f000 	c:\Users\santi\.vscode\extensions\redhat.java-1.49.0-win32-x64\jre\21.0.9-win32-x86_64\bin\instrument.dll
0x00007ffd2b350000 - 0x00007ffd2b370000 	c:\Users\santi\.vscode\extensions\redhat.java-1.49.0-win32-x64\jre\21.0.9-win32-x86_64\bin\java.dll
0x00007ffd73610000 - 0x00007ffd73d5f000 	C:\WINDOWS\System32\SHELL32.dll
0x00007ffd71ed0000 - 0x00007ffd7203b000 	C:\WINDOWS\System32\wintypes.dll
0x00007ffd6f970000 - 0x00007ffd701cd000 	C:\WINDOWS\SYSTEM32\windows.storage.dll
0x00007ffd72e00000 - 0x00007ffd72ef2000 	C:\WINDOWS\System32\SHCORE.dll
0x00007ffd72960000 - 0x00007ffd729c7000 	C:\WINDOWS\System32\shlwapi.dll
0x00007ffd71c30000 - 0x00007ffd71c59000 	C:\WINDOWS\SYSTEM32\profapi.dll
0x00007ffd2b1a0000 - 0x00007ffd2b1b8000 	c:\Users\santi\.vscode\extensions\redhat.java-1.49.0-win32-x64\jre\21.0.9-win32-x86_64\bin\zip.dll
0x00007ffd2b340000 - 0x00007ffd2b350000 	C:\Users\santi\.vscode\extensions\redhat.java-1.49.0-win32-x64\jre\21.0.9-win32-x86_64\bin\net.dll
0x00007ffd66e60000 - 0x00007ffd66f88000 	C:\WINDOWS\SYSTEM32\WINHTTP.dll
0x00007ffd71040000 - 0x00007ffd710ab000 	C:\WINDOWS\system32\mswsock.dll
0x00007ffd2b180000 - 0x00007ffd2b196000 	C:\Users\santi\.vscode\extensions\redhat.java-1.49.0-win32-x64\jre\21.0.9-win32-x86_64\bin\nio.dll
0x00007ffd337d0000 - 0x00007ffd337e0000 	c:\Users\santi\.vscode\extensions\redhat.java-1.49.0-win32-x64\jre\21.0.9-win32-x86_64\bin\verify.dll
0x00007ffd2a490000 - 0x00007ffd2a4d4000 	C:\Users\santi\AppData\Roaming\Code\User\globalStorage\redhat.java\1.49.0\config_win\org.eclipse.equinox.launcher\org.eclipse.equinox.launcher.win32.win32.x86_64_1.2.1400.v20250801-0854\eclipse_11916.dll
0x00007ffd73020000 - 0x00007ffd731b7000 	C:\WINDOWS\System32\ole32.dll
0x00007ffd71300000 - 0x00007ffd7131b000 	C:\WINDOWS\SYSTEM32\CRYPTSP.dll
0x00007ffd70a30000 - 0x00007ffd70a6a000 	C:\WINDOWS\system32\rsaenh.dll
0x00007ffd710f0000 - 0x00007ffd7111b000 	C:\WINDOWS\SYSTEM32\USERENV.dll
0x00007ffd71c00000 - 0x00007ffd71c2a000 	C:\WINDOWS\SYSTEM32\bcrypt.dll
0x00007ffd71320000 - 0x00007ffd7132c000 	C:\WINDOWS\SYSTEM32\CRYPTBASE.dll
0x00007ffd70630000 - 0x00007ffd70664000 	C:\WINDOWS\SYSTEM32\IPHLPAPI.DLL
0x00007ffd749e0000 - 0x00007ffd749ea000 	C:\WINDOWS\System32\NSI.dll
0x00007ffd567a0000 - 0x00007ffd567e9000 	C:\Users\santi\AppData\Local\Temp\jna-109204053\jna8638426014531732299.dll
0x00007ffd74a30000 - 0x00007ffd74a38000 	C:\WINDOWS\System32\PSAPI.DLL
0x00007ffd66cb0000 - 0x00007ffd66cce000 	C:\WINDOWS\SYSTEM32\dhcpcsvc6.DLL
0x00007ffd66ba0000 - 0x00007ffd66bc3000 	C:\WINDOWS\SYSTEM32\dhcpcsvc.DLL
0x00007ffd30040000 - 0x00007ffd3004e000 	C:\Users\santi\.vscode\extensions\redhat.java-1.49.0-win32-x64\jre\21.0.9-win32-x86_64\bin\sunmscapi.dll
0x00007ffd72040000 - 0x00007ffd721b7000 	C:\WINDOWS\System32\CRYPT32.dll
0x00007ffd71520000 - 0x00007ffd71550000 	C:\WINDOWS\SYSTEM32\ncrypt.dll
0x00007ffd714d0000 - 0x00007ffd7150f000 	C:\WINDOWS\SYSTEM32\NTASN1.dll
0x00007ffd70670000 - 0x00007ffd7079c000 	C:\WINDOWS\SYSTEM32\DNSAPI.dll
0x00007ffd68ab0000 - 0x00007ffd68abb000 	C:\Windows\System32\rasadhlp.dll
0x00007ffd65050000 - 0x00007ffd650d6000 	C:\WINDOWS\System32\fwpuclnt.dll
0x00007ffd32280000 - 0x00007ffd32289000 	C:\Users\santi\.vscode\extensions\redhat.java-1.49.0-win32-x64\jre\21.0.9-win32-x86_64\bin\extnet.dll

JVMTI agents:
c:\Users\santi\.vscode\extensions\redhat.java-1.49.0-win32-x64\lombok\lombok-1.18.39-4050.jar path:c:\Users\santi\.vscode\extensions\redhat.java-1.49.0-win32-x64\jre\21.0.9-win32-x86_64\bin\instrument.dll, loaded, initialized, instrumentlib options:none

dbghelp: loaded successfully - version: 4.0.5 - missing functions: none
symbol engine: initialized successfully - sym options: 0x614 - pdb path: .;c:\Users\santi\.vscode\extensions\redhat.java-1.49.0-win32-x64\jre\21.0.9-win32-x86_64\bin;C:\WINDOWS\SYSTEM32;C:\WINDOWS\WinSxS\amd64_microsoft.windows.common-controls_6595b64144ccf1df_6.0.26100.7019_none_3e06ffa0e335b8a8;c:\Users\santi\.vscode\extensions\redhat.java-1.49.0-win32-x64\jre\21.0.9-win32-x86_64\bin\server;C:\Users\santi\AppData\Roaming\Code\User\globalStorage\redhat.java\1.49.0\config_win\org.eclipse.equinox.launcher\org.eclipse.equinox.launcher.win32.win32.x86_64_1.2.1400.v20250801-0854;C:\Users\santi\AppData\Local\Temp\jna-109204053

VM Arguments:
jvm_args: --add-modules=ALL-SYSTEM --add-opens=java.base/java.util=ALL-UNNAMED --add-opens=java.base/java.lang=ALL-UNNAMED --add-opens=java.base/sun.nio.fs=ALL-UNNAMED -Declipse.application=org.eclipse.jdt.ls.core.id1 -Dosgi.bundles.defaultStartLevel=4 -Declipse.product=org.eclipse.jdt.ls.core.product -Djava.import.generatesMetadataFilesAtProjectRoot=false -DDetectVMInstallationsJob.disabled=true -Dfile.encoding=utf8 -XX:+UseParallelGC -XX:GCTimeRatio=4 -XX:AdaptiveSizePolicyWeight=90 -Dsun.zip.disableMemoryMapping=true -Xmx2G -Xms100m -Xlog:disable -javaagent:c:\Users\santi\.vscode\extensions\redhat.java-1.49.0-win32-x64\lombok\lombok-1.18.39-4050.jar -XX:+HeapDumpOnOutOfMemoryError -XX:HeapDumpPath=c:\Users\santi\AppData\Roaming\Code\User\workspaceStorage\23eb613e480090b85b8628add337e000\redhat.java -Daether.dependencyCollector.impl=bf 
java_command: c:\Users\santi\.vscode\extensions\redhat.java-1.49.0-win32-x64\server\plugins\org.eclipse.equinox.launcher_1.7.100.v20251111-0406.jar -configuration c:\Users\santi\AppData\Roaming\Code\User\globalStorage\redhat.java\1.49.0\config_win -data c:\Users\santi\AppData\Roaming\Code\User\workspaceStorage\23eb613e480090b85b8628add337e000\redhat.java\jdt_ws --pipe=\\.\pipe\lsp-fd50229059360f9d05dea1a4d6a4a07f-sock
java_class_path (initial): c:\Users\santi\.vscode\extensions\redhat.java-1.49.0-win32-x64\server\plugins\org.eclipse.equinox.launcher_1.7.100.v20251111-0406.jar
Launcher Type: SUN_STANDARD

[Global flags]
    uintx AdaptiveSizePolicyWeight                 = 90                                        {product} {command line}
     intx CICompilerCount                          = 2                                         {product} {ergonomic}
    uintx GCTimeRatio                              = 4                                         {product} {command line}
     bool HeapDumpOnOutOfMemoryError               = true                                   {manageable} {command line}
    ccstr HeapDumpPath                             = c:\Users\santi\AppData\Roaming\Code\User\workspaceStorage\23eb613e480090b85b8628add337e000\redhat.java         {manageable} {command line}
   size_t InitialHeapSize                          = 104857600                                 {product} {command line}
   size_t MaxHeapSize                              = 2147483648                                {product} {command line}
   size_t MaxNewSize                               = 715653120                                 {product} {ergonomic}
   size_t MinHeapDeltaBytes                        = 524288                                    {product} {ergonomic}
   size_t MinHeapSize                              = 104857600                                 {product} {command line}
   size_t NewSize                                  = 34603008                                  {product} {ergonomic}
    uintx NonNMethodCodeHeapSize                   = 5826188                                {pd product} {ergonomic}
    uintx NonProfiledCodeHeapSize                  = 122916026                              {pd product} {ergonomic}
   size_t OldSize                                  = 70254592                                  {product} {ergonomic}
    uintx ProfiledCodeHeapSize                     = 122916026                              {pd product} {ergonomic}
    uintx ReservedCodeCacheSize                    = 251658240                              {pd product} {ergonomic}
     bool SegmentedCodeCache                       = true                                      {product} {ergonomic}
   size_t SoftMaxHeapSize                          = 2147483648                             {manageable} {ergonomic}
     bool UseCompressedOops                        = true                           {product lp64_product} {ergonomic}
     bool UseLargePagesIndividualAllocation        = false                                  {pd product} {ergonomic}
     bool UseParallelGC                            = true                                      {product} {command line}

Logging:
Log output configuration:
 #0: stdout all=off uptime,level,tags foldmultilines=false
 #1: stderr all=off uptime,level,tags foldmultilines=false

Release file:
JAVA_VERSION="21.0.9" 
MODULES="java.base java.compiler java.datatransfer java.xml java.prefs java.desktop java.instrument java.logging java.management java.security.sasl java.naming java.rmi java.management.rmi java.net.http java.scripting java.security.jgss java.transaction.xa java.sql java.sql.rowset java.xml.crypto java.se java.smartcardio jdk.accessibility jdk.internal.jvmstat jdk.attach jdk.charsets jdk.internal.opt jdk.zipfs jdk.compiler jdk.crypto.ec jdk.crypto.cryptoki jdk.crypto.mscapi jdk.dynalink jdk.internal.ed jdk.editpad jdk.hotspot.agent jdk.httpserver jdk.internal.le jdk.internal.vm.ci jdk.internal.vm.compiler jdk.internal.vm.compiler.management jdk.jartool jdk.javadoc jdk.jcmd jdk.management jdk.management.agent jdk.jconsole jdk.jdeps jdk.jdwp.agent jdk.jdi jdk.jfr jdk.jshell jdk.jsobject jdk.jstatd jdk.localedata jdk.management.jfr jdk.naming.dns jdk.naming.rmi jdk.net jdk.nio.mapmode jdk.random jdk.sctp jdk.security.auth jdk.security.jgss jdk.unsupported jdk.unsupported.desktop jdk.xml.dom" 

Environment Variables:
JAVA_HOME=C:\Program Files\Eclipse Adoptium\jdk-17.0.16.8-hotspot
PATH=C:\Program Files\Eclipse Adoptium\jdk-17.0.16.8-hotspot\bin;C:\WINDOWS\system32;C:\WINDOWS;C:\WINDOWS\System32\Wbem;C:\WINDOWS\System32\WindowsPowerShell\v1.0\;C:\WINDOWS\System32\OpenSSH\;C:\Windows\system32;C:\Windows;C:\Windows\System32\Wbem;C:\Program Files\HP\HP One Agent;C:\Program Files\Git\cmd;C:\WINDOWS\system32;C:\WINDOWS;C:\WINDOWS\System32\Wbem;C:\WINDOWS\System32\WindowsPowerShell\v1.0\;C:\WINDOWS\System32\OpenSSH\;C:\xampp\php;C:\composer;C:\Program Files\nodejs\;C:\Users\santi\OneDrive\Desktop\RR\apache-maven-3.9.11\bin;C:\flutter\bin;\bin;C:\Program Files\Eclipse Adoptium\jdk-17.0.16.8-hotspot\bin;C:\WINDOWS\system32;C:\WINDOWS;C:\WINDOWS\System32\Wbem;C:\WINDOWS\System32\WindowsPowerShell\v1.0\;C:\WINDOWS\System32\OpenSSH\;C:\Windows\system32;C:\Windows;C:\Windows\System32\Wbem;C:\Program Files\HP\HP One Agent;C:\Program Files\Git\cmd;C:\WINDOWS\system32;C:\WINDOWS;C:\WINDOWS\System32\Wbem;C:\WINDOWS\System32\WindowsPowerShell\v1.0\;C:\WINDOWS\System32\OpenSSH\;C:\xampp\php;C:\composer;C:\Program Files\nodejs\;C:\Users\santi\OneDrive\Desktop\RR\apache-maven-3.9.11\bin;C:\flutter\bin;C:\Users\santi\AppData\Local\Programs\Python\Python39\Scripts\;C:\Users\santi\AppData\Local\Programs\Python\Python39\;C:\Users\santi\AppData\Local\Microsoft\WindowsApps;C:\Users\santi\AppData\Local\GitHubDesktop\bin;C:\Users\santi\AppData\Local\Programs\Microsoft VS Code\bin;C:\Program Files\MongoDB\Server\8.0\bin;C:\Program Files\MongoDB\mongosh-2.5.6-win32-x64\bin;C:\Users\santi\AppData\Roaming\Composer\vendor\bin;C:\Users\santi\AppData\Roaming\npm;C:\flutt
USERNAME=santi
OS=Windows_NT
PROCESSOR_IDENTIFIER=AMD64 Family 23 Model 24 Stepping 1, AuthenticAMD
TMP=C:\Users\santi\AppData\Local\Temp
TEMP=C:\Users\santi\AppData\Local\Temp




Periodic native trim disabled

---------------  S Y S T E M  ---------------

OS:
 Windows 11 , 64 bit Build 26100 (10.0.26100.7019)
OS uptime: 0 days 1:05 hours

CPU: total 2 (initial active 2) (2 cores per cpu, 1 threads per core) family 23 model 24 stepping 1 microcode 0x8108109, cx8, cmov, fxsr, mmx, 3dnowpref, sse, sse2, sse3, ssse3, sse4a, sse4.1, sse4.2, popcnt, lzcnt, tsc, tscinvbit, avx, avx2, aes, clmul, bmi1, bmi2, adx, sha, fma, vzeroupper, clflush, clflushopt, rdtscp, f16c
Processor Information for the first 2 processors :
  Max Mhz: 2300, Current Mhz: 2300, Mhz Limit: 2300

Memory: 4k page, system-wide physical 3526M (206M free)
TotalPageFile size 14278M (AvailPageFile size 0M)
current process WorkingSet (physical memory assigned to process): 155M, peak: 196M
current process commit charge ("private bytes"): 379M, peak: 1595M

vm_info: OpenJDK 64-Bit Server VM (21.0.9+10-LTS) for windows-amd64 JRE (21.0.9+10-LTS), built on 2025-10-21T00:00:00Z by "admin" with unknown MS VC++:1942

END.
