#
# There is insufficient memory for the Java Runtime Environment to continue.
# Native memory allocation (malloc) failed to allocate 2016624 bytes. Error detail: Chunk::new
# Possible reasons:
#   The system is out of physical RAM or swap space
#   This process is running with CompressedOops enabled, and the Java Heap may be blocking the growth of the native heap
# Possible solutions:
#   Reduce memory load on the system
#   Increase physical memory or swap space
#   Check if swap backing store is full
#   Decrease Java heap size (-Xmx/-Xms)
#   Decrease number of Java threads
#   Decrease Java thread stack sizes (-Xss)
#   Set larger code cache with -XX:ReservedCodeCacheSize=
#   JVM is running with Unscaled Compressed Oops mode in which the Java heap is
#     placed in the first 4GB address space. The Java Heap base address is the
#     maximum limit for the native heap growth. Please use -XX:HeapBaseMinAddress
#     to set the Java Heap base and to place the Java Heap above 4GB virtual address.
# This output file may be truncated or incomplete.
#
#  Out of Memory Error (arena.cpp:149), pid=7308, tid=6672
#
# JRE version: OpenJDK Runtime Environment (23.0.1+11) (build 23.0.1+11-39)
# Java VM: OpenJDK 64-Bit Server VM (23.0.1+11-39, mixed mode, sharing, tiered, compressed oops, compressed class ptrs, g1 gc, windows-amd64)
# No core dump will be written. Minidumps are not enabled by default on client versions of Windows
#

---------------  S U M M A R Y ------------

Command Line: -javaagent:C:\Program Files\JetBrains\IntelliJ IDEA Community Edition 2024.2.4\lib\idea_rt.jar=52015:C:\Program Files\JetBrains\IntelliJ IDEA Community Edition 2024.2.4\bin -Dfile.encoding=UTF-8 -Dsun.stdout.encoding=UTF-8 -Dsun.stderr.encoding=UTF-8 com.Ros.exe.ExeApplication

Host: AMD Athlon Silver 3050U with Radeon Graphics   , 2 cores, 3G,  Windows 11 , 64 bit Build 26100 (10.0.26100.7019)
Time: Wed Nov 19 02:39:03 2025 Hora est. Pacífico, Sudamérica elapsed time: 27.498191 seconds (0d 0h 0m 27s)

---------------  T H R E A D  ---------------

Current thread (0x000001fd31a92110):  JavaThread "C2 CompilerThread0" daemon [_thread_in_native, id=6672, stack(0x0000004298e00000,0x0000004298f00000) (1024K)]


Current CompileTask:
C2:27498 2563   !   4       jdk.internal.loader.BuiltinClassLoader::loadClassOrNull (143 bytes)

Stack: [0x0000004298e00000,0x0000004298f00000]
Native frames: (J=compiled Java code, j=interpreted, Vv=VM code, C=native code)
V  [jvm.dll+0x6e08b9]  (no source info available)
V  [jvm.dll+0x87dc83]  (no source info available)
V  [jvm.dll+0x88010e]  (no source info available)
V  [jvm.dll+0x8807e3]  (no source info available)
V  [jvm.dll+0x27aee6]  (no source info available)
V  [jvm.dll+0xbc06f]  (no source info available)
V  [jvm.dll+0xbc2cb]  (no source info available)
V  [jvm.dll+0x3b3a9c]  (no source info available)
V  [jvm.dll+0x38a42b]  (no source info available)
V  [jvm.dll+0x38989a]  (no source info available)
V  [jvm.dll+0x244aa1]  (no source info available)
V  [jvm.dll+0x243dff]  (no source info available)
V  [jvm.dll+0x1c33a0]  (no source info available)
V  [jvm.dll+0x253cf1]  (no source info available)
V  [jvm.dll+0x251faa]  (no source info available)
V  [jvm.dll+0x3ee036]  (no source info available)
V  [jvm.dll+0x824f8b]  (no source info available)
V  [jvm.dll+0x6df065]  (no source info available)
C  [ucrtbase.dll+0x37b0]  (no source info available)
C  [KERNEL32.DLL+0x2e8d7]  (no source info available)
C  [ntdll.dll+0x8c53c]  (no source info available)

Lock stack of current Java thread (top to bottom):


---------------  P R O C E S S  ---------------

Threads class SMR info:
_java_thread_list=0x000001fd773ab270, length=15, elements={
0x000001fd1707f8e0, 0x000001fd31a84070, 0x000001fd31a859f0, 0x000001fd31a8ca10,
0x000001fd31a8d470, 0x000001fd31a8f910, 0x000001fd31a91380, 0x000001fd31a92110,
0x000001fd31a96330, 0x000001fd31b79130, 0x000001fd7718e780, 0x000001fd7718edf0,
0x000001fd77890810, 0x000001fd77891300, 0x000001fd7758d410
}

Java Threads: ( => current thread )
  0x000001fd1707f8e0 JavaThread "main"                              [_thread_blocked, id=19564, stack(0x0000004298000000,0x0000004298100000) (1024K)]
  0x000001fd31a84070 JavaThread "Reference Handler"          daemon [_thread_blocked, id=16188, stack(0x0000004298800000,0x0000004298900000) (1024K)]
  0x000001fd31a859f0 JavaThread "Finalizer"                  daemon [_thread_blocked, id=8488, stack(0x0000004298900000,0x0000004298a00000) (1024K)]
  0x000001fd31a8ca10 JavaThread "Signal Dispatcher"          daemon [_thread_blocked, id=5360, stack(0x0000004298a00000,0x0000004298b00000) (1024K)]
  0x000001fd31a8d470 JavaThread "Attach Listener"            daemon [_thread_blocked, id=5992, stack(0x0000004298b00000,0x0000004298c00000) (1024K)]
  0x000001fd31a8f910 JavaThread "Service Thread"             daemon [_thread_blocked, id=8, stack(0x0000004298c00000,0x0000004298d00000) (1024K)]
  0x000001fd31a91380 JavaThread "Monitor Deflation Thread"   daemon [_thread_blocked, id=10196, stack(0x0000004298d00000,0x0000004298e00000) (1024K)]
=>0x000001fd31a92110 JavaThread "C2 CompilerThread0"         daemon [_thread_in_native, id=6672, stack(0x0000004298e00000,0x0000004298f00000) (1024K)]
  0x000001fd31a96330 JavaThread "C1 CompilerThread0"         daemon [_thread_blocked, id=16512, stack(0x0000004298f00000,0x0000004299000000) (1024K)]
  0x000001fd31b79130 JavaThread "Common-Cleaner"             daemon [_thread_blocked, id=16756, stack(0x0000004299000000,0x0000004299100000) (1024K)]
  0x000001fd7718e780 JavaThread "Monitor Ctrl-Break"         daemon [_thread_in_native, id=11496, stack(0x0000004299200000,0x0000004299300000) (1024K)]
  0x000001fd7718edf0 JavaThread "Notification Thread"        daemon [_thread_blocked, id=11172, stack(0x0000004299300000,0x0000004299400000) (1024K)]
  0x000001fd77890810 JavaThread "Thread-0"                          [_thread_blocked, id=16572, stack(0x0000004299400000,0x0000004299500000) (1024K)]
  0x000001fd77891300 JavaThread "restartedMain"                     [_thread_in_vm, id=9152, stack(0x0000004299500000,0x0000004299600000) (1024K)]
  0x000001fd7758d410 JavaThread "background-preinit"                [_thread_in_native, id=10300, stack(0x0000004299700000,0x0000004299800000) (1024K)]
Total: 15

Other Threads:
  0x000001fd1712c4b0 VMThread "VM Thread"                           [id=13932, stack(0x0000004298700000,0x0000004298800000) (1024K)]
  0x000001fd31a6d0d0 WatcherThread "VM Periodic Task Thread"        [id=2104, stack(0x0000004298600000,0x0000004298700000) (1024K)]
  0x000001fd170b3250 WorkerThread "GC Thread#0"                     [id=8752, stack(0x0000004298100000,0x0000004298200000) (1024K)]
  0x000001fd31e28360 WorkerThread "GC Thread#1"                     [id=17928, stack(0x0000004299100000,0x0000004299200000) (1024K)]
  0x000001fd170bcc70 ConcurrentGCThread "G1 Main Marker"            [id=2176, stack(0x0000004298200000,0x0000004298300000) (1024K)]
  0x000001fd14dfb640 WorkerThread "G1 Conc#0"                       [id=3424, stack(0x0000004298300000,0x0000004298400000) (1024K)]
  0x000001fd17103fb0 ConcurrentGCThread "G1 Refine#0"               [id=9856, stack(0x0000004298400000,0x0000004298500000) (1024K)]
  0x000001fd17105960 ConcurrentGCThread "G1 Service"                [id=11276, stack(0x0000004298500000,0x0000004298600000) (1024K)]
Total: 8

Threads with active compile tasks:
C2 CompilerThread0  27713 2563   !   4       jdk.internal.loader.BuiltinClassLoader::loadClassOrNull (143 bytes)
Total: 1

VM state: not at safepoint (normal execution)

VM Mutex/Monitor currently owned by a thread: None

Heap address: 0x00000000c8e00000, size: 882 MB, Compressed Oops mode: 32-bit

CDS archive(s) mapped at: [0x000001fd32000000-0x000001fd32d70000-0x000001fd32d70000), size 14090240, SharedBaseAddress: 0x000001fd32000000, ArchiveRelocationMode: 1.
Compressed class space mapped at: 0x000001fd33000000-0x000001fd73000000, reserved size: 1073741824
Narrow klass base: 0x000001fd32000000, Narrow klass shift: 0, Narrow klass range: 0x41000000

GC Precious Log:
 CardTable entry size: 512
 Card Set container configuration: InlinePtr #cards 5 size 8 Array Of Cards #cards 10 size 36 Howl #buckets 4 coarsen threshold 1843 Howl Bitmap #cards 512 size 80 coarsen threshold 460 Card regions per heap region 1 cards per card region 2048
 CPUs: 2 total, 2 available
 Memory: 3526M
 Large Page Support: Disabled
 NUMA Support: Disabled
 Compressed Oops: Enabled (32-bit)
 Heap Region Size: 1M
 Heap Min Capacity: 8M
 Heap Initial Capacity: 56M
 Heap Max Capacity: 882M
 Pre-touch: Disabled
 Parallel Workers: 2
 Concurrent Workers: 1
 Concurrent Refinement Workers: 2
 Periodic GC: Disabled

Heap:
 garbage-first heap   total reserved 903168K, committed 57344K, used 28653K [0x00000000c8e00000, 0x0000000100000000)
  region size 1024K, 21 young (21504K), 3 survivors (3072K)
 Metaspace       used 19901K, committed 20224K, reserved 1114112K
  class space    used 2588K, committed 2752K, reserved 1048576K

Heap Regions: E=young(eden), S=young(survivor), O=old, HS=humongous(starts), HC=humongous(continues), CS=collection set, F=free, TAMS=top-at-mark-start, PB=parsable bottom
|   0|0x00000000c8e00000, 0x00000000c8f00000, 0x00000000c8f00000|100%|HS|  |TAMS 0x00000000c8e00000| PB 0x00000000c8e00000| Complete |  0
|   1|0x00000000c8f00000, 0x00000000c9000000, 0x00000000c9000000|100%| O|  |TAMS 0x00000000c8f00000| PB 0x00000000c8f00000| Untracked |  0
|   2|0x00000000c9000000, 0x00000000c9100000, 0x00000000c9100000|100%| O|  |TAMS 0x00000000c9000000| PB 0x00000000c9000000| Untracked |  0
|   3|0x00000000c9100000, 0x00000000c9200000, 0x00000000c9200000|100%| O|  |TAMS 0x00000000c9100000| PB 0x00000000c9100000| Untracked |  0
|   4|0x00000000c9200000, 0x00000000c9300000, 0x00000000c9300000|100%| O|  |TAMS 0x00000000c9200000| PB 0x00000000c9200000| Untracked |  0
|   5|0x00000000c9300000, 0x00000000c9400000, 0x00000000c9400000|100%| O|  |TAMS 0x00000000c9300000| PB 0x00000000c9300000| Untracked |  0
|   6|0x00000000c9400000, 0x00000000c9500000, 0x00000000c9500000|100%| O|  |TAMS 0x00000000c9400000| PB 0x00000000c9400000| Untracked |  0
|   7|0x00000000c9500000, 0x00000000c9600000, 0x00000000c9600000|100%| O|  |TAMS 0x00000000c9500000| PB 0x00000000c9500000| Untracked |  0
|   8|0x00000000c9600000, 0x00000000c96fb480, 0x00000000c9700000| 98%| O|  |TAMS 0x00000000c9600000| PB 0x00000000c9600000| Untracked |  0
|   9|0x00000000c9700000, 0x00000000c9700000, 0x00000000c9800000|  0%| F|  |TAMS 0x00000000c9700000| PB 0x00000000c9700000| Untracked |  0
|  10|0x00000000c9800000, 0x00000000c9800000, 0x00000000c9900000|  0%| F|  |TAMS 0x00000000c9800000| PB 0x00000000c9800000| Untracked |  0
|  11|0x00000000c9900000, 0x00000000c9900000, 0x00000000c9a00000|  0%| F|  |TAMS 0x00000000c9900000| PB 0x00000000c9900000| Untracked |  0
|  12|0x00000000c9a00000, 0x00000000c9a00000, 0x00000000c9b00000|  0%| F|  |TAMS 0x00000000c9a00000| PB 0x00000000c9a00000| Untracked |  0
|  13|0x00000000c9b00000, 0x00000000c9b00000, 0x00000000c9c00000|  0%| F|  |TAMS 0x00000000c9b00000| PB 0x00000000c9b00000| Untracked |  0
|  14|0x00000000c9c00000, 0x00000000c9c00000, 0x00000000c9d00000|  0%| F|  |TAMS 0x00000000c9c00000| PB 0x00000000c9c00000| Untracked |  0
|  15|0x00000000c9d00000, 0x00000000c9d00000, 0x00000000c9e00000|  0%| F|  |TAMS 0x00000000c9d00000| PB 0x00000000c9d00000| Untracked |  0
|  16|0x00000000c9e00000, 0x00000000c9e00000, 0x00000000c9f00000|  0%| F|  |TAMS 0x00000000c9e00000| PB 0x00000000c9e00000| Untracked |  0
|  17|0x00000000c9f00000, 0x00000000c9f00000, 0x00000000ca000000|  0%| F|  |TAMS 0x00000000c9f00000| PB 0x00000000c9f00000| Untracked |  0
|  18|0x00000000ca000000, 0x00000000ca000000, 0x00000000ca100000|  0%| F|  |TAMS 0x00000000ca000000| PB 0x00000000ca000000| Untracked |  0
|  19|0x00000000ca100000, 0x00000000ca100000, 0x00000000ca200000|  0%| F|  |TAMS 0x00000000ca100000| PB 0x00000000ca100000| Untracked |  0
|  20|0x00000000ca200000, 0x00000000ca200000, 0x00000000ca300000|  0%| F|  |TAMS 0x00000000ca200000| PB 0x00000000ca200000| Untracked |  0
|  21|0x00000000ca300000, 0x00000000ca300000, 0x00000000ca400000|  0%| F|  |TAMS 0x00000000ca300000| PB 0x00000000ca300000| Untracked |  0
|  22|0x00000000ca400000, 0x00000000ca400000, 0x00000000ca500000|  0%| F|  |TAMS 0x00000000ca400000| PB 0x00000000ca400000| Untracked |  0
|  23|0x00000000ca500000, 0x00000000ca500000, 0x00000000ca600000|  0%| F|  |TAMS 0x00000000ca500000| PB 0x00000000ca500000| Untracked |  0
|  24|0x00000000ca600000, 0x00000000ca600000, 0x00000000ca700000|  0%| F|  |TAMS 0x00000000ca600000| PB 0x00000000ca600000| Untracked |  0
|  25|0x00000000ca700000, 0x00000000ca700000, 0x00000000ca800000|  0%| F|  |TAMS 0x00000000ca700000| PB 0x00000000ca700000| Untracked |  0
|  26|0x00000000ca800000, 0x00000000ca800000, 0x00000000ca900000|  0%| F|  |TAMS 0x00000000ca800000| PB 0x00000000ca800000| Untracked |  0
|  27|0x00000000ca900000, 0x00000000ca900000, 0x00000000caa00000|  0%| F|  |TAMS 0x00000000ca900000| PB 0x00000000ca900000| Untracked |  0
|  28|0x00000000caa00000, 0x00000000caa00000, 0x00000000cab00000|  0%| F|  |TAMS 0x00000000caa00000| PB 0x00000000caa00000| Untracked |  0
|  29|0x00000000cab00000, 0x00000000cac00000, 0x00000000cac00000|100%| S|CS|TAMS 0x00000000cab00000| PB 0x00000000cab00000| Complete |  0
|  30|0x00000000cac00000, 0x00000000cad00000, 0x00000000cad00000|100%| S|CS|TAMS 0x00000000cac00000| PB 0x00000000cac00000| Complete |  0
|  31|0x00000000cad00000, 0x00000000cae00000, 0x00000000cae00000|100%| S|CS|TAMS 0x00000000cad00000| PB 0x00000000cad00000| Complete |  0
|  32|0x00000000cae00000, 0x00000000cae00000, 0x00000000caf00000|  0%| F|  |TAMS 0x00000000cae00000| PB 0x00000000cae00000| Untracked |  0
|  33|0x00000000caf00000, 0x00000000caf00000, 0x00000000cb000000|  0%| F|  |TAMS 0x00000000caf00000| PB 0x00000000caf00000| Untracked |  0
|  34|0x00000000cb000000, 0x00000000cb000000, 0x00000000cb100000|  0%| F|  |TAMS 0x00000000cb000000| PB 0x00000000cb000000| Untracked |  0
|  35|0x00000000cb100000, 0x00000000cb100000, 0x00000000cb200000|  0%| F|  |TAMS 0x00000000cb100000| PB 0x00000000cb100000| Untracked |  0
|  36|0x00000000cb200000, 0x00000000cb200000, 0x00000000cb300000|  0%| F|  |TAMS 0x00000000cb200000| PB 0x00000000cb200000| Untracked |  0
|  37|0x00000000cb300000, 0x00000000cb300000, 0x00000000cb400000|  0%| F|  |TAMS 0x00000000cb300000| PB 0x00000000cb300000| Untracked |  0
|  38|0x00000000cb400000, 0x00000000cb4dede0, 0x00000000cb500000| 87%| E|  |TAMS 0x00000000cb400000| PB 0x00000000cb400000| Complete |  0
|  39|0x00000000cb500000, 0x00000000cb600000, 0x00000000cb600000|100%| E|CS|TAMS 0x00000000cb500000| PB 0x00000000cb500000| Complete |  0
|  40|0x00000000cb600000, 0x00000000cb700000, 0x00000000cb700000|100%| E|  |TAMS 0x00000000cb600000| PB 0x00000000cb600000| Complete |  0
|  41|0x00000000cb700000, 0x00000000cb800000, 0x00000000cb800000|100%| E|CS|TAMS 0x00000000cb700000| PB 0x00000000cb700000| Complete |  0
|  42|0x00000000cb800000, 0x00000000cb900000, 0x00000000cb900000|100%| E|CS|TAMS 0x00000000cb800000| PB 0x00000000cb800000| Complete |  0
|  43|0x00000000cb900000, 0x00000000cba00000, 0x00000000cba00000|100%| E|CS|TAMS 0x00000000cb900000| PB 0x00000000cb900000| Complete |  0
|  44|0x00000000cba00000, 0x00000000cbb00000, 0x00000000cbb00000|100%| E|CS|TAMS 0x00000000cba00000| PB 0x00000000cba00000| Complete |  0
|  45|0x00000000cbb00000, 0x00000000cbc00000, 0x00000000cbc00000|100%| E|CS|TAMS 0x00000000cbb00000| PB 0x00000000cbb00000| Complete |  0
|  46|0x00000000cbc00000, 0x00000000cbd00000, 0x00000000cbd00000|100%| E|CS|TAMS 0x00000000cbc00000| PB 0x00000000cbc00000| Complete |  0
|  47|0x00000000cbd00000, 0x00000000cbe00000, 0x00000000cbe00000|100%| E|CS|TAMS 0x00000000cbd00000| PB 0x00000000cbd00000| Complete |  0
|  48|0x00000000cbe00000, 0x00000000cbf00000, 0x00000000cbf00000|100%| E|CS|TAMS 0x00000000cbe00000| PB 0x00000000cbe00000| Complete |  0
|  49|0x00000000cbf00000, 0x00000000cc000000, 0x00000000cc000000|100%| E|CS|TAMS 0x00000000cbf00000| PB 0x00000000cbf00000| Complete |  0
|  50|0x00000000cc000000, 0x00000000cc100000, 0x00000000cc100000|100%| E|CS|TAMS 0x00000000cc000000| PB 0x00000000cc000000| Complete |  0
|  51|0x00000000cc100000, 0x00000000cc200000, 0x00000000cc200000|100%| E|CS|TAMS 0x00000000cc100000| PB 0x00000000cc100000| Complete |  0
|  52|0x00000000cc200000, 0x00000000cc300000, 0x00000000cc300000|100%| E|CS|TAMS 0x00000000cc200000| PB 0x00000000cc200000| Complete |  0
|  53|0x00000000cc300000, 0x00000000cc400000, 0x00000000cc400000|100%| E|CS|TAMS 0x00000000cc300000| PB 0x00000000cc300000| Complete |  0
|  54|0x00000000cc400000, 0x00000000cc500000, 0x00000000cc500000|100%| E|CS|TAMS 0x00000000cc400000| PB 0x00000000cc400000| Complete |  0
|  55|0x00000000cc500000, 0x00000000cc600000, 0x00000000cc600000|100%| E|CS|TAMS 0x00000000cc500000| PB 0x00000000cc500000| Complete |  0

Card table byte_map: [0x000001fd2e7a0000,0x000001fd2e960000] _byte_map_base: 0x000001fd2e159000

Marking Bits: (CMBitMap*) 0x000001fd170b3960
 Bits: [0x000001fd2e960000, 0x000001fd2f728000)

Polling page: 0x000001fd14e50000

Metaspace:

Usage:
  Non-class:     16.91 MB used.
      Class:      2.53 MB used.
       Both:     19.44 MB used.

Virtual space:
  Non-class space:       64.00 MB reserved,      17.06 MB ( 27%) committed,  1 nodes.
      Class space:        1.00 GB reserved,       2.69 MB ( <1%) committed,  1 nodes.
             Both:        1.06 GB reserved,      19.75 MB (  2%) committed. 

Chunk freelists:
   Non-Class:  14.88 MB
       Class:  13.30 MB
        Both:  28.17 MB

MaxMetaspaceSize: unlimited
CompressedClassSpaceSize: 1.00 GB
Initial GC threshold: 21.00 MB
Current GC threshold: 21.00 MB
CDS: on
 - commit_granule_bytes: 65536.
 - commit_granule_words: 8192.
 - virtual_space_node_default_size: 8388608.
 - enlarge_chunks_in_place: 1.
 - use_allocation_guard: 0.


Internal statistics:

num_allocs_failed_limit: 0.
num_arena_births: 274.
num_arena_deaths: 0.
num_vsnodes_births: 2.
num_vsnodes_deaths: 0.
num_space_committed: 316.
num_space_uncommitted: 0.
num_chunks_returned_to_freelist: 0.
num_chunks_taken_from_freelist: 878.
num_chunk_merges: 0.
num_chunk_splits: 589.
num_chunks_enlarged: 432.
num_inconsistent_stats: 0.

CodeHeap 'non-profiled nmethods': size=120128Kb used=820Kb max_used=820Kb free=119307Kb
 bounds [0x000001fd27250000, 0x000001fd274c0000, 0x000001fd2e7a0000]
CodeHeap 'profiled nmethods': size=120000Kb used=3896Kb max_used=3896Kb free=116103Kb
 bounds [0x000001fd1f7a0000, 0x000001fd1fb70000, 0x000001fd26cd0000]
CodeHeap 'non-nmethods': size=5632Kb used=1446Kb max_used=1465Kb free=4185Kb
 bounds [0x000001fd26cd0000, 0x000001fd26f40000, 0x000001fd27250000]
CodeCache: size=245760Kb, used=6162Kb, max_used=6181Kb, free=239595Kb
 total_blobs=3121, nmethods=2580, adapters=446, full_count=0
Compilation: enabled, stopped_count=0, restarted_count=0

Compilation events (20 events):
Event: 27.378 Thread 0x000001fd31a96330 2569       3       java.util.zip.ZipUtils::unixTimeToFileTime (8 bytes)
Event: 27.379 Thread 0x000001fd31a96330 nmethod 2569 0x000001fd1fb5ad08 code [0x000001fd1fb5ae20, 0x000001fd1fb5af48]
Event: 27.383 Thread 0x000001fd31a96330 2570       3       java.util.zip.ZipEntry::setExtra0 (493 bytes)
Event: 27.384 Thread 0x000001fd31a96330 nmethod 2570 0x000001fd1fb5b008 code [0x000001fd1fb5b320, 0x000001fd1fb5ce20]
Event: 27.391 Thread 0x000001fd31a96330 2571       3       java.lang.classfile.CodeBuilder::invokespecial (11 bytes)
Event: 27.391 Thread 0x000001fd31a96330 nmethod 2571 0x000001fd1fb5ce88 code [0x000001fd1fb5d020, 0x000001fd1fb5d7f0]
Event: 27.406 Thread 0x000001fd31a96330 2572       3       java.lang.classfile.CodeBuilder::return_ (14 bytes)
Event: 27.407 Thread 0x000001fd31a96330 nmethod 2572 0x000001fd1fb5d888 code [0x000001fd1fb5da40, 0x000001fd1fb5e290]
Event: 27.425 Thread 0x000001fd31a96330 2573       3       java.lang.classfile.instruction.ConstantInstruction::ofLoad (59 bytes)
Event: 27.426 Thread 0x000001fd31a96330 nmethod 2573 0x000001fd1fb5e388 code [0x000001fd1fb5e5c0, 0x000001fd1fb5f4a0]
Event: 27.437 Thread 0x000001fd31a96330 2574       3       jdk.internal.classfile.impl.DirectCodeBuilder::writeLoadConstant (93 bytes)
Event: 27.438 Thread 0x000001fd31a96330 nmethod 2574 0x000001fd1fb5f588 code [0x000001fd1fb5f740, 0x000001fd1fb60168]
Event: 27.438 Thread 0x000001fd31a96330 2575       3       java.lang.classfile.CodeBuilder::loadConstant (465 bytes)
Event: 27.440 Thread 0x000001fd31a96330 nmethod 2575 0x000001fd1fb60208 code [0x000001fd1fb60a00, 0x000001fd1fb66680]
Event: 27.455 Thread 0x000001fd31a96330 2577       3       jdk.internal.classfile.impl.StackMapDecoder::writeTypeInfo (118 bytes)
Event: 27.456 Thread 0x000001fd31a96330 nmethod 2577 0x000001fd1fb66808 code [0x000001fd1fb66a60, 0x000001fd1fb678f0]
Event: 27.468 Thread 0x000001fd31a96330 2578       3       java.lang.reflect.Proxy::isProxyClass (22 bytes)
Event: 27.469 Thread 0x000001fd31a96330 nmethod 2578 0x000001fd1fb67a08 code [0x000001fd1fb67c20, 0x000001fd1fb68ad0]
Event: 27.479 Thread 0x000001fd31a96330 2579       3       java.util.StringJoiner::<init> (63 bytes)
Event: 27.479 Thread 0x000001fd31a96330 nmethod 2579 0x000001fd1fb68b88 code [0x000001fd1fb68d60, 0x000001fd1fb696a8]

GC Heap History (10 events):
Event: 4.480 GC heap before
{Heap before GC invocations=0 (full 0):
 garbage-first heap   total reserved 903168K, committed 57344K, used 7168K [0x00000000c8e00000, 0x0000000100000000)
  region size 1024K, 7 young (7168K), 0 survivors (0K)
 Metaspace       used 389K, committed 576K, reserved 1114112K
  class space    used 14K, committed 128K, reserved 1048576K
}
Event: 4.496 GC heap after
{Heap after GC invocations=1 (full 0):
 garbage-first heap   total reserved 903168K, committed 57344K, used 6416K [0x00000000c8e00000, 0x0000000100000000)
  region size 1024K, 1 young (1024K), 1 survivors (1024K)
 Metaspace       used 389K, committed 576K, reserved 1114112K
  class space    used 14K, committed 128K, reserved 1048576K
}
Event: 5.726 GC heap before
{Heap before GC invocations=1 (full 0):
 garbage-first heap   total reserved 903168K, committed 57344K, used 9488K [0x00000000c8e00000, 0x0000000100000000)
  region size 1024K, 5 young (5120K), 1 survivors (1024K)
 Metaspace       used 1818K, committed 2048K, reserved 1114112K
  class space    used 153K, committed 256K, reserved 1048576K
}
Event: 5.729 GC heap after
{Heap after GC invocations=2 (full 0):
 garbage-first heap   total reserved 903168K, committed 57344K, used 7904K [0x00000000c8e00000, 0x0000000100000000)
  region size 1024K, 1 young (1024K), 1 survivors (1024K)
 Metaspace       used 1818K, committed 2048K, reserved 1114112K
  class space    used 153K, committed 256K, reserved 1048576K
}
Event: 8.964 GC heap before
{Heap before GC invocations=2 (full 0):
 garbage-first heap   total reserved 903168K, committed 57344K, used 16096K [0x00000000c8e00000, 0x0000000100000000)
  region size 1024K, 10 young (10240K), 1 survivors (1024K)
 Metaspace       used 5161K, committed 5376K, reserved 1114112K
  class space    used 596K, committed 704K, reserved 1048576K
}
Event: 8.970 GC heap after
{Heap after GC invocations=3 (full 0):
 garbage-first heap   total reserved 903168K, committed 57344K, used 9098K [0x00000000c8e00000, 0x0000000100000000)
  region size 1024K, 2 young (2048K), 2 survivors (2048K)
 Metaspace       used 5161K, committed 5376K, reserved 1114112K
  class space    used 596K, committed 704K, reserved 1048576K
}
Event: 12.811 GC heap before
{Heap before GC invocations=3 (full 0):
 garbage-first heap   total reserved 903168K, committed 57344K, used 21386K [0x00000000c8e00000, 0x0000000100000000)
  region size 1024K, 15 young (15360K), 2 survivors (2048K)
 Metaspace       used 8196K, committed 8512K, reserved 1114112K
  class space    used 1000K, committed 1152K, reserved 1048576K
}
Event: 12.819 GC heap after
{Heap after GC invocations=4 (full 0):
 garbage-first heap   total reserved 903168K, committed 57344K, used 10415K [0x00000000c8e00000, 0x0000000100000000)
  region size 1024K, 2 young (2048K), 2 survivors (2048K)
 Metaspace       used 8196K, committed 8512K, reserved 1114112K
  class space    used 1000K, committed 1152K, reserved 1048576K
}
Event: 25.321 GC heap before
{Heap before GC invocations=4 (full 0):
 garbage-first heap   total reserved 903168K, committed 57344K, used 31919K [0x00000000c8e00000, 0x0000000100000000)
  region size 1024K, 24 young (24576K), 2 survivors (2048K)
 Metaspace       used 15059K, committed 15360K, reserved 1114112K
  class space    used 2039K, committed 2176K, reserved 1048576K
}
Event: 25.334 GC heap after
{Heap after GC invocations=5 (full 0):
 garbage-first heap   total reserved 903168K, committed 57344K, used 12269K [0x00000000c8e00000, 0x0000000100000000)
  region size 1024K, 3 young (3072K), 3 survivors (3072K)
 Metaspace       used 15059K, committed 15360K, reserved 1114112K
  class space    used 2039K, committed 2176K, reserved 1048576K
}

Dll operation events (12 events):
Event: 0.146 Loaded shared library C:\Users\santi\.jdks\openjdk-23.0.1\bin\java.dll
Event: 0.231 Loaded shared library C:\Users\santi\.jdks\openjdk-23.0.1\bin\jsvml.dll
Event: 2.918 Loaded shared library C:\Users\santi\.jdks\openjdk-23.0.1\bin\zip.dll
Event: 2.956 Loaded shared library C:\Users\santi\.jdks\openjdk-23.0.1\bin\instrument.dll
Event: 3.007 Loaded shared library C:\Users\santi\.jdks\openjdk-23.0.1\bin\net.dll
Event: 3.024 Loaded shared library C:\Users\santi\.jdks\openjdk-23.0.1\bin\nio.dll
Event: 3.039 Loaded shared library C:\Users\santi\.jdks\openjdk-23.0.1\bin\zip.dll
Event: 4.743 Loaded shared library C:\Program Files\JetBrains\IntelliJ IDEA Community Edition 2024.2.4\bin\breakgen64.dll
Event: 4.859 Loaded shared library C:\Users\santi\.jdks\openjdk-23.0.1\bin\extnet.dll
Event: 5.463 Loaded shared library C:\Users\santi\.jdks\openjdk-23.0.1\bin\jimage.dll
Event: 8.654 Loaded shared library C:\Users\santi\.jdks\openjdk-23.0.1\bin\management.dll
Event: 8.672 Loaded shared library C:\Users\santi\.jdks\openjdk-23.0.1\bin\management_ext.dll

Deoptimization events (20 events):
Event: 26.633 Thread 0x000001fd7758d410 Uncommon trap: trap_request=0xffffff45 fr.pc=0x000001fd272bfe54 relative=0x0000000000000054
Event: 26.633 Thread 0x000001fd7758d410 Uncommon trap: reason=unstable_if action=reinterpret pc=0x000001fd272bfe54 method=java.lang.CharacterData.of(I)Ljava/lang/CharacterData; @ 4 c2
Event: 26.633 Thread 0x000001fd7758d410 DEOPT PACKING pc=0x000001fd272bfe54 sp=0x00000042997fdb00
Event: 26.633 Thread 0x000001fd7758d410 DEOPT UNPACKING pc=0x000001fd26d24402 sp=0x00000042997fda98 mode 2
Event: 26.826 Thread 0x000001fd77891300 Uncommon trap: trap_request=0xffffff45 fr.pc=0x000001fd2727b34c relative=0x000000000000086c
Event: 26.826 Thread 0x000001fd77891300 Uncommon trap: reason=unstable_if action=reinterpret pc=0x000001fd2727b34c method=java.util.zip.ZipCoder.hash(Ljava/lang/String;)I @ 23 c2
Event: 26.826 Thread 0x000001fd77891300 DEOPT PACKING pc=0x000001fd2727b34c sp=0x00000042995fe230
Event: 26.826 Thread 0x000001fd77891300 DEOPT UNPACKING pc=0x000001fd26d24402 sp=0x00000042995fe0e0 mode 2
Event: 26.826 Thread 0x000001fd77891300 Uncommon trap: trap_request=0xffffff45 fr.pc=0x000001fd2727a5e8 relative=0x0000000000000628
Event: 26.826 Thread 0x000001fd77891300 Uncommon trap: reason=unstable_if action=reinterpret pc=0x000001fd2727a5e8 method=java.util.zip.ZipCoder.hash(Ljava/lang/String;)I @ 23 c2
Event: 26.826 Thread 0x000001fd77891300 DEOPT PACKING pc=0x000001fd2727a5e8 sp=0x00000042995fe1c0
Event: 26.826 Thread 0x000001fd77891300 DEOPT UNPACKING pc=0x000001fd26d24402 sp=0x00000042995fe0e0 mode 2
Event: 26.826 Thread 0x000001fd77891300 Uncommon trap: trap_request=0xffffff45 fr.pc=0x000001fd272793a4 relative=0x0000000000000344
Event: 26.826 Thread 0x000001fd77891300 Uncommon trap: reason=unstable_if action=reinterpret pc=0x000001fd272793a4 method=java.util.zip.ZipCoder.hash(Ljava/lang/String;)I @ 23 c2
Event: 26.826 Thread 0x000001fd77891300 DEOPT PACKING pc=0x000001fd272793a4 sp=0x00000042995fe150
Event: 26.826 Thread 0x000001fd77891300 DEOPT UNPACKING pc=0x000001fd26d24402 sp=0x00000042995fe0d8 mode 2
Event: 26.906 Thread 0x000001fd77891300 Uncommon trap: trap_request=0xffffff45 fr.pc=0x000001fd2726b34c relative=0x000000000000004c
Event: 26.906 Thread 0x000001fd77891300 Uncommon trap: reason=unstable_if action=reinterpret pc=0x000001fd2726b34c method=sun.nio.fs.WindowsPathParser.isSlash(C)Z @ 9 c2
Event: 26.906 Thread 0x000001fd77891300 DEOPT PACKING pc=0x000001fd2726b34c sp=0x00000042995fe360
Event: 26.906 Thread 0x000001fd77891300 DEOPT UNPACKING pc=0x000001fd26d24402 sp=0x00000042995fe2e8 mode 2

Classes loaded (20 events):
Event: 26.941 Loading class java/nio/file/DirectoryStream done
Event: 26.941 Loading class sun/nio/fs/WindowsDirectoryStream done
Event: 27.001 Loading class java/nio/file/FileTreeWalker$DirectoryNode
Event: 27.001 Loading class java/nio/file/FileTreeWalker$DirectoryNode done
Event: 27.002 Loading class sun/nio/fs/WindowsDirectoryStream$WindowsDirectoryIterator
Event: 27.002 Loading class sun/nio/fs/WindowsDirectoryStream$WindowsDirectoryIterator done
Event: 27.003 Loading class java/nio/file/FileTreeWalker$Event
Event: 27.003 Loading class java/nio/file/FileTreeWalker$Event done
Event: 27.003 Loading class java/nio/file/FileTreeWalker$EventType
Event: 27.003 Loading class java/nio/file/FileTreeWalker$EventType done
Event: 27.005 Loading class sun/nio/fs/WindowsPath$WindowsPathWithAttributes
Event: 27.005 Loading class sun/nio/fs/BasicFileAttributesHolder
Event: 27.005 Loading class sun/nio/fs/BasicFileAttributesHolder done
Event: 27.005 Loading class sun/nio/fs/WindowsPath$WindowsPathWithAttributes done
Event: 27.018 Loading class java/util/regex/Pattern$LazyLoop
Event: 27.019 Loading class java/util/regex/Pattern$Loop
Event: 27.019 Loading class java/util/regex/Pattern$Loop done
Event: 27.019 Loading class java/util/regex/Pattern$LazyLoop done
Event: 27.019 Loading class java/util/regex/Pattern$Prolog
Event: 27.020 Loading class java/util/regex/Pattern$Prolog done

Classes unloaded (0 events):
No events

Classes redefined (0 events):
No events

Internal exceptions (20 events):
Event: 12.767 Thread 0x000001fd77891300 Exception <a 'java/lang/NoSuchMethodError'{0x00000000cb78b590}: 'java.lang.Object java.lang.invoke.Invokers$Holder.linkToTargetMethod(java.lang.Object, java.lang.Object, int, java.lang.Object, java.lang.Object)'> (0x00000000cb78b590) 
thrown [s\open\src\hotspot\share\interpreter\linkResolver.cpp, line 796]
Event: 12.768 Thread 0x000001fd77891300 Exception <a 'java/lang/NoSuchMethodError'{0x00000000cb792988}: 'int java.lang.invoke.DirectMethodHandle$Holder.invokeStatic(java.lang.Object, int, java.lang.Object, java.lang.Object)'> (0x00000000cb792988) 
thrown [s\open\src\hotspot\share\interpreter\linkResolver.cpp, line 796]
Event: 12.771 Thread 0x000001fd77891300 Exception <a 'java/lang/NoSuchMethodError'{0x00000000cb799b50}: 'java.lang.Object java.lang.invoke.DirectMethodHandle$Holder.newInvokeSpecial(java.lang.Object, int, java.lang.Object)'> (0x00000000cb799b50) 
thrown [s\open\src\hotspot\share\interpreter\linkResolver.cpp, line 796]
Event: 12.774 Thread 0x000001fd77891300 Exception <a 'java/lang/NoSuchMethodError'{0x00000000cb79e6d8}: 'int java.lang.invoke.DirectMethodHandle$Holder.invokeSpecialIFC(java.lang.Object, java.lang.Object, java.lang.Object, java.lang.Object)'> (0x00000000cb79e6d8) 
thrown [s\open\src\hotspot\share\interpreter\linkResolver.cpp, line 796]
Event: 12.992 Thread 0x000001fd77891300 Exception <a 'java/lang/NoSuchMethodError'{0x00000000cc589280}: 'void java.lang.invoke.DirectMethodHandle$Holder.invokeInterface(java.lang.Object, java.lang.Object, java.lang.Object)'> (0x00000000cc589280) 
thrown [s\open\src\hotspot\share\interpreter\linkResolver.cpp, line 796]
Event: 13.800 Thread 0x000001fd77891300 Exception <a 'java/lang/NoSuchMethodError'{0x00000000cc423730}: 'void java.lang.invoke.DirectMethodHandle$Holder.invokeStaticInit(java.lang.Object, java.lang.Object)'> (0x00000000cc423730) 
thrown [s\open\src\hotspot\share\interpreter\linkResolver.cpp, line 796]
Event: 13.828 Thread 0x000001fd77891300 Exception <a 'java/lang/NoSuchMethodError'{0x00000000cc434228}: 'void java.lang.invoke.DirectMethodHandle$Holder.invokeStaticInit(java.lang.Object, java.lang.Object, java.lang.Object)'> (0x00000000cc434228) 
thrown [s\open\src\hotspot\share\interpreter\linkResolver.cpp, line 796]
Event: 13.953 Thread 0x000001fd77891300 Exception <a 'java/lang/NoSuchMethodError'{0x00000000cc479450}: 'java.lang.Object java.lang.invoke.DirectMethodHandle$Holder.invokeVirtual(java.lang.Object, java.lang.Object, java.lang.Object)'> (0x00000000cc479450) 
thrown [s\open\src\hotspot\share\interpreter\linkResolver.cpp, line 796]
Event: 16.788 Thread 0x000001fd77891300 Exception <a 'java/lang/NoSuchMethodError'{0x00000000cc499578}: 'java.lang.Object java.lang.invoke.DirectMethodHandle$Holder.invokeStatic(java.lang.Object, long, java.lang.Object)'> (0x00000000cc499578) 
thrown [s\open\src\hotspot\share\interpreter\linkResolver.cpp, line 796]
Event: 16.789 Thread 0x000001fd77891300 Exception <a 'java/lang/NoSuchMethodError'{0x00000000cc49cc18}: 'java.lang.Object java.lang.invoke.DirectMethodHandle$Holder.invokeStaticInit(java.lang.Object, long, java.lang.Object)'> (0x00000000cc49cc18) 
thrown [s\open\src\hotspot\share\interpreter\linkResolver.cpp, line 796]
Event: 16.789 Thread 0x000001fd77891300 Exception <a 'java/lang/NoSuchMethodError'{0x00000000cc4a24d0}: 'java.lang.Object java.lang.invoke.DirectMethodHandle$Holder.newInvokeSpecial(java.lang.Object, long)'> (0x00000000cc4a24d0) 
thrown [s\open\src\hotspot\share\interpreter\linkResolver.cpp, line 796]
Event: 16.872 Thread 0x000001fd77891300 Exception <a 'java/lang/NoSuchMethodError'{0x00000000cc4ecc00}: 'void java.lang.invoke.DirectMethodHandle$Holder.invokeSpecial(java.lang.Object, java.lang.Object, java.lang.Object, java.lang.Object, java.lang.Object, java.lang.Object)'> (0x00000000cc4ecc00) 
thrown [s\open\src\hotspot\share\interpreter\linkResolver.cpp, line 796]
Event: 16.873 Thread 0x000001fd77891300 Exception <a 'java/lang/NoSuchMethodError'{0x00000000cc4f4830}: 'java.lang.Object java.lang.invoke.DirectMethodHandle$Holder.newInvokeSpecial(java.lang.Object, java.lang.Object, java.lang.Object, java.lang.Object, java.lang.Object, java.lang.Object)'> (0x00000000cc4f4830) 
thrown [s\open\src\hotspot\share\interpreter\linkResolver.cpp, line 796]
Event: 18.912 Thread 0x000001fd77891300 Exception <a 'java/lang/NoSuchMethodError'{0x00000000cc2ba330}: 'void java.lang.invoke.DirectMethodHandle$Holder.invokeSpecialIFC(java.lang.Object, java.lang.Object, java.lang.Object, java.lang.Object, java.lang.Object)'> (0x00000000cc2ba330) 
thrown [s\open\src\hotspot\share\interpreter\linkResolver.cpp, line 796]
Event: 19.191 Thread 0x000001fd77891300 Exception <a 'java/lang/NoSuchMethodError'{0x00000000cc2d4f50}: 'void java.lang.invoke.DirectMethodHandle$Holder.invokeSpecial(java.lang.Object, java.lang.Object, java.lang.Object, java.lang.Object, java.lang.Object)'> (0x00000000cc2d4f50) 
thrown [s\open\src\hotspot\share\interpreter\linkResolver.cpp, line 796]
Event: 20.334 Thread 0x000001fd77891300 Exception <a 'java/lang/NoSuchMethodError'{0x00000000cc072c58}: 'int java.lang.invoke.DirectMethodHandle$Holder.invokeVirtual(java.lang.Object, java.lang.Object, java.lang.Object)'> (0x00000000cc072c58) 
thrown [s\open\src\hotspot\share\interpreter\linkResolver.cpp, line 796]
Event: 20.341 Thread 0x000001fd77891300 Exception <a 'java/lang/NoSuchMethodError'{0x00000000cc07c230}: 'int java.lang.invoke.DirectMethodHandle$Holder.invokeVirtual(java.lang.Object, java.lang.Object, java.lang.Object, java.lang.Object)'> (0x00000000cc07c230) 
thrown [s\open\src\hotspot\share\interpreter\linkResolver.cpp, line 796]
Event: 21.644 Thread 0x000001fd77891300 Exception <a 'java/lang/IncompatibleClassChangeError'{0x00000000cbfa6330}: Found class java.lang.Object, but interface was expected> (0x00000000cbfa6330) 
thrown [s\open\src\hotspot\share\interpreter\linkResolver.cpp, line 863]
Event: 26.922 Thread 0x000001fd77891300 Exception <a 'java/lang/NoSuchMethodError'{0x00000000cba35060}: 'int java.lang.invoke.DirectMethodHandle$Holder.invokeSpecial(java.lang.Object, java.lang.Object, java.lang.Object, java.lang.Object, java.lang.Object)'> (0x00000000cba35060) 
thrown [s\open\src\hotspot\share\interpreter\linkResolver.cpp, line 796]
Event: 27.003 Thread 0x000001fd77891300 Exception <a 'java/lang/NoSuchMethodError'{0x00000000cba3d390}: 'void java.lang.invoke.DirectMethodHandle$Holder.invokeVirtual(java.lang.Object, java.lang.Object)'> (0x00000000cba3d390) 
thrown [s\open\src\hotspot\share\interpreter\linkResolver.cpp, line 796]

VM Operations (20 events):
Event: 12.591 Executing VM operation: HandshakeAllThreads (Deoptimize)
Event: 12.591 Executing VM operation: HandshakeAllThreads (Deoptimize) done
Event: 12.811 Executing VM operation: G1CollectForAllocation (G1 Evacuation Pause)
Event: 12.819 Executing VM operation: G1CollectForAllocation (G1 Evacuation Pause) done
Event: 21.332 Executing VM operation: HandshakeAllThreads (Deoptimize)
Event: 21.332 Executing VM operation: HandshakeAllThreads (Deoptimize) done
Event: 21.412 Executing VM operation: HandshakeAllThreads (Deoptimize)
Event: 21.412 Executing VM operation: HandshakeAllThreads (Deoptimize) done
Event: 21.413 Executing VM operation: HandshakeAllThreads (Deoptimize)
Event: 21.413 Executing VM operation: HandshakeAllThreads (Deoptimize) done
Event: 21.851 Executing VM operation: HandshakeAllThreads (Deoptimize)
Event: 21.851 Executing VM operation: HandshakeAllThreads (Deoptimize) done
Event: 25.310 Executing VM operation: G1CollectForAllocation (G1 Evacuation Pause)
Event: 25.334 Executing VM operation: G1CollectForAllocation (G1 Evacuation Pause) done
Event: 26.011 Executing VM operation: HandshakeAllThreads (Deoptimize)
Event: 26.029 Executing VM operation: HandshakeAllThreads (Deoptimize) done
Event: 26.594 Executing VM operation: HandshakeAllThreads (Deoptimize)
Event: 26.601 Executing VM operation: HandshakeAllThreads (Deoptimize) done
Event: 26.634 Executing VM operation: HandshakeAllThreads (Deoptimize)
Event: 26.634 Executing VM operation: HandshakeAllThreads (Deoptimize) done

Memory protections (0 events):
No events

Nmethod flushes (0 events):
No events

Events (15 events):
Event: 0.196 Thread 0x000001fd1707f8e0 Thread added: 0x000001fd1707f8e0
Event: 0.221 Thread 0x000001fd1707f8e0 Thread added: 0x000001fd31a84070
Event: 0.221 Thread 0x000001fd1707f8e0 Thread added: 0x000001fd31a859f0
Event: 0.222 Thread 0x000001fd1707f8e0 Thread added: 0x000001fd31a8ca10
Event: 0.222 Thread 0x000001fd1707f8e0 Thread added: 0x000001fd31a8d470
Event: 0.225 Thread 0x000001fd1707f8e0 Thread added: 0x000001fd31a8f910
Event: 0.226 Thread 0x000001fd1707f8e0 Thread added: 0x000001fd31a91380
Event: 0.226 Thread 0x000001fd1707f8e0 Thread added: 0x000001fd31a92110
Event: 0.226 Thread 0x000001fd1707f8e0 Thread added: 0x000001fd31a96330
Event: 2.794 Thread 0x000001fd1707f8e0 Thread added: 0x000001fd31b79130
Event: 4.745 Thread 0x000001fd1707f8e0 Thread added: 0x000001fd7718e780
Event: 4.745 Thread 0x000001fd1707f8e0 Thread added: 0x000001fd7718edf0
Event: 9.308 Thread 0x000001fd1707f8e0 Thread added: 0x000001fd77890810
Event: 9.319 Thread 0x000001fd77890810 Thread added: 0x000001fd77891300
Event: 21.613 Thread 0x000001fd77891300 Thread added: 0x000001fd7758d410


Dynamic libraries:
0x00007ff623510000 - 0x00007ff62351e000 	C:\Users\santi\.jdks\openjdk-23.0.1\bin\java.exe
0x00007ffd4c880000 - 0x00007ffd4cae8000 	C:\WINDOWS\SYSTEM32\ntdll.dll
0x00007ffd4b410000 - 0x00007ffd4b4d9000 	C:\WINDOWS\System32\KERNEL32.DLL
0x00007ffd49d60000 - 0x00007ffd4a158000 	C:\WINDOWS\System32\KERNELBASE.dll
0x00007ffd4a160000 - 0x00007ffd4a2ab000 	C:\WINDOWS\System32\ucrtbase.dll
0x00007ffd27a10000 - 0x00007ffd27a2b000 	C:\Users\santi\.jdks\openjdk-23.0.1\bin\VCRUNTIME140.dll
0x00007ffd2d260000 - 0x00007ffd2d277000 	C:\Users\santi\.jdks\openjdk-23.0.1\bin\jli.dll
0x00007ffd4c410000 - 0x00007ffd4c5d7000 	C:\WINDOWS\System32\USER32.dll
0x00007ffd49c00000 - 0x00007ffd49c27000 	C:\WINDOWS\System32\win32u.dll
0x00007ffd4c3e0000 - 0x00007ffd4c40b000 	C:\WINDOWS\System32\GDI32.dll
0x00007ffd49c30000 - 0x00007ffd49d5c000 	C:\WINDOWS\System32\gdi32full.dll
0x00007ffd2f120000 - 0x00007ffd2f3b4000 	C:\WINDOWS\WinSxS\amd64_microsoft.windows.common-controls_6595b64144ccf1df_6.0.26100.7019_none_3e06ffa0e335b8a8\COMCTL32.dll
0x00007ffd4c2c0000 - 0x00007ffd4c369000 	C:\WINDOWS\System32\msvcrt.dll
0x00007ffd4a2b0000 - 0x00007ffd4a353000 	C:\WINDOWS\System32\msvcp_win.dll
0x00007ffd4a640000 - 0x00007ffd4a671000 	C:\WINDOWS\System32\IMM32.DLL
0x00007ffd448d0000 - 0x00007ffd448dc000 	C:\Users\santi\.jdks\openjdk-23.0.1\bin\vcruntime140_1.dll
0x00007ffd09840000 - 0x00007ffd098ce000 	C:\Users\santi\.jdks\openjdk-23.0.1\bin\msvcp140.dll
0x00007ffcc44c0000 - 0x00007ffcc520f000 	C:\Users\santi\.jdks\openjdk-23.0.1\bin\server\jvm.dll
0x00007ffd4c5e0000 - 0x00007ffd4c694000 	C:\WINDOWS\System32\ADVAPI32.dll
0x00007ffd4b160000 - 0x00007ffd4b206000 	C:\WINDOWS\System32\sechost.dll
0x00007ffd4b040000 - 0x00007ffd4b158000 	C:\WINDOWS\System32\RPCRT4.dll
0x00007ffd4c6a0000 - 0x00007ffd4c714000 	C:\WINDOWS\System32\WS2_32.dll
0x00007ffd49850000 - 0x00007ffd498ae000 	C:\WINDOWS\SYSTEM32\POWRPROF.dll
0x00007ffd43560000 - 0x00007ffd43595000 	C:\WINDOWS\SYSTEM32\WINMM.dll
0x00007ffd435a0000 - 0x00007ffd435ab000 	C:\WINDOWS\SYSTEM32\VERSION.dll
0x00007ffd49830000 - 0x00007ffd49844000 	C:\WINDOWS\SYSTEM32\UMPDC.dll
0x00007ffd48790000 - 0x00007ffd487ab000 	C:\WINDOWS\SYSTEM32\kernel.appcore.dll
0x00007ffd39d40000 - 0x00007ffd39d4a000 	C:\Users\santi\.jdks\openjdk-23.0.1\bin\jimage.dll
0x00007ffd3c970000 - 0x00007ffd3cbb2000 	C:\WINDOWS\SYSTEM32\DBGHELP.DLL
0x00007ffd4bdf0000 - 0x00007ffd4c17b000 	C:\WINDOWS\System32\combase.dll
0x00007ffd4bcc0000 - 0x00007ffd4bd97000 	C:\WINDOWS\System32\OLEAUT32.dll
0x00007ffd2def0000 - 0x00007ffd2df2c000 	C:\WINDOWS\SYSTEM32\dbgcore.DLL
0x00007ffd49b50000 - 0x00007ffd49bf5000 	C:\WINDOWS\System32\bcryptPrimitives.dll
0x00007ffd25380000 - 0x00007ffd2538f000 	C:\Users\santi\.jdks\openjdk-23.0.1\bin\instrument.dll
0x00007ffd19c30000 - 0x00007ffd19c4e000 	C:\Users\santi\.jdks\openjdk-23.0.1\bin\java.dll
0x00007ffd4ab40000 - 0x00007ffd4acd7000 	C:\WINDOWS\System32\ole32.dll
0x00007ffd4b560000 - 0x00007ffd4bcaf000 	C:\WINDOWS\System32\SHELL32.dll
0x00007ffd4a360000 - 0x00007ffd4a4cb000 	C:\WINDOWS\System32\wintypes.dll
0x00007ffd47630000 - 0x00007ffd47e8d000 	C:\WINDOWS\SYSTEM32\windows.storage.dll
0x00007ffd4b310000 - 0x00007ffd4b402000 	C:\WINDOWS\System32\SHCORE.dll
0x00007ffd4c370000 - 0x00007ffd4c3d7000 	C:\WINDOWS\System32\shlwapi.dll
0x00007ffd498f0000 - 0x00007ffd49919000 	C:\WINDOWS\SYSTEM32\profapi.dll
0x00007ffcfca00000 - 0x00007ffcfcad7000 	C:\Users\santi\.jdks\openjdk-23.0.1\bin\jsvml.dll
0x00007ffd16950000 - 0x00007ffd16967000 	C:\Users\santi\.jdks\openjdk-23.0.1\bin\zip.dll
0x00007ffd16920000 - 0x00007ffd16930000 	C:\Users\santi\.jdks\openjdk-23.0.1\bin\net.dll
0x00007ffd48d00000 - 0x00007ffd48d6b000 	C:\WINDOWS\system32\mswsock.dll
0x00007ffd09ea0000 - 0x00007ffd09eb6000 	C:\Users\santi\.jdks\openjdk-23.0.1\bin\nio.dll
0x00007ffd09820000 - 0x00007ffd0983a000 	C:\Program Files\JetBrains\IntelliJ IDEA Community Edition 2024.2.4\bin\breakgen64.dll
0x00007ffd13400000 - 0x00007ffd13409000 	C:\Users\santi\.jdks\openjdk-23.0.1\bin\extnet.dll
0x00007ffd09810000 - 0x00007ffd0981a000 	C:\Users\santi\.jdks\openjdk-23.0.1\bin\management.dll
0x00007ffd09770000 - 0x00007ffd0977b000 	C:\Users\santi\.jdks\openjdk-23.0.1\bin\management_ext.dll
0x00007ffd4ace0000 - 0x00007ffd4ace8000 	C:\WINDOWS\System32\PSAPI.DLL

dbghelp: loaded successfully - version: 4.0.5 - missing functions: none
symbol engine: initialized successfully - sym options: 0x614 - pdb path: .;C:\Users\santi\.jdks\openjdk-23.0.1\bin;C:\WINDOWS\SYSTEM32;C:\WINDOWS\WinSxS\amd64_microsoft.windows.common-controls_6595b64144ccf1df_6.0.26100.7019_none_3e06ffa0e335b8a8;C:\Users\santi\.jdks\openjdk-23.0.1\bin\server;C:\Program Files\JetBrains\IntelliJ IDEA Community Edition 2024.2.4\bin

VM Arguments:
jvm_args: -javaagent:C:\Program Files\JetBrains\IntelliJ IDEA Community Edition 2024.2.4\lib\idea_rt.jar=52015:C:\Program Files\JetBrains\IntelliJ IDEA Community Edition 2024.2.4\bin -Dfile.encoding=UTF-8 -Dsun.stdout.encoding=UTF-8 -Dsun.stderr.encoding=UTF-8 
java_command: com.Ros.exe.ExeApplication
java_class_path (initial): C:\Users\santi\OneDrive\Documents\exe\target\classes;C:\Users\santi\.m2\repository\org\springframework\boot\spring-boot-starter-data-jpa\3.2.0\spring-boot-starter-data-jpa-3.2.0.jar;C:\Users\santi\.m2\repository\org\springframework\boot\spring-boot-starter-aop\3.2.0\spring-boot-starter-aop-3.2.0.jar;C:\Users\santi\.m2\repository\org\aspectj\aspectjweaver\1.9.20.1\aspectjweaver-1.9.20.1.jar;C:\Users\santi\.m2\repository\org\springframework\boot\spring-boot-starter-jdbc\3.2.0\spring-boot-starter-jdbc-3.2.0.jar;C:\Users\santi\.m2\repository\com\zaxxer\HikariCP\5.0.1\HikariCP-5.0.1.jar;C:\Users\santi\.m2\repository\org\springframework\spring-jdbc\6.1.1\spring-jdbc-6.1.1.jar;C:\Users\santi\.m2\repository\org\hibernate\orm\hibernate-core\6.3.1.Final\hibernate-core-6.3.1.Final.jar;C:\Users\santi\.m2\repository\jakarta\persistence\jakarta.persistence-api\3.1.0\jakarta.persistence-api-3.1.0.jar;C:\Users\santi\.m2\repository\jakarta\transaction\jakarta.transaction-api\2.0.1\jakarta.transaction-api-2.0.1.jar;C:\Users\santi\.m2\repository\org\jboss\logging\jboss-logging\3.5.3.Final\jboss-logging-3.5.3.Final.jar;C:\Users\santi\.m2\repository\org\hibernate\common\hibernate-commons-annotations\6.0.6.Final\hibernate-commons-annotations-6.0.6.Final.jar;C:\Users\santi\.m2\repository\io\smallrye\jandex\3.1.2\jandex-3.1.2.jar;C:\Users\santi\.m2\repository\com\fasterxml\classmate\1.6.0\classmate-1.6.0.jar;C:\Users\santi\.m2\repository\net\bytebuddy\byte-buddy\1.14.10\byte-buddy-1.14.10.jar;C:\Users\santi\.m2\repository\org\glassfish\jaxb\jaxb-runtime\4.0.4\jaxb-runtime-4.0.4.jar;C:\Users\santi\.m2\repository\org\glassfish\jaxb\jaxb-core\4.0.4\jaxb-core-4.0.4.jar;C:\Users\santi\.m2\repository\org\eclipse\angus\angus-activation\2.0.1\angus-activation-2.0.1.jar;C:\Users\santi\.m2\repository\org\glassfish\jaxb\txw2\4.0.4\txw2-4.0.4.jar;C:\Users\santi\.m2\repository\com\sun\istack\istack-commons-runtime\4.1.2\istack-commons-runtime-4.1.2.jar;C:\Users\santi\.m2\repository\jakarta\inject\jakarta.inject-api\2.0.1\jakarta.inject-api-2.0.1.jar;C:\Users\santi\.m2\repository\org\antlr\antlr4-runtime\4.10.1\antlr4-runtime-4.10.1.jar;C:\Users\santi\.m2\repository\org\springframework\data\spring-data-jpa\3.2.0\spring-data-jpa-3.2.0.jar;C:\Users\santi\.m2\repository\org\springframework\data\spring-data-commons\3.2.0\spring-data-commons-3.2.0.jar;C:\Users\santi\.m2\repository\org\springframework\spring-orm\6.1.1\spring-orm-6.1.1.jar;C:\Users\santi\.m2\repository\org\springframework\spring-context\6.1.1\spring-context-6.1.1.jar;C:\Users\santi\.m2\repository\org\springframework\spring-tx\6.1.1\spring-tx-6.1.1.jar;C:\Users\santi\.m2\repository\org\springframework\spring-beans\6.1.1\spring-beans-6.1.1.jar;C:\Users\santi\.m2\repository\jakarta\annotation\jakarta.annotation-api\2.1.1\jakarta.annotation-api-2.1.1.jar;C:\Users\santi\.m2\repository\org\springframework\spring-aspects\6.1.1\spring-aspects-6.1.1.jar;C:\Users\santi\.m2\repository\org\springframework\boot\spring-boot-starter-thymeleaf\3.2.0\spring-boot-starter-thymeleaf-3.2.0.jar;C:\Users\santi\.m2\repository\org\springframework\boot\spring-boot-starter\3.2.0\spring-boot-starter-3.2.0.jar;C:\Users\santi\.m2\repository\org\springframework\boot\spring-boot-starter-logging\3.2.0\spring-boot-starter-logging-3.2.0.jar;C:\Users\santi\.m2\repository\ch\qos\logback\logback-classic\1.4.11\logback-classic-1.4.11.jar;C:\Users\santi\.m2\repository\ch\qos\logback\logback-core\1.4.11\logback-core-1.4.11.jar;C:\Users\santi\.m2\repository\org\apache\logging\log4j\log4j-to-slf4j\2.21.1\log4j-to-slf4j-2.21.1.jar;C:\Users\santi\.m2\repository\org\slf4j\jul-to-slf4j\2.0.9\jul-to-slf4j-2.0.9.jar;C:\Users\santi\.m2\repository\org\yaml\snakeyaml\2.2\snakeyaml-2.2.jar;C:\Users\santi\.m2\repository\org\thymeleaf\thymeleaf-spring6\3.1.2.RELEASE\thymeleaf-spring6-3.1.2.RELEASE.jar;C:\Users\santi\.m2\repository\org\thymeleaf\thymeleaf\3.1.2.RELEASE\thymeleaf-3.1.2.RELEASE.jar;C:\Users\santi\.m2\repository\org\attoparser\attoparser\2.0.7.RELEASE\attoparser-2.0.7.RELEASE.jar;C:\Users\santi\.m2\repository\org\unbescape\unbescape\1.1.6.RELEASE\unbescape-1.1.6.RELEASE.jar;C:\Users\santi\.m2\repository\org\springframework\boot\spring-boot-starter-web\3.2.0\spring-boot-starter-web-3.2.0.jar;C:\Users\santi\.m2\repository\org\springframework\boot\spring-boot-starter-json\3.2.0\spring-boot-starter-json-3.2.0.jar;C:\Users\santi\.m2\repository\com\fasterxml\jackson\core\jackson-databind\2.15.3\jackson-databind-2.15.3.jar;C:\Users\santi\.m2\repository\com\fasterxml\jackson\core\jackson-annotations\2.15.3\jackson-annotations-2.15.3.jar;C:\Users\santi\.m2\repository\com\fasterxml\jackson\core\jackson-core\2.15.3\jackson-core-2.15.3.jar;C:\Users\santi\.m2\repository\com\fasterxml\jackson\datatype\jackson-datatype-jdk8\2.15.3\jackson-datatype-jdk8-2.15.3.jar;C:\Users\santi\.m2\repository\com\fasterxml\jackson\datatype\jackson-datatype-jsr310\2.15.3\jackson-datatype-jsr310-2.15.3.jar;C:\Users\santi\.m2\repository\com\fasterxml\jackson\module\jackson-module-parameter-names\2.15.3\jackson-module-parameter-names-2.15.3.jar;C:\Users\santi\.m2\repository\org\springframework\boot\spring-boot-starter-tomcat\3.2.0\spring-boot-starter-tomcat-3.2.0.jar;C:\Users\santi\.m2\repository\org\apache\tomcat\embed\tomcat-embed-core\10.1.16\tomcat-embed-core-10.1.16.jar;C:\Users\santi\.m2\repository\org\apache\tomcat\embed\tomcat-embed-websocket\10.1.16\tomcat-embed-websocket-10.1.16.jar;C:\Users\santi\.m2\repository\org\springframework\spring-web\6.1.1\spring-web-6.1.1.jar;C:\Users\santi\.m2\repository\io\micrometer\micrometer-observation\1.12.0\micrometer-observation-1.12.0.jar;C:\Users\santi\.m2\repository\io\micrometer\micrometer-commons\1.12.0\micrometer-commons-1.12.0.jar;C:\Users\santi\.m2\repository\org\springframework\spring-webmvc\6.1.1\spring-webmvc-6.1.1.jar;C:\Users\santi\.m2\repository\org\springframework\spring-expression\6.1.1\spring-expression-6.1.1.jar;C:\Users\santi\.m2\repository\org\springframework\boot\spring-boot-starter-validation\3.2.0\spring-boot-starter-validation-3.2.0.jar;C:\Users\santi\.m2\repository\org\apache\tomcat\embed\tomcat-embed-el\10.1.16\tomcat-embed-el-10.1.16.jar;C:\Users\santi\.m2\repository\org\hibernate\validator\hibernate-validator\8.0.1.Final\hibernate-validator-8.0.1.Final.jar;C:\Users\santi\.m2\repository\jakarta\validation\jakarta.validation-api\3.0.2\jakarta.validation-api-3.0.2.jar;C:\Users\santi\.m2\repository\org\springframework\boot\spring-boot-devtools\3.2.0\spring-boot-devtools-3.2.0.jar;C:\Users\santi\.m2\repository\org\springframework\boot\spring-boot\3.2.0\spring-boot-3.2.0.jar;C:\Users\santi\.m2\repository\org\springframework\boot\spring-boot-autoconfigure\3.2.0\spring-boot-autoconfigure-3.2.0.jar;C:\Users\santi\.m2\repository\com\mysql\mysql-connector-j\8.1.0\mysql-connector-j-8.1.0.jar;C:\Users\santi\.m2\repository\org\projectlombok\lombok\1.18.30\lombok-1.18.30.jar;C:\Users\santi\.m2\repository\jakarta\xml\bind\jakarta.xml.bind-api\4.0.1\jakarta.xml.bind-api-4.0.1.jar;C:\Users\santi\.m2\repository\jakarta\activation\jakarta.activation-api\2.1.2\jakarta.activation-api-2.1.2.jar;C:\Users\santi\.m2\repository\org\springframework\spring-core\6.1.1\spring-core-6.1.1.jar;C:\Users\santi\.m2\repository\org\springframework\spring-jcl\6.1.1\spring-jcl-6.1.1.jar;C:\Users\santi\.m2\repository\org\modelmapper\modelmapper\3.1.1\modelmapper-3.1.1.jar;C:\Users\santi\.m2\repository\org\springframework\boot\spring-boot-starter-security\3.2.0\spring-boot-starter-security-3.2.0.jar;C:\Users\santi\.m2\repository\org\springframework\spring-aop\6.1.1\spring-aop-6.1.1.jar;C:\Users\santi\.m2\repository\org\springframework\security\spring-security-config\6.2.0\spring-security-config-6.2.0.jar;C:\Users\santi\.m2\repository\org\springframework\security\spring-security-core\6.2.0\spring-security-core-6.2.0.jar;C:\Users\santi\.m2\repository\org\springframework\security\spring-security-crypto\6.2.0\spring-security-crypto-6.2.0.jar;C:\Users\santi\.m2\repository\org\springframework\security\spring-security-web\6.2.0\spring-security-web-6.2.0.jar;C:\Users\santi\.m2\repository\org\thymeleaf\extras\thymeleaf-extras-springsecurity6\3.1.2.RELEASE\thymeleaf-extras-springsecurity6-3.1.2.RELEASE.jar;C:\Users\santi\.m2\repository\org\slf4j\slf4j-api\2.0.9\slf4j-api-2.0.9.jar;C:\Users\santi\.m2\repository\org\apache\poi\poi\5.2.4\poi-5.2.4.jar;C:\Users\santi\.m2\repository\commons-codec\commons-codec\1.16.0\commons-codec-1.16.0.jar;C:\Users\santi\.m2\repository\org\apache\commons\commons-collections4\4.4\commons-collections4-4.4.jar;C:\Users\santi\.m2\repository\org\apache\commons\commons-math3\3.6.1\commons-math3-3.6.1.jar;C:\Users\santi\.m2\repository\commons-io\commons-io\2.13.0\commons-io-2.13.0.jar;C:\Users\santi\.m2\repository\com\zaxxer\SparseBitSet\1.3\SparseBitSet-1.3.jar;C:\Users\santi\.m2\repository\org\apache\logging\log4j\log4j-api\2.21.1\log4j-api-2.21.1.jar;C:\Users\santi\.m2\repository\org\apache\poi\poi-ooxml\5.2.4\poi-ooxml-5.2.4.jar;C:\Users\santi\.m2\repository\org\apache\poi\poi-ooxml-lite\5.2.4\poi-ooxml-lite-5.2.4.jar;C:\Users\santi\.m2\repository\org\apache\xmlbeans\xmlbeans\5.1.1\xmlbeans-5.1.1.jar;C:\Users\santi\.m2\repository\org\apache\commons\commons-compress\1.24.0\commons-compress-1.24.0.jar;C:\Users\santi\.m2\repository\com\github\virtuald\curvesapi\1.08\curvesapi-1.08.jar
Launcher Type: SUN_STANDARD

[Global flags]
     intx CICompilerCount                          = 2                                         {product} {ergonomic}
     uint ConcGCThreads                            = 1                                         {product} {ergonomic}
     uint G1ConcRefinementThreads                  = 2                                         {product} {ergonomic}
   size_t G1HeapRegionSize                         = 1048576                                   {product} {ergonomic}
   size_t InitialHeapSize                          = 58720256                                  {product} {ergonomic}
   size_t MarkStackSize                            = 4194304                                   {product} {ergonomic}
   size_t MarkStackSizeMax                         = 536870912                                 {product} {ergonomic}
   size_t MaxHeapSize                              = 924844032                                 {product} {ergonomic}
   size_t MaxNewSize                               = 554696704                                 {product} {ergonomic}
   size_t MinHeapDeltaBytes                        = 1048576                                   {product} {ergonomic}
   size_t MinHeapSize                              = 8388608                                   {product} {ergonomic}
    uintx NonNMethodCodeHeapSize                   = 5767168                                {pd product} {ergonomic}
    uintx NonProfiledCodeHeapSize                  = 123011072                              {pd product} {ergonomic}
    uintx ProfiledCodeHeapSize                     = 122880000                              {pd product} {ergonomic}
    uintx ReservedCodeCacheSize                    = 251658240                              {pd product} {ergonomic}
     bool SegmentedCodeCache                       = true                                      {product} {ergonomic}
   size_t SoftMaxHeapSize                          = 924844032                              {manageable} {ergonomic}
     bool UseCompressedOops                        = true                           {product lp64_product} {ergonomic}
     bool UseG1GC                                  = true                                      {product} {ergonomic}
     bool UseLargePagesIndividualAllocation        = false                                  {pd product} {ergonomic}

Logging:
Log output configuration:
 #0: stdout all=warning uptime,level,tags foldmultilines=false
 #1: stderr all=off uptime,level,tags foldmultilines=false

Environment Variables:
JAVA_HOME=C:\Program Files\Eclipse Adoptium\jdk-17.0.16.8-hotspot
PATH=C:\Program Files\Eclipse Adoptium\jdk-17.0.16.8-hotspot\bin;C:\WINDOWS\system32;C:\WINDOWS;C:\WINDOWS\System32\Wbem;C:\WINDOWS\System32\WindowsPowerShell\v1.0\;C:\WINDOWS\System32\OpenSSH\;C:\Windows\system32;C:\Windows;C:\Windows\System32\Wbem;C:\Program Files\HP\HP One Agent;C:\Program Files\Git\cmd;C:\WINDOWS\system32;C:\WINDOWS;C:\WINDOWS\System32\Wbem;C:\WINDOWS\System32\WindowsPowerShell\v1.0\;C:\WINDOWS\System32\OpenSSH\;C:\xampp\php;C:\composer;C:\Program Files\nodejs\;C:\Users\santi\OneDrive\Desktop\RR\apache-maven-3.9.11\bin;C:\flutter\bin;\bin;C:\Program Files\Eclipse Adoptium\jdk-17.0.16.8-hotspot\bin;C:\WINDOWS\system32;C:\WINDOWS;C:\WINDOWS\System32\Wbem;C:\WINDOWS\System32\WindowsPowerShell\v1.0\;C:\WINDOWS\System32\OpenSSH\;C:\Windows\system32;C:\Windows;C:\Windows\System32\Wbem;C:\Program Files\HP\HP One Agent;C:\Program Files\Git\cmd;C:\WINDOWS\system32;C:\WINDOWS;C:\WINDOWS\System32\Wbem;C:\WINDOWS\System32\WindowsPowerShell\v1.0\;C:\WINDOWS\System32\OpenSSH\;C:\xampp\php;C:\composer;C:\Program Files\nodejs\;C:\Users\santi\OneDrive\Desktop\RR\apache-maven-3.9.11\bin;C:\flutter\bin;C:\Users\santi\AppData\Local\Programs\Python\Python39\Scripts\;C:\Users\santi\AppData\Local\Programs\Python\Python39\;C:\Users\santi\AppData\Local\Microsoft\WindowsApps;C:\Users\santi\AppData\Local\GitHubDesktop\bin;C:\Users\santi\AppData\Local\Programs\Microsoft VS Code\bin;C:\Program Files\MongoDB\Server\8.0\bin;C:\Program Files\MongoDB\mongosh-2.5.6-win32-x64\bin;C:\Users\santi\AppData\Roaming\Composer\vendor\bin;C:\Users\santi\AppData\Roaming\npm;C:\flutt
USERNAME=santi
OS=Windows_NT
PROCESSOR_IDENTIFIER=AMD64 Family 23 Model 24 Stepping 1, AuthenticAMD
TMP=C:\Users\santi\AppData\Local\Temp
TEMP=C:\Users\santi\AppData\Local\Temp




Periodic native trim disabled

---------------  S Y S T E M  ---------------

OS:
 Windows 11 , 64 bit Build 26100 (10.0.26100.7019)
OS uptime: 1 days 7:10 hours

CPU: total 2 (initial active 2) (2 cores per cpu, 1 threads per core) family 23 model 24 stepping 1 microcode 0x8108109, cx8, cmov, fxsr, mmx, 3dnowpref, sse, sse2, sse3, ssse3, sse4a, sse4.1, sse4.2, popcnt, lzcnt, tsc, tscinvbit, avx, avx2, aes, clmul, bmi1, bmi2, adx, sha, fma, vzeroupper, clflush, clflushopt, rdtscp, f16c
Processor Information for the first 2 processors :
  Max Mhz: 2300, Current Mhz: 2300, Mhz Limit: 2300

Memory: 4k page, system-wide physical 3526M (136M free)
TotalPageFile size 14278M (AvailPageFile size 0M)
current process WorkingSet (physical memory assigned to process): 106M, peak: 106M
current process commit charge ("private bytes"): 176M, peak: 177M

vm_info: OpenJDK 64-Bit Server VM (23.0.1+11-39) for windows-amd64 JRE (23.0.1+11-39), built on 2024-09-30T07:20:43Z with MS VC++ 17.6 (VS2022)

END.
