#
# There is insufficient memory for the Java Runtime Environment to continue.
# Native memory allocation (mmap) failed to map 536870912 bytes. Error detail: G1 virtual space
# Possible reasons:
#   The system is out of physical RAM or swap space
#   This process is running with CompressedOops enabled, and the Java Heap may be blocking the growth of the native heap
# Possible solutions:
#   Reduce memory load on the system
#   Increase physical memory or swap space
#   Check if swap backing store is full
#   Decrease Java heap size (-Xmx/-Xms)
#   Decrease number of Java threads
#   Decrease Java thread stack sizes (-Xss)
#   Set larger code cache with -XX:ReservedCodeCacheSize=
#   JVM is running with Unscaled Compressed Oops mode in which the Java heap is
#     placed in the first 4GB address space. The Java Heap base address is the
#     maximum limit for the native heap growth. Please use -XX:HeapBaseMinAddress
#     to set the Java Heap base and to place the Java Heap above 4GB virtual address.
# This output file may be truncated or incomplete.
#
#  Out of Memory Error (os_windows.cpp:3618), pid=9640, tid=18608
#
# JRE version:  (17.0.16+8) (build )
# Java VM: OpenJDK 64-Bit Server VM (17.0.16+8, mixed mode, sharing, tiered, compressed oops, compressed class ptrs, g1 gc, windows-amd64)
# No core dump will be written. Minidumps are not enabled by default on client versions of Windows
#

---------------  S U M M A R Y ------------

Command Line: -Xms512m -Xmx1024m -XX:+UseG1GC -XX:MaxGCPauseMillis=200 -XX:+DisableExplicitGC --enable-native-access=ALL-UNNAMED -Dclassworlds.conf=C:\Users\santi\.m2\wrapper\dists\apache-maven-3.9.11\03d7e36a140982eea48e22c1dcac01d8862b2550b2939e09a0809bbc5182a5bc\bin\m2.conf -Dmaven.home=C:\Users\santi\.m2\wrapper\dists\apache-maven-3.9.11\03d7e36a140982eea48e22c1dcac01d8862b2550b2939e09a0809bbc5182a5bc -Dlibrary.jansi.path=C:\Users\santi\.m2\wrapper\dists\apache-maven-3.9.11\03d7e36a140982eea48e22c1dcac01d8862b2550b2939e09a0809bbc5182a5bc\lib\jansi-native -Dmaven.multiModuleProjectDirectory=c:\Users\santi\OneDrive\Documents\exe org.codehaus.plexus.classworlds.launcher.Launcher spring-boot:run

Host: AMD Athlon Silver 3050U with Radeon Graphics   , 2 cores, 3G,  Windows 11 , 64 bit Build 26100 (10.0.26100.7019)
Time: Wed Nov 19 01:40:33 2025 Hora est. Pacífico, Sudamérica elapsed time: 0.026114 seconds (0d 0h 0m 0s)

---------------  T H R E A D  ---------------

Current thread (0x000001f47c8fe180):  JavaThread "Unknown thread" [_thread_in_vm, id=18608, stack(0x000000c33a500000,0x000000c33a600000)]

Stack: [0x000000c33a500000,0x000000c33a600000]
Native frames: (J=compiled Java code, j=interpreted, Vv=VM code, C=native code)
V  [jvm.dll+0x683169]
V  [jvm.dll+0x839ac8]
V  [jvm.dll+0x83b573]
V  [jvm.dll+0x83bbe3]
V  [jvm.dll+0x2473ff]
V  [jvm.dll+0x67ff49]
V  [jvm.dll+0x674e3a]
V  [jvm.dll+0x304ea6]
V  [jvm.dll+0x30c366]
V  [jvm.dll+0x35deee]
V  [jvm.dll+0x35e12d]
V  [jvm.dll+0x2dc26c]
V  [jvm.dll+0x2dd184]
V  [jvm.dll+0x80ba1b]
V  [jvm.dll+0x36b921]
V  [jvm.dll+0x7ea5df]
V  [jvm.dll+0x3f24fe]
V  [jvm.dll+0x3f4031]
C  [jli.dll+0x5278]
C  [ucrtbase.dll+0x37b0]
C  [KERNEL32.DLL+0x2e8d7]
C  [ntdll.dll+0x8c53c]


---------------  P R O C E S S  ---------------

Threads class SMR info:
_java_thread_list=0x00007ffcb3237f58, length=0, elements={
}

Java Threads: ( => current thread )

Other Threads:
  0x000001f47e22aa50 GCTaskThread "GC Thread#0" [stack: 0x000000c33a600000,0x000000c33a700000] [id=16756]
  0x000001f47e2338b0 ConcurrentGCThread "G1 Main Marker" [stack: 0x000000c33a700000,0x000000c33a800000] [id=18000]
  0x000001f47e234eb0 ConcurrentGCThread "G1 Conc#0" [stack: 0x000000c33a800000,0x000000c33a900000] [id=2988]

[error occurred during error reporting (printing all threads), id 0xc0000005, EXCEPTION_ACCESS_VIOLATION (0xc0000005) at pc=0x00007ffcb29ecd97]

VM state: not at safepoint (not fully initialized)

VM Mutex/Monitor currently owned by a thread:  ([mutex/lock_event])
[0x000001f47e1e8d80] Heap_lock - owner thread: 0x000001f47c8fe180

Heap address: 0x00000000c0000000, size: 1024 MB, Compressed Oops mode: 32-bit

CDS archive(s) mapped at: [0x0000000000000000-0x0000000000000000-0x0000000000000000), size 0, SharedBaseAddress: 0x0000000800000000, ArchiveRelocationMode: 1.
Narrow klass base: 0x0000000000000000, Narrow klass shift: 0, Narrow klass range: 0x0

GC Precious Log:
<Empty>

Heap:
 garbage-first heap   total 0K, used 0K [0x00000000c0000000, 0x0000000100000000)
  region size 1024K, 0 young (0K), 0 survivors (0K)

[error occurred during error reporting (printing heap information), id 0xc0000005, EXCEPTION_ACCESS_VIOLATION (0xc0000005) at pc=0x00007ffcb2ddc869]

GC Heap History (0 events):
No events

Dll operation events (1 events):
Event: 0.014 Loaded shared library C:\Program Files\Eclipse Adoptium\jdk-17.0.16.8-hotspot\bin\java.dll

Deoptimization events (0 events):
No events

Classes loaded (0 events):
No events

Classes unloaded (0 events):
No events

Classes redefined (0 events):
No events

Internal exceptions (0 events):
No events

VM Operations (0 events):
No events

Memory protections (0 events):
No events

Nmethod flushes (0 events):
No events

Events (0 events):
No events


Dynamic libraries:
0x00007ff6400a0000 - 0x00007ff6400ae000 	C:\Program Files\Eclipse Adoptium\jdk-17.0.16.8-hotspot\bin\java.exe
0x00007ffd4c880000 - 0x00007ffd4cae8000 	C:\WINDOWS\SYSTEM32\ntdll.dll
0x00007ffd4b410000 - 0x00007ffd4b4d9000 	C:\WINDOWS\System32\KERNEL32.DLL
0x00007ffd49d60000 - 0x00007ffd4a158000 	C:\WINDOWS\System32\KERNELBASE.dll
0x00007ffd4a160000 - 0x00007ffd4a2ab000 	C:\WINDOWS\System32\ucrtbase.dll
0x00007ffd09f00000 - 0x00007ffd09f17000 	C:\Program Files\Eclipse Adoptium\jdk-17.0.16.8-hotspot\bin\jli.dll
0x00007ffd4c410000 - 0x00007ffd4c5d7000 	C:\WINDOWS\System32\USER32.dll
0x00007ffd49c00000 - 0x00007ffd49c27000 	C:\WINDOWS\System32\win32u.dll
0x00007ffd4c3e0000 - 0x00007ffd4c40b000 	C:\WINDOWS\System32\GDI32.dll
0x00007ffd49c30000 - 0x00007ffd49d5c000 	C:\WINDOWS\System32\gdi32full.dll
0x00007ffd09ee0000 - 0x00007ffd09efe000 	C:\Program Files\Eclipse Adoptium\jdk-17.0.16.8-hotspot\bin\VCRUNTIME140.dll
0x00007ffd4a2b0000 - 0x00007ffd4a353000 	C:\WINDOWS\System32\msvcp_win.dll
0x00007ffd2f120000 - 0x00007ffd2f3b4000 	C:\WINDOWS\WinSxS\amd64_microsoft.windows.common-controls_6595b64144ccf1df_6.0.26100.7019_none_3e06ffa0e335b8a8\COMCTL32.dll
0x00007ffd4c2c0000 - 0x00007ffd4c369000 	C:\WINDOWS\System32\msvcrt.dll
0x00007ffd4a640000 - 0x00007ffd4a671000 	C:\WINDOWS\System32\IMM32.DLL
0x00007ffd16930000 - 0x00007ffd1693c000 	C:\Program Files\Eclipse Adoptium\jdk-17.0.16.8-hotspot\bin\vcruntime140_1.dll
0x00007ffcc3a30000 - 0x00007ffcc3abd000 	C:\Program Files\Eclipse Adoptium\jdk-17.0.16.8-hotspot\bin\msvcp140.dll
0x00007ffcb2700000 - 0x00007ffcb336b000 	C:\Program Files\Eclipse Adoptium\jdk-17.0.16.8-hotspot\bin\server\jvm.dll
0x00007ffd4c5e0000 - 0x00007ffd4c694000 	C:\WINDOWS\System32\ADVAPI32.dll
0x00007ffd4b160000 - 0x00007ffd4b206000 	C:\WINDOWS\System32\sechost.dll
0x00007ffd4b040000 - 0x00007ffd4b158000 	C:\WINDOWS\System32\RPCRT4.dll
0x00007ffd4c6a0000 - 0x00007ffd4c714000 	C:\WINDOWS\System32\WS2_32.dll
0x00007ffd49850000 - 0x00007ffd498ae000 	C:\WINDOWS\SYSTEM32\POWRPROF.dll
0x00007ffd43560000 - 0x00007ffd43595000 	C:\WINDOWS\SYSTEM32\WINMM.dll
0x00007ffd435a0000 - 0x00007ffd435ab000 	C:\WINDOWS\SYSTEM32\VERSION.dll
0x00007ffd49830000 - 0x00007ffd49844000 	C:\WINDOWS\SYSTEM32\UMPDC.dll
0x00007ffd48790000 - 0x00007ffd487ab000 	C:\WINDOWS\SYSTEM32\kernel.appcore.dll
0x00007ffd09ea0000 - 0x00007ffd09eaa000 	C:\Program Files\Eclipse Adoptium\jdk-17.0.16.8-hotspot\bin\jimage.dll
0x00007ffd3c970000 - 0x00007ffd3cbb2000 	C:\WINDOWS\SYSTEM32\DBGHELP.DLL
0x00007ffd4bdf0000 - 0x00007ffd4c17b000 	C:\WINDOWS\System32\combase.dll
0x00007ffd4bcc0000 - 0x00007ffd4bd97000 	C:\WINDOWS\System32\OLEAUT32.dll
0x00007ffd2def0000 - 0x00007ffd2df2c000 	C:\WINDOWS\SYSTEM32\dbgcore.DLL
0x00007ffd49b50000 - 0x00007ffd49bf5000 	C:\WINDOWS\System32\bcryptPrimitives.dll
0x00007ffcfa9b0000 - 0x00007ffcfa9d5000 	C:\Program Files\Eclipse Adoptium\jdk-17.0.16.8-hotspot\bin\java.dll

dbghelp: loaded successfully - version: 4.0.5 - missing functions: none
symbol engine: initialized successfully - sym options: 0x614 - pdb path: .;C:\Program Files\Eclipse Adoptium\jdk-17.0.16.8-hotspot\bin;C:\WINDOWS\SYSTEM32;C:\WINDOWS\WinSxS\amd64_microsoft.windows.common-controls_6595b64144ccf1df_6.0.26100.7019_none_3e06ffa0e335b8a8;C:\Program Files\Eclipse Adoptium\jdk-17.0.16.8-hotspot\bin\server

VM Arguments:
jvm_args: -Xms512m -Xmx1024m -XX:+UseG1GC -XX:MaxGCPauseMillis=200 -XX:+DisableExplicitGC --enable-native-access=ALL-UNNAMED -Dclassworlds.conf=C:\Users\santi\.m2\wrapper\dists\apache-maven-3.9.11\03d7e36a140982eea48e22c1dcac01d8862b2550b2939e09a0809bbc5182a5bc\bin\m2.conf -Dmaven.home=C:\Users\santi\.m2\wrapper\dists\apache-maven-3.9.11\03d7e36a140982eea48e22c1dcac01d8862b2550b2939e09a0809bbc5182a5bc -Dlibrary.jansi.path=C:\Users\santi\.m2\wrapper\dists\apache-maven-3.9.11\03d7e36a140982eea48e22c1dcac01d8862b2550b2939e09a0809bbc5182a5bc\lib\jansi-native -Dmaven.multiModuleProjectDirectory=c:\Users\santi\OneDrive\Documents\exe 
java_command: org.codehaus.plexus.classworlds.launcher.Launcher spring-boot:run
java_class_path (initial): C:\Users\santi\.m2\wrapper\dists\apache-maven-3.9.11\03d7e36a140982eea48e22c1dcac01d8862b2550b2939e09a0809bbc5182a5bc\boot\plexus-classworlds-2.9.0.jar
Launcher Type: SUN_STANDARD

[Global flags]
     intx CICompilerCount                          = 2                                         {product} {ergonomic}
     uint ConcGCThreads                            = 1                                         {product} {ergonomic}
     bool DisableExplicitGC                        = true                                      {product} {command line}
     uint G1ConcRefinementThreads                  = 2                                         {product} {ergonomic}
   size_t G1HeapRegionSize                         = 1048576                                   {product} {ergonomic}
    uintx GCDrainStackTargetSize                   = 64                                        {product} {ergonomic}
   size_t InitialHeapSize                          = 536870912                                 {product} {command line}
   size_t MarkStackSize                            = 4194304                                   {product} {ergonomic}
    uintx MaxGCPauseMillis                         = 200                                       {product} {command line}
   size_t MaxHeapSize                              = 1073741824                                {product} {command line}
   size_t MinHeapDeltaBytes                        = 1048576                                   {product} {ergonomic}
   size_t MinHeapSize                              = 536870912                                 {product} {command line}
    uintx NonNMethodCodeHeapSize                   = 5826188                                {pd product} {ergonomic}
    uintx NonProfiledCodeHeapSize                  = 122916026                              {pd product} {ergonomic}
    uintx ProfiledCodeHeapSize                     = 122916026                              {pd product} {ergonomic}
    uintx ReservedCodeCacheSize                    = 251658240                              {pd product} {ergonomic}
     bool SegmentedCodeCache                       = true                                      {product} {ergonomic}
   size_t SoftMaxHeapSize                          = 1073741824                             {manageable} {ergonomic}
     bool UseCompressedClassPointers               = true                           {product lp64_product} {ergonomic}
     bool UseCompressedOops                        = true                           {product lp64_product} {ergonomic}
     bool UseG1GC                                  = true                                      {product} {command line}
     bool UseLargePagesIndividualAllocation        = false                                  {pd product} {ergonomic}

Logging:
Log output configuration:
 #0: stdout all=warning uptime,level,tags
 #1: stderr all=off uptime,level,tags

Environment Variables:
JAVA_HOME=C:\Program Files\Eclipse Adoptium\jdk-17.0.16.8-hotspot
PATH=C:\Program Files\Eclipse Adoptium\jdk-17.0.16.8-hotspot\bin;C:\WINDOWS\system32;C:\WINDOWS;C:\WINDOWS\System32\Wbem;C:\WINDOWS\System32\WindowsPowerShell\v1.0\;C:\WINDOWS\System32\OpenSSH\;C:\Windows\system32;C:\Windows;C:\Windows\System32\Wbem;C:\Program Files\HP\HP One Agent;C:\Program Files\Git\cmd;C:\WINDOWS\system32;C:\WINDOWS;C:\WINDOWS\System32\Wbem;C:\WINDOWS\System32\WindowsPowerShell\v1.0\;C:\WINDOWS\System32\OpenSSH\;C:\xampp\php;C:\composer;C:\Program Files\nodejs\;C:\Users\santi\OneDrive\Desktop\RR\apache-maven-3.9.11\bin;C:\flutter\bin;\bin;C:\Program Files\Eclipse Adoptium\jdk-17.0.16.8-hotspot\bin;C:\WINDOWS\system32;C:\WINDOWS;C:\WINDOWS\System32\Wbem;C:\WINDOWS\System32\WindowsPowerShell\v1.0\;C:\WINDOWS\System32\OpenSSH\;C:\Windows\system32;C:\Windows;C:\Windows\System32\Wbem;C:\Program Files\HP\HP One Agent;C:\Program Files\Git\cmd;C:\WINDOWS\system32;C:\WINDOWS;C:\WINDOWS\System32\Wbem;C:\WINDOWS\System32\WindowsPowerShell\v1.0\;C:\WINDOWS\System32\OpenSSH\;C:\xampp\php;C:\composer;C:\Program Files\nodejs\;C:\Users\santi\OneDrive\Desktop\RR\apache-maven-3.9.11\bin;C:\flutter\bin;C:\Users\santi\AppData\Local\Programs\Python\Python39\Scripts\;C:\Users\santi\AppData\Local\Programs\Python\Python39\;C:\Users\santi\AppData\Local\Microsoft\WindowsApps;C:\Users\santi\AppData\Local\GitHubDesktop\bin;C:\Users\santi\AppData\Local\Programs\Microsoft VS Code\bin;C:\Program Files\MongoDB\Server\8.0\bin;C:\Program Files\MongoDB\mongosh-2.5.6-win32-x64\bin;C:\Users\santi\AppData\Roaming\Composer\vendor\bin;C:\Users\santi\AppData\Roaming\npm;C:\flutt
USERNAME=santi
OS=Windows_NT
PROCESSOR_IDENTIFIER=AMD64 Family 23 Model 24 Stepping 1, AuthenticAMD
TMP=C:\Users\santi\AppData\Local\Temp
TEMP=C:\Users\santi\AppData\Local\Temp



Periodic native trim disabled


---------------  S Y S T E M  ---------------

OS:
 Windows 11 , 64 bit Build 26100 (10.0.26100.7019)
OS uptime: 1 days 6:12 hours

CPU: total 2 (initial active 2) (2 cores per cpu, 1 threads per core) family 23 model 24 stepping 1 microcode 0x8108109, cx8, cmov, fxsr, mmx, 3dnowpref, sse, sse2, sse3, ssse3, sse4a, sse4.1, sse4.2, popcnt, lzcnt, tsc, tscinvbit, avx, avx2, aes, clmul, bmi1, bmi2, adx, sha, fma, vzeroupper, clflush, clflushopt
Processor Information for all 2 processors :
  Max Mhz: 2300, Current Mhz: 2300, Mhz Limit: 2300

Memory: 4k page, system-wide physical 3526M (360M free)
TotalPageFile size 14151M (AvailPageFile size 240M)
current process WorkingSet (physical memory assigned to process): 12M, peak: 12M
current process commit charge ("private bytes"): 47M, peak: 559M

vm_info: OpenJDK 64-Bit Server VM (17.0.16+8) for windows-amd64 JRE (17.0.16+8), built on Jul 16 2025 10:37:56 by "admin" with MS VC++ 17.7 (VS2022)

END.
